---REACTIVATE SCREEN---
---INIT SCREEN---
tartET=0.000 mCurrentET=21.200 Elapsed=21.200 mLapDist=83.425/1613.419
mLapStartET=0.000 mCurrentET=21.400 Elapsed=21.400 mLapDist=86.692/1613.419
mLapStartET=0.000 mCurrentET=21.600 Elapsed=21.600 mLapDist=89.995/1613.419
mLapStartET=0.000 mCurrentET=21.800 Elapsed=21.800 mLapDist=93.270/1613.419
mLapStartET=0.000 mCurrentET=22.000 Elapsed=22.000 mLapDist=96.491/1613.419
mLapStartET=0.000 mCurrentET=22.200 Elapsed=22.200 mLapDist=99.662/1613.419
mLapStartET=0.000 mCurrentET=22.400 Elapsed=22.400 mLapDist=102.723/1613.419
mLapStartET=0.000 mCurrentET=22.600 Elapsed=22.600 mLapDist=105.709/1613.419
mLapStartET=0.000 mCurrentET=22.800 Elapsed=22.800 mLapDist=108.657/1613.419
mLapStartET=0.000 mCurrentET=23.000 Elapsed=23.000 mLapDist=111.495/1613.419
mLapStartET=0.000 mCurrentET=23.200 Elapsed=23.200 mLapDist=114.304/1613.419
mLapStartET=0.000 mCurrentET=23.400 Elapsed=23.400 mLapDist=117.001/1613.419
mLapStartET=0.000 mCurrentET=23.600 Elapsed=23.600 mLapDist=119.736/1613.419
mLapStartET=0.000 mCurrentET=23.800 Elapsed=23.800 mLapDist=122.514/1613.419
mLapStartET=0.000 mCurrentET=24.000 Elapsed=24.000 mLapDist=125.416/1613.419
mLapStartET=0.000 mCurrentET=24.200 Elapsed=24.200 mLapDist=128.518/1613.419
mLapStartET=0.000 mCurrentET=24.400 Elapsed=24.400 mLapDist=131.722/1613.419
mLapStartET=0.000 mCurrentET=24.600 Elapsed=24.600 mLapDist=135.091/1613.419
mLapStartET=0.000 mCurrentET=24.800 Elapsed=24.800 mLapDist=138.694/1613.419
mLapStartET=0.000 mCurrentET=25.000 Elapsed=25.000 mLapDist=142.420/1613.419
mLapStartET=0.000 mCurrentET=25.200 Elapsed=25.200 mLapDist=146.323/1613.419
mLapStartET=0.000 mCurrentET=25.400 Elapsed=25.400 mLapDist=150.417/1613.419
mLapStartET=0.000 mCurrentET=25.600 Elapsed=25.600 mLapDist=154.775/1613.419
mLapStartET=0.000 mCurrentET=25.800 Elapsed=25.800 mLapDist=159.312/1613.419
mLapStartET=0.000 mCurrentET=26.000 Elapsed=26.000 mLapDist=164.113/1613.419
mLapStartET=0.000 mCurrentET=26.200 Elapsed=26.200 mLapDist=169.061/1613.419
mLapStartET=0.000 mCurrentET=26.400 Elapsed=26.400 mLapDist=174.304/1613.419
mLapStartET=0.000 mCurrentET=26.600 Elapsed=26.600 mLapDist=179.774/1613.419
mLapStartET=0.000 mCurrentET=26.800 Elapsed=26.800 mLapDist=185.571/1613.419
mLapStartET=0.000 mCurrentET=27.000 Elapsed=27.000 mLapDist=191.629/1613.419
mLapStartET=0.000 mCurrentET=27.200 Elapsed=27.200 mLapDist=197.931/1613.419
mLapStartET=0.000 mCurrentET=27.400 Elapsed=27.400 mLapDist=204.361/1613.419
mLapStartET=0.000 mCurrentET=27.600 Elapsed=27.600 mLapDist=210.982/1613.419
mLapStartET=0.000 mCurrentET=27.800 Elapsed=27.800 mLapDist=217.828/1613.419
mLapStartET=0.000 mCurrentET=28.000 Elapsed=28.000 mLapDist=224.791/1613.419
mLapStartET=0.000 mCurrentET=28.200 Elapsed=28.200 mLapDist=231.678/1613.419
mLapStartET=0.000 mCurrentET=28.400 Elapsed=28.400 mLapDist=238.179/1613.419
mLapStartET=0.000 mCurrentET=28.600 Elapsed=28.600 mLapDist=244.226/1613.419
mLapStartET=0.000 mCurrentET=28.800 Elapsed=28.800 mLapDist=249.914/1613.419
mLapStartET=0.000 mCurrentET=29.000 Elapsed=29.000 mLapDist=255.244/1613.419
mLapStartET=0.000 mCurrentET=29.200 Elapsed=29.200 mLapDist=261.250/1613.419
mLapStartET=0.000 mCurrentET=29.400 Elapsed=29.400 mLapDist=265.548/1613.419
mLapStartET=0.000 mCurrentET=29.600 Elapsed=29.600 mLapDist=269.747/1613.419
mLapStartET=0.000 mCurrentET=29.800 Elapsed=29.800 mLapDist=273.663/1613.419
mLapStartET=0.000 mCurrentET=30.000 Elapsed=30.000 mLapDist=277.369/1613.419
mLapStartET=0.000 mCurrentET=30.200 Elapsed=30.200 mLapDist=281.117/1613.419
mLapStartET=0.000 mCurrentET=30.400 Elapsed=30.400 mLapDist=285.049/1613.419
mLapStartET=0.000 mCurrentET=30.600 Elapsed=30.600 mLapDist=289.242/1613.419
mLapStartET=0.000 mCurrentET=30.800 Elapsed=30.800 mLapDist=293.739/1613.419
mLapStartET=0.000 mCurrentET=31.000 Elapsed=31.000 mLapDist=298.498/1613.419
mLapStartET=0.000 mCurrentET=31.200 Elapsed=31.200 mLapDist=303.212/1613.419
mLapStartET=0.000 mCurrentET=31.400 Elapsed=31.400 mLapDist=306.678/1613.419
mLapStartET=0.000 mCurrentET=31.600 Elapsed=31.600 mLapDist=311.016/1613.419
mLapStartET=0.000 mCurrentET=31.800 Elapsed=31.800 mLapDist=315.012/1613.419
mLapStartET=0.000 mCurrentET=32.000 Elapsed=32.000 mLapDist=318.580/1613.419
mLapStartET=0.000 mCurrentET=32.200 Elapsed=32.200 mLapDist=321.318/1613.419
mLapStartET=0.000 mCurrentET=32.400 Elapsed=32.400 mLapDist=324.281/1613.419
mLapStartET=0.000 mCurrentET=32.600 Elapsed=32.600 mLapDist=326.914/1613.419
mLapStartET=0.000 mCurrentET=32.800 Elapsed=32.800 mLapDist=329.490/1613.419
mLapStartET=0.000 mCurrentET=33.000 Elapsed=33.000 mLapDist=332.090/1613.419
mLapStartET=0.000 mCurrentET=33.200 Elapsed=33.200 mLapDist=334.659/1613.419
mLapStartET=0.000 mCurrentET=33.400 Elapsed=33.400 mLapDist=337.432/1613.419
mLapStartET=0.000 mCurrentET=33.600 Elapsed=33.600 mLapDist=340.322/1613.419
mLapStartET=0.000 mCurrentET=33.800 Elapsed=33.800 mLapDist=343.480/1613.419
mLapStartET=0.000 mCurrentET=34.000 Elapsed=34.000 mLapDist=346.998/1613.419
mLapStartET=0.000 mCurrentET=34.200 Elapsed=34.200 mLapDist=350.735/1613.419
mLapStartET=0.000 mCurrentET=34.400 Elapsed=34.400 mLapDist=354.753/1613.419
mLapStartET=0.000 mCurrentET=34.600 Elapsed=34.600 mLapDist=359.059/1613.419
mLapStartET=0.000 mCurrentET=34.800 Elapsed=34.800 mLapDist=363.652/1613.419
mLapStartET=0.000 mCurrentET=35.000 Elapsed=35.000 mLapDist=368.538/1613.419
mLapStartET=0.000 mCurrentET=35.200 Elapsed=35.200 mLapDist=373.710/1613.419
mLapStartET=0.000 mCurrentET=35.400 Elapsed=35.400 mLapDist=379.150/1613.419
mLapStartET=0.000 mCurrentET=35.600 Elapsed=35.600 mLapDist=384.829/1613.419
mLapStartET=0.000 mCurrentET=35.800 Elapsed=35.800 mLapDist=390.716/1613.419
mLapStartET=0.000 mCurrentET=36.000 Elapsed=36.000 mLapDist=396.812/1613.419
mLapStartET=0.000 mCurrentET=36.200 Elapsed=36.200 mLapDist=403.316/1613.419
mLapStartET=0.000 mCurrentET=36.400 Elapsed=36.400 mLapDist=410.062/1613.419
mLapStartET=0.000 mCurrentET=36.600 Elapsed=36.600 mLapDist=416.943/1613.419
mLapStartET=0.000 mCurrentET=36.800 Elapsed=36.800 mLapDist=424.288/1613.419
mLapStartET=0.000 mCurrentET=37.000 Elapsed=37.000 mLapDist=431.397/1613.419
mLapStartET=0.000 mCurrentET=37.200 Elapsed=37.200 mLapDist=438.595/1613.419
mLapStartET=0.000 mCurrentET=37.400 Elapsed=37.400 mLapDist=445.839/1613.419
mLapStartET=0.000 mCurrentET=37.600 Elapsed=37.600 mLapDist=453.505/1613.419
mLapStartET=0.000 mCurrentET=37.800 Elapsed=37.800 mLapDist=461.458/1613.419
mLapStartET=0.000 mCurrentET=38.000 Elapsed=38.000 mLapDist=469.929/1613.419
mLapStartET=0.000 mCurrentET=38.200 Elapsed=38.200 mLapDist=478.559/1613.419
mLapStartET=0.000 mCurrentET=38.400 Elapsed=38.400 mLapDist=486.873/1613.419
mLapStartET=0.000 mCurrentET=38.600 Elapsed=38.600 mLapDist=495.334/1613.419
mLapStartET=0.000 mCurrentET=38.800 Elapsed=38.800 mLapDist=503.690/1613.419
mLapStartET=0.000 mCurrentET=39.000 Elapsed=39.000 mLapDist=512.133/1613.419
mLapStartET=0.000 mCurrentET=39.200 Elapsed=39.200 mLapDist=520.740/1613.419
mLapStartET=0.000 mCurrentET=39.400 Elapsed=39.400 mLapDist=529.498/1613.419
mLapStartET=0.000 mCurrentET=39.600 Elapsed=39.600 mLapDist=538.408/1613.419
mLapStartET=0.000 mCurrentET=39.800 Elapsed=39.800 mLapDist=547.453/1613.419
mLapStartET=0.000 mCurrentET=40.000 Elapsed=40.000 mLapDist=556.624/1613.419
mLapStartET=0.000 mCurrentET=40.200 Elapsed=40.200 mLapDist=565.920/1613.419
mLapStartET=0.000 mCurrentET=40.400 Elapsed=40.400 mLapDist=575.333/1613.419
mLapStartET=0.000 mCurrentET=40.600 Elapsed=40.600 mLapDist=584.866/1613.419
mLapStartET=0.000 mCurrentET=40.800 Elapsed=40.800 mLapDist=594.506/1613.419
mLapStartET=0.000 mCurrentET=41.000 Elapsed=41.000 mLapDist=604.242/1613.419
mLapStartET=0.000 mCurrentET=41.200 Elapsed=41.200 mLapDist=614.083/1613.419
mLapStartET=0.000 mCurrentET=41.400 Elapsed=41.400 mLapDist=624.035/1613.419
mLapStartET=0.000 mCurrentET=41.600 Elapsed=41.600 mLapDist=634.075/1613.419
mLapStartET=0.000 mCurrentET=41.800 Elapsed=41.800 mLapDist=644.172/1613.419
mLapStartET=0.000 mCurrentET=42.000 Elapsed=42.000 mLapDist=654.186/1613.419
mLapStartET=0.000 mCurrentET=42.200 Elapsed=42.200 mLapDist=663.870/1613.419
mLapStartET=0.000 mCurrentET=42.400 Elapsed=42.400 mLapDist=673.084/1613.419
mLapStartET=0.000 mCurrentET=42.600 Elapsed=42.600 mLapDist=681.769/1613.419
mLapStartET=0.000 mCurrentET=42.800 Elapsed=42.800 mLapDist=689.900/1613.419
mLapStartET=0.000 mCurrentET=43.000 Elapsed=43.000 mLapDist=697.443/1613.419
mLapStartET=0.000 mCurrentET=43.200 Elapsed=43.200 mLapDist=704.391/1613.419
mLapStartET=0.000 mCurrentET=43.400 Elapsed=43.400 mLapDist=710.833/1613.419
mLapStartET=0.000 mCurrentET=43.600 Elapsed=43.600 mLapDist=716.957/1613.419
mLapStartET=0.000 mCurrentET=43.800 Elapsed=43.800 mLapDist=723.086/1613.419
mLapStartET=0.000 mCurrentET=44.000 Elapsed=44.000 mLapDist=728.881/1613.419
mLapStartET=0.000 mCurrentET=44.200 Elapsed=44.200 mLapDist=734.507/1613.419
mLapStartET=0.000 mCurrentET=44.400 Elapsed=44.400 mLapDist=739.881/1613.419
mLapStartET=0.000 mCurrentET=44.600 Elapsed=44.600 mLapDist=744.813/1613.419
mLapStartET=0.000 mCurrentET=44.800 Elapsed=44.800 mLapDist=749.302/1613.419
mLapStartET=0.000 mCurrentET=45.000 Elapsed=45.000 mLapDist=753.487/1613.419
mLapStartET=0.000 mCurrentET=45.200 Elapsed=45.200 mLapDist=757.313/1613.419
mLapStartET=0.000 mCurrentET=45.400 Elapsed=45.400 mLapDist=760.822/1613.419
mLapStartET=0.000 mCurrentET=45.600 Elapsed=45.600 mLapDist=764.072/1613.419
mLapStartET=0.000 mCurrentET=45.800 Elapsed=45.800 mLapDist=767.409/1613.419
mLapStartET=0.000 mCurrentET=46.000 Elapsed=46.000 mLapDist=770.499/1613.419
mLapStartET=0.000 mCurrentET=46.200 Elapsed=46.200 mLapDist=773.591/1613.419
mLapStartET=0.000 mCurrentET=46.400 Elapsed=46.400 mLapDist=776.807/1613.419
mLapStartET=0.000 mCurrentET=46.600 Elapsed=46.600 mLapDist=780.074/1613.419
mLapStartET=0.000 mCurrentET=46.800 Elapsed=46.800 mLapDist=783.616/1613.419
mLapStartET=0.000 mCurrentET=47.000 Elapsed=47.000 mLapDist=787.281/1613.419
mLapStartET=0.000 mCurrentET=47.200 Elapsed=47.200 mLapDist=791.366/1613.419
mLapStartET=0.000 mCurrentET=47.400 Elapsed=47.400 mLapDist=795.720/1613.419
mLapStartET=0.000 mCurrentET=47.600 Elapsed=47.600 mLapDist=800.336/1613.419
mLapStartET=0.000 mCurrentET=47.800 Elapsed=47.800 mLapDist=805.202/1613.419
mLapStartET=0.000 mCurrentET=48.000 Elapsed=48.000 mLapDist=810.294/1613.419
mLapStartET=0.000 mCurrentET=48.200 Elapsed=48.200 mLapDist=815.546/1613.419
mLapStartET=0.000 mCurrentET=48.400 Elapsed=48.400 mLapDist=820.856/1613.419
mLapStartET=0.000 mCurrentET=48.600 Elapsed=48.600 mLapDist=826.175/1613.419
mLapStartET=0.000 mCurrentET=48.800 Elapsed=48.800 mLapDist=831.444/1613.419
mLapStartET=0.000 mCurrentET=49.000 Elapsed=49.000 mLapDist=836.612/1613.419
mLapStartET=0.000 mCurrentET=49.200 Elapsed=49.200 mLapDist=841.660/1613.419
mLapStartET=0.000 mCurrentET=49.400 Elapsed=49.400 mLapDist=846.641/1613.419
mLapStartET=0.000 mCurrentET=49.600 Elapsed=49.600 mLapDist=851.759/1613.419
mLapStartET=0.000 mCurrentET=49.800 Elapsed=49.800 mLapDist=857.129/1613.419
mLapStartET=0.000 mCurrentET=50.000 Elapsed=50.000 mLapDist=862.774/1613.419
mLapStartET=0.000 mCurrentET=50.200 Elapsed=50.200 mLapDist=868.673/1613.419
mLapStartET=0.000 mCurrentET=50.400 Elapsed=50.400 mLapDist=874.821/1613.419
mLapStartET=0.000 mCurrentET=50.600 Elapsed=50.600 mLapDist=881.201/1613.419
mLapStartET=0.000 mCurrentET=50.800 Elapsed=50.800 mLapDist=887.793/1613.419
mLapStartET=0.000 mCurrentET=51.000 Elapsed=51.000 mLapDist=894.476/1613.419
mLapStartET=0.000 mCurrentET=51.200 Elapsed=51.200 mLapDist=901.364/1613.419
mLapStartET=0.000 mCurrentET=51.400 Elapsed=51.400 mLapDist=908.185/1613.419
mLapStartET=0.000 mCurrentET=51.600 Elapsed=51.600 mLapDist=914.557/1613.419
mLapStartET=0.000 mCurrentET=51.800 Elapsed=51.800 mLapDist=920.406/1613.419
mLapStartET=0.000 mCurrentET=52.000 Elapsed=52.000 mLapDist=925.758/1613.419
mLapStartET=0.000 mCurrentET=52.200 Elapsed=52.200 mLapDist=930.688/1613.419
mLapStartET=0.000 mCurrentET=52.400 Elapsed=52.400 mLapDist=935.236/1613.419
mLapStartET=0.000 mCurrentET=52.600 Elapsed=52.600 mLapDist=939.493/1613.419
mLapStartET=0.000 mCurrentET=52.800 Elapsed=52.800 mLapDist=943.659/1613.419
mLapStartET=0.000 mCurrentET=53.000 Elapsed=53.000 mLapDist=947.977/1613.419
mLapStartET=0.000 mCurrentET=53.200 Elapsed=53.200 mLapDist=952.129/1613.419
mLapStartET=0.000 mCurrentET=53.400 Elapsed=53.400 mLapDist=957.012/1613.419
mLapStartET=0.000 mCurrentET=53.600 Elapsed=53.600 mLapDist=963.238/1613.419
mLapStartET=0.000 mCurrentET=53.800 Elapsed=53.800 mLapDist=968.185/1613.419
mLapStartET=0.000 mCurrentET=54.000 Elapsed=54.000 mLapDist=971.888/1613.419
mLapStartET=0.000 mCurrentET=54.200 Elapsed=54.200 mLapDist=975.692/1613.419
mLapStartET=0.000 mCurrentET=54.400 Elapsed=54.400 mLapDist=978.777/1613.419
mLapStartET=0.000 mCurrentET=54.600 Elapsed=54.600 mLapDist=981.527/1613.419
mLapStartET=0.000 mCurrentET=54.800 Elapsed=54.800 mLapDist=983.659/1613.419
mLapStartET=0.000 mCurrentET=55.000 Elapsed=55.000 mLapDist=986.023/1613.419
mLapStartET=0.000 mCurrentET=55.200 Elapsed=55.200 mLapDist=987.667/1613.419
mLapStartET=0.000 mCurrentET=55.400 Elapsed=55.400 mLapDist=990.016/1613.419
mLapStartET=0.000 mCurrentET=55.600 Elapsed=55.600 mLapDist=992.417/1613.419
mLapStartET=0.000 mCurrentET=55.800 Elapsed=55.800 mLapDist=994.120/1613.419
mLapStartET=0.000 mCurrentET=56.000 Elapsed=56.000 mLapDist=996.646/1613.419
mLapStartET=0.000 mCurrentET=56.200 Elapsed=56.200 mLapDist=998.687/1613.419
mLapStartET=0.000 mCurrentET=56.400 Elapsed=56.400 mLapDist=1001.506/1613.419
mLapStartET=0.000 mCurrentET=56.600 Elapsed=56.600 mLapDist=1004.046/1613.419
mLapStartET=0.000 mCurrentET=56.800 Elapsed=56.800 mLapDist=1007.323/1613.419
mLapStartET=0.000 mCurrentET=57.000 Elapsed=57.000 mLapDist=1010.626/1613.419
mLapStartET=0.000 mCurrentET=57.200 Elapsed=57.200 mLapDist=1014.384/1613.419
mLapStartET=0.000 mCurrentET=57.400 Elapsed=57.400 mLapDist=1018.466/1613.419
mLapStartET=0.000 mCurrentET=57.600 Elapsed=57.600 mLapDist=1022.861/1613.419
mLapStartET=0.000 mCurrentET=57.800 Elapsed=57.800 mLapDist=1027.544/1613.419
mLapStartET=0.000 mCurrentET=58.000 Elapsed=58.000 mLapDist=1032.517/1613.419
mLapStartET=0.000 mCurrentET=58.200 Elapsed=58.200 mLapDist=1037.759/1613.419
mLapStartET=0.000 mCurrentET=58.400 Elapsed=58.400 mLapDist=1043.277/1613.419
mLapStartET=0.000 mCurrentET=58.600 Elapsed=58.600 mLapDist=1049.067/1613.419
mLapStartET=0.000 mCurrentET=58.800 Elapsed=58.800 mLapDist=1055.117/1613.419
mLapStartET=0.000 mCurrentET=59.000 Elapsed=59.000 mLapDist=1061.417/1613.419
mLapStartET=0.000 mCurrentET=59.200 Elapsed=59.200 mLapDist=1067.956/1613.419
mLapStartET=0.000 mCurrentET=59.400 Elapsed=59.400 mLapDist=1074.653/1613.419
mLapStartET=0.000 mCurrentET=59.600 Elapsed=59.600 mLapDist=1081.388/1613.419
mLapStartET=0.000 mCurrentET=59.800 Elapsed=59.800 mLapDist=1088.168/1613.419
mLapStartET=0.000 mCurrentET=60.000 Elapsed=60.000 mLapDist=1095.136/1613.419
mLapStartET=0.000 mCurrentET=60.200 Elapsed=60.200 mLapDist=1102.313/1613.419
mLapStartET=0.000 mCurrentET=60.400 Elapsed=60.400 mLapDist=1109.689/1613.419
mLapStartET=0.000 mCurrentET=60.600 Elapsed=60.600 mLapDist=1117.241/1613.419
mLapStartET=0.000 mCurrentET=60.800 Elapsed=60.800 mLapDist=1125.119/1613.419
mLapStartET=0.000 mCurrentET=61.000 Elapsed=61.000 mLapDist=1133.033/1613.419
mLapStartET=0.000 mCurrentET=61.200 Elapsed=61.200 mLapDist=1140.465/1613.419
mLapStartET=0.000 mCurrentET=61.400 Elapsed=61.400 mLapDist=1147.449/1613.419
mLapStartET=0.000 mCurrentET=61.600 Elapsed=61.600 mLapDist=1154.037/1613.419
mLapStartET=0.000 mCurrentET=61.800 Elapsed=61.800 mLapDist=1159.505/1613.419
mLapStartET=0.000 mCurrentET=62.000 Elapsed=62.000 mLapDist=1164.341/1613.419
mLapStartET=0.000 mCurrentET=62.200 Elapsed=62.200 mLapDist=1168.742/1613.419
mLapStartET=0.000 mCurrentET=62.400 Elapsed=62.400 mLapDist=1173.016/1613.419
mLapStartET=0.000 mCurrentET=62.600 Elapsed=62.600 mLapDist=1176.948/1613.419
mLapStartET=0.000 mCurrentET=62.800 Elapsed=62.800 mLapDist=1180.757/1613.419
mLapStartET=0.000 mCurrentET=63.000 Elapsed=63.000 mLapDist=1184.700/1613.419
mLapStartET=0.000 mCurrentET=63.200 Elapsed=63.200 mLapDist=1188.877/1613.419
mLapStartET=0.000 mCurrentET=63.400 Elapsed=63.400 mLapDist=1193.386/1613.419
mLapStartET=0.000 mCurrentET=63.600 Elapsed=63.600 mLapDist=1196.639/1613.419
mLapStartET=0.000 mCurrentET=63.800 Elapsed=63.800 mLapDist=1201.479/1613.419
mLapStartET=0.000 mCurrentET=64.000 Elapsed=64.000 mLapDist=1206.290/1613.419
mLapStartET=0.000 mCurrentET=64.200 Elapsed=64.200 mLapDist=1210.590/1613.419
mLapStartET=0.000 mCurrentET=64.400 Elapsed=64.400 mLapDist=1214.403/1613.419
mLapStartET=0.000 mCurrentET=64.600 Elapsed=64.600 mLapDist=1218.031/1613.419
mLapStartET=0.000 mCurrentET=64.800 Elapsed=64.800 mLapDist=1221.318/1613.419
mLapStartET=0.000 mCurrentET=65.000 Elapsed=65.000 mLapDist=1225.005/1613.419
mLapStartET=0.000 mCurrentET=65.200 Elapsed=65.200 mLapDist=1228.788/1613.419
mLapStartET=0.000 mCurrentET=65.400 Elapsed=65.400 mLapDist=1232.798/1613.419
mLapStartET=0.000 mCurrentET=65.600 Elapsed=65.600 mLapDist=1237.072/1613.419
mLapStartET=0.000 mCurrentET=65.800 Elapsed=65.800 mLapDist=1241.648/1613.419
mLapStartET=0.000 mCurrentET=66.000 Elapsed=66.000 mLapDist=1246.513/1613.419
mLapStartET=0.000 mCurrentET=66.200 Elapsed=66.200 mLapDist=1251.666/1613.419
mLapStartET=0.000 mCurrentET=66.400 Elapsed=66.400 mLapDist=1257.110/1613.419
mLapStartET=0.000 mCurrentET=66.600 Elapsed=66.600 mLapDist=1262.836/1613.419
mLapStartET=0.000 mCurrentET=66.800 Elapsed=66.800 mLapDist=1268.835/1613.419
mLapStartET=0.000 mCurrentET=67.000 Elapsed=67.000 mLapDist=1275.089/1613.419
mLapStartET=0.000 mCurrentET=67.200 Elapsed=67.200 mLapDist=1281.479/1613.419
mLapStartET=0.000 mCurrentET=67.400 Elapsed=67.400 mLapDist=1288.112/1613.419
mLapStartET=0.000 mCurrentET=67.600 Elapsed=67.600 mLapDist=1294.978/1613.419
mLapStartET=0.000 mCurrentET=67.800 Elapsed=67.800 mLapDist=1302.065/1613.419
mLapStartET=0.000 mCurrentET=68.000 Elapsed=68.000 mLapDist=1309.349/1613.419
mLapStartET=0.000 mCurrentET=68.200 Elapsed=68.200 mLapDist=1316.832/1613.419
mLapStartET=0.000 mCurrentET=68.400 Elapsed=68.400 mLapDist=1324.469/1613.419
mLapStartET=0.000 mCurrentET=68.600 Elapsed=68.600 mLapDist=1332.292/1613.419
mLapStartET=0.000 mCurrentET=68.800 Elapsed=68.800 mLapDist=1340.101/1613.419
mLapStartET=0.000 mCurrentET=69.000 Elapsed=69.000 mLapDist=1347.490/1613.419
mLapStartET=0.000 mCurrentET=69.200 Elapsed=69.200 mLapDist=1354.429/1613.419
mLapStartET=0.000 mCurrentET=69.400 Elapsed=69.400 mLapDist=1360.951/1613.419
mLapStartET=0.000 mCurrentET=69.600 Elapsed=69.600 mLapDist=1367.224/1613.419
mLapStartET=0.000 mCurrentET=69.800 Elapsed=69.800 mLapDist=1373.554/1613.419
mLapStartET=0.000 mCurrentET=70.000 Elapsed=70.000 mLapDist=1379.891/1613.419
mLapStartET=0.000 mCurrentET=70.200 Elapsed=70.200 mLapDist=1386.268/1613.419
mLapStartET=0.000 mCurrentET=70.400 Elapsed=70.400 mLapDist=1392.925/1613.419
mLapStartET=0.000 mCurrentET=70.600 Elapsed=70.600 mLapDist=1399.504/1613.419
mLapStartET=0.000 mCurrentET=70.800 Elapsed=70.800 mLapDist=1406.154/1613.419
mLapStartET=0.000 mCurrentET=71.000 Elapsed=71.000 mLapDist=1413.048/1613.419
mLapStartET=0.000 mCurrentET=71.200 Elapsed=71.200 mLapDist=1419.594/1613.419
mLapStartET=0.000 mCurrentET=71.400 Elapsed=71.400 mLapDist=1426.035/1613.419
mLapStartET=0.000 mCurrentET=71.600 Elapsed=71.600 mLapDist=1432.344/1613.419
mLapStartET=0.000 mCurrentET=71.800 Elapsed=71.800 mLapDist=1438.534/1613.419
mLapStartET=0.000 mCurrentET=72.000 Elapsed=72.000 mLapDist=1444.523/1613.419
mLapStartET=0.000 mCurrentET=72.200 Elapsed=72.200 mLapDist=1450.413/1613.419
mLapStartET=0.000 mCurrentET=72.400 Elapsed=72.400 mLapDist=1456.216/1613.419
mLapStartET=0.000 mCurrentET=72.600 Elapsed=72.600 mLapDist=1461.986/1613.419
mLapStartET=0.000 mCurrentET=72.800 Elapsed=72.800 mLapDist=1467.740/1613.419
mLapStartET=0.000 mCurrentET=73.000 Elapsed=73.000 mLapDist=1473.917/1613.419
mLapStartET=0.000 mCurrentET=73.200 Elapsed=73.200 mLapDist=1480.342/1613.419
mLapStartET=0.000 mCurrentET=73.400 Elapsed=73.400 mLapDist=1487.021/1613.419
mLapStartET=0.000 mCurrentET=73.600 Elapsed=73.600 mLapDist=1493.914/1613.419
mLapStartET=0.000 mCurrentET=73.800 Elapsed=73.800 mLapDist=1501.031/1613.419
mLapStartET=0.000 mCurrentET=74.000 Elapsed=74.000 mLapDist=1508.347/1613.419
mLapStartET=0.000 mCurrentET=74.200 Elapsed=74.200 mLapDist=1515.876/1613.419
mLapStartET=0.000 mCurrentET=74.400 Elapsed=74.400 mLapDist=1523.599/1613.419
mLapStartET=0.000 mCurrentET=74.600 Elapsed=74.600 mLapDist=1531.509/1613.419
mLapStartET=0.000 mCurrentET=74.800 Elapsed=74.800 mLapDist=1539.585/1613.419
mLapStartET=0.000 mCurrentET=75.000 Elapsed=75.000 mLapDist=1547.832/1613.419
mLapStartET=0.000 mCurrentET=75.200 Elapsed=75.200 mLapDist=1556.239/1613.419
mLapStartET=0.000 mCurrentET=75.400 Elapsed=75.400 mLapDist=1564.714/1613.419
mLapStartET=0.000 mCurrentET=75.600 Elapsed=75.600 mLapDist=1573.310/1613.419
mLapStartET=0.000 mCurrentET=75.800 Elapsed=75.800 mLapDist=1582.059/1613.419
mLapStartET=0.000 mCurrentET=76.000 Elapsed=76.000 mLapDist=1590.955/1613.419
mLapStartET=0.000 mCurrentET=76.200 Elapsed=76.200 mLapDist=1599.994/1613.419
mLapStartET=0.000 mCurrentET=76.400 Elapsed=76.400 mLapDist=1609.176/1613.419
mLapStartET=76.432 mCurrentET=76.600 Elapsed=0.168 mLapDist=5.084/1613.419
New LAP. This one was -1.000
Last lap was the best so far (final time = -1.000, ended = 76.600)
mLapStartET=76.432 mCurrentET=76.800 Elapsed=0.368 mLapDist=14.558/1613.419
mLapStartET=76.432 mCurrentET=77.000 Elapsed=0.568 mLapDist=24.138/1613.419
mLapStartET=76.432 mCurrentET=77.200 Elapsed=0.768 mLapDist=33.835/1613.419
mLapStartET=76.432 mCurrentET=77.400 Elapsed=0.968 mLapDist=43.657/1613.419
mLapStartET=76.432 mCurrentET=77.600 Elapsed=1.168 mLapDist=53.595/1613.419
mLapStartET=76.432 mCurrentET=77.800 Elapsed=1.368 mLapDist=63.626/1613.419
mLapStartET=76.432 mCurrentET=78.000 Elapsed=1.568 mLapDist=73.719/1613.419
mLapStartET=76.432 mCurrentET=78.200 Elapsed=1.768 mLapDist=83.852/1613.419
mLapStartET=76.432 mCurrentET=78.400 Elapsed=1.968 mLapDist=94.033/1613.419
mLapStartET=76.432 mCurrentET=78.600 Elapsed=2.168 mLapDist=104.317/1613.419
mLapStartET=76.432 mCurrentET=78.800 Elapsed=2.368 mLapDist=114.704/1613.419
mLapStartET=76.432 mCurrentET=79.000 Elapsed=2.568 mLapDist=125.190/1613.419
mLapStartET=76.432 mCurrentET=79.200 Elapsed=2.768 mLapDist=135.771/1613.419
mLapStartET=76.432 mCurrentET=79.400 Elapsed=2.968 mLapDist=146.450/1613.419
mLapStartET=76.432 mCurrentET=79.600 Elapsed=3.168 mLapDist=157.216/1613.419
mLapStartET=76.432 mCurrentET=79.800 Elapsed=3.368 mLapDist=167.879/1613.419
mLapStartET=76.432 mCurrentET=80.000 Elapsed=3.568 mLapDist=178.076/1613.419
mLapStartET=76.432 mCurrentET=80.200 Elapsed=3.768 mLapDist=187.673/1613.419
mLapStartET=76.432 mCurrentET=80.400 Elapsed=3.968 mLapDist=196.645/1613.419
mLapStartET=76.432 mCurrentET=80.600 Elapsed=4.168 mLapDist=204.981/1613.419
mLapStartET=76.432 mCurrentET=80.800 Elapsed=4.368 mLapDist=212.774/1613.419
mLapStartET=76.432 mCurrentET=81.000 Elapsed=4.568 mLapDist=220.050/1613.419
mLapStartET=76.432 mCurrentET=81.200 Elapsed=4.768 mLapDist=226.940/1613.419
mLapStartET=76.432 mCurrentET=81.400 Elapsed=4.968 mLapDist=233.464/1613.419
mLapStartET=76.432 mCurrentET=81.600 Elapsed=5.168 mLapDist=239.657/1613.419
mLapStartET=76.432 mCurrentET=81.800 Elapsed=5.368 mLapDist=245.526/1613.419
mLapStartET=76.432 mCurrentET=82.000 Elapsed=5.568 mLapDist=251.115/1613.419
mLapStartET=76.432 mCurrentET=82.200 Elapsed=5.768 mLapDist=256.490/1613.419
mLapStartET=76.432 mCurrentET=82.400 Elapsed=5.968 mLapDist=261.636/1613.419
mLapStartET=76.432 mCurrentET=82.600 Elapsed=6.168 mLapDist=266.482/1613.419
mLapStartET=76.432 mCurrentET=82.800 Elapsed=6.368 mLapDist=271.010/1613.419
mLapStartET=76.432 mCurrentET=83.000 Elapsed=6.568 mLapDist=275.278/1613.419
mLapStartET=76.432 mCurrentET=83.200 Elapsed=6.768 mLapDist=279.263/1613.419
mLapStartET=76.432 mCurrentET=83.400 Elapsed=6.968 mLapDist=283.103/1613.419
mLapStartET=76.432 mCurrentET=83.600 Elapsed=7.168 mLapDist=286.661/1613.419
mLapStartET=76.432 mCurrentET=83.800 Elapsed=7.368 mLapDist=290.810/1613.419
mLapStartET=76.432 mCurrentET=84.000 Elapsed=7.568 mLapDist=295.497/1613.419
mLapStartET=76.432 mCurrentET=84.200 Elapsed=7.768 mLapDist=300.749/1613.419
mLapStartET=76.432 mCurrentET=84.400 Elapsed=7.968 mLapDist=306.159/1613.419
mLapStartET=76.432 mCurrentET=84.600 Elapsed=8.168 mLapDist=311.415/1613.419
mLapStartET=76.432 mCurrentET=84.800 Elapsed=8.368 mLapDist=316.457/1613.419
mLapStartET=76.432 mCurrentET=85.000 Elapsed=8.568 mLapDist=321.030/1613.419
mLapStartET=76.432 mCurrentET=85.200 Elapsed=8.768 mLapDist=324.969/1613.419
mLapStartET=76.432 mCurrentET=85.400 Elapsed=8.968 mLapDist=328.360/1613.419
mLapStartET=76.432 mCurrentET=85.600 Elapsed=9.168 mLapDist=331.566/1613.419
mLapStartET=76.432 mCurrentET=85.800 Elapsed=9.368 mLapDist=334.838/1613.419
mLapStartET=76.432 mCurrentET=86.000 Elapsed=9.568 mLapDist=338.207/1613.419
mLapStartET=76.432 mCurrentET=86.200 Elapsed=9.768 mLapDist=341.926/1613.419
mLapStartET=76.432 mCurrentET=86.400 Elapsed=9.968 mLapDist=345.671/1613.419
mLapStartET=76.432 mCurrentET=86.600 Elapsed=10.168 mLapDist=349.735/1613.419
mLapStartET=76.432 mCurrentET=86.800 Elapsed=10.368 mLapDist=354.104/1613.419
mLapStartET=76.432 mCurrentET=87.000 Elapsed=10.568 mLapDist=358.717/1613.419
mLapStartET=76.432 mCurrentET=87.200 Elapsed=10.768 mLapDist=363.510/1613.419
mLapStartET=76.432 mCurrentET=87.400 Elapsed=10.968 mLapDist=368.263/1613.419
mLapStartET=76.432 mCurrentET=87.600 Elapsed=11.168 mLapDist=372.844/1613.419
mLapStartET=76.432 mCurrentET=87.800 Elapsed=11.368 mLapDist=377.325/1613.419
mLapStartET=76.432 mCurrentET=88.000 Elapsed=11.568 mLapDist=381.858/1613.419
mLapStartET=76.432 mCurrentET=88.200 Elapsed=11.768 mLapDist=386.617/1613.419
mLapStartET=76.432 mCurrentET=88.400 Elapsed=11.968 mLapDist=391.636/1613.419
mLapStartET=76.432 mCurrentET=88.600 Elapsed=12.168 mLapDist=396.953/1613.419
mLapStartET=76.432 mCurrentET=88.800 Elapsed=12.368 mLapDist=402.938/1613.419
mLapStartET=76.432 mCurrentET=89.000 Elapsed=12.568 mLapDist=409.159/1613.419
mLapStartET=76.432 mCurrentET=89.200 Elapsed=12.768 mLapDist=415.673/1613.419
mLapStartET=76.432 mCurrentET=89.400 Elapsed=12.968 mLapDist=422.264/1613.419
mLapStartET=76.432 mCurrentET=89.600 Elapsed=13.168 mLapDist=428.909/1613.419
mLapStartET=76.432 mCurrentET=89.800 Elapsed=13.368 mLapDist=435.268/1613.419
mLapStartET=76.432 mCurrentET=90.000 Elapsed=13.568 mLapDist=441.715/1613.419
mLapStartET=76.432 mCurrentET=90.200 Elapsed=13.768 mLapDist=448.360/1613.419
mLapStartET=76.432 mCurrentET=90.400 Elapsed=13.968 mLapDist=455.417/1613.419
mLapStartET=76.432 mCurrentET=90.600 Elapsed=14.168 mLapDist=463.191/1613.419
mLapStartET=76.432 mCurrentET=90.800 Elapsed=14.368 mLapDist=470.881/1613.419
mLapStartET=76.432 mCurrentET=91.000 Elapsed=14.568 mLapDist=478.980/1613.419
mLapStartET=76.432 mCurrentET=91.200 Elapsed=14.768 mLapDist=486.605/1613.419
mLapStartET=76.432 mCurrentET=91.400 Elapsed=14.968 mLapDist=494.338/1613.419
mLapStartET=76.432 mCurrentET=91.600 Elapsed=15.168 mLapDist=502.038/1613.419
mLapStartET=76.432 mCurrentET=91.800 Elapsed=15.368 mLapDist=509.857/1613.419
mLapStartET=76.432 mCurrentET=92.000 Elapsed=15.568 mLapDist=517.807/1613.419
mLapStartET=76.432 mCurrentET=92.200 Elapsed=15.768 mLapDist=525.917/1613.419
mLapStartET=76.432 mCurrentET=92.400 Elapsed=15.968 mLapDist=534.179/1613.419
mLapStartET=76.432 mCurrentET=92.600 Elapsed=16.168 mLapDist=542.593/1613.419
mLapStartET=76.432 mCurrentET=92.800 Elapsed=16.368 mLapDist=551.151/1613.419
mLapStartET=76.432 mCurrentET=93.000 Elapsed=16.568 mLapDist=559.855/1613.419
mLapStartET=76.432 mCurrentET=93.200 Elapsed=16.768 mLapDist=568.695/1613.419
mLapStartET=76.432 mCurrentET=93.400 Elapsed=16.968 mLapDist=577.675/1613.419
mLapStartET=76.432 mCurrentET=93.600 Elapsed=17.168 mLapDist=586.779/1613.419
mLapStartET=76.432 mCurrentET=93.800 Elapsed=17.368 mLapDist=596.013/1613.419
mLapStartET=76.432 mCurrentET=94.000 Elapsed=17.568 mLapDist=605.356/1613.419
mLapStartET=76.432 mCurrentET=94.200 Elapsed=17.768 mLapDist=614.815/1613.419
mLapStartET=76.432 mCurrentET=94.400 Elapsed=17.968 mLapDist=624.402/1613.419
mLapStartET=76.432 mCurrentET=94.600 Elapsed=18.168 mLapDist=634.104/1613.419
mLapStartET=76.432 mCurrentET=94.800 Elapsed=18.368 mLapDist=643.916/1613.419
mLapStartET=76.432 mCurrentET=95.000 Elapsed=18.568 mLapDist=653.827/1613.419
mLapStartET=76.432 mCurrentET=95.200 Elapsed=18.768 mLapDist=663.556/1613.419
mLapStartET=76.432 mCurrentET=95.400 Elapsed=18.968 mLapDist=672.557/1613.419
mLapStartET=76.432 mCurrentET=95.600 Elapsed=19.168 mLapDist=680.717/1613.419
mLapStartET=76.432 mCurrentET=95.800 Elapsed=19.368 mLapDist=688.067/1613.419
mLapStartET=76.432 mCurrentET=96.000 Elapsed=19.568 mLapDist=694.610/1613.419
mLapStartET=76.432 mCurrentET=96.200 Elapsed=19.768 mLapDist=700.507/1613.419
mLapStartET=76.432 mCurrentET=96.400 Elapsed=19.968 mLapDist=706.167/1613.419
mLapStartET=76.432 mCurrentET=96.600 Elapsed=20.168 mLapDist=711.646/1613.419
mLapStartET=76.432 mCurrentET=96.800 Elapsed=20.368 mLapDist=716.996/1613.419
mLapStartET=76.432 mCurrentET=97.000 Elapsed=20.568 mLapDist=722.236/1613.419
mLapStartET=76.432 mCurrentET=97.200 Elapsed=20.768 mLapDist=727.659/1613.419
mLapStartET=76.432 mCurrentET=97.400 Elapsed=20.968 mLapDist=732.899/1613.419
mLapStartET=76.432 mCurrentET=97.600 Elapsed=21.168 mLapDist=738.199/1613.419
mLapStartET=76.432 mCurrentET=97.800 Elapsed=21.368 mLapDist=743.510/1613.419
mLapStartET=76.432 mCurrentET=98.000 Elapsed=21.568 mLapDist=748.797/1613.419
mLapStartET=76.432 mCurrentET=98.200 Elapsed=21.768 mLapDist=754.071/1613.419
mLapStartET=76.432 mCurrentET=98.400 Elapsed=21.968 mLapDist=759.319/1613.419
mLapStartET=76.432 mCurrentET=98.600 Elapsed=22.168 mLapDist=764.486/1613.419
mLapStartET=76.432 mCurrentET=98.800 Elapsed=22.368 mLapDist=769.536/1613.419
mLapStartET=76.432 mCurrentET=99.000 Elapsed=22.568 mLapDist=774.520/1613.419
mLapStartET=76.432 mCurrentET=99.200 Elapsed=22.768 mLapDist=779.508/1613.419
mLapStartET=76.432 mCurrentET=99.400 Elapsed=22.968 mLapDist=784.585/1613.419
mLapStartET=76.432 mCurrentET=99.600 Elapsed=23.168 mLapDist=789.761/1613.419
mLapStartET=76.432 mCurrentET=99.800 Elapsed=23.368 mLapDist=794.975/1613.419
mLapStartET=76.432 mCurrentET=100.000 Elapsed=23.568 mLapDist=800.225/1613.419
mLapStartET=76.432 mCurrentET=100.200 Elapsed=23.768 mLapDist=805.508/1613.419
mLapStartET=76.432 mCurrentET=100.400 Elapsed=23.968 mLapDist=810.804/1613.419
mLapStartET=76.432 mCurrentET=100.600 Elapsed=24.168 mLapDist=816.114/1613.419
mLapStartET=76.432 mCurrentET=100.800 Elapsed=24.368 mLapDist=821.434/1613.419
mLapStartET=76.432 mCurrentET=101.000 Elapsed=24.568 mLapDist=826.727/1613.419
mLapStartET=76.432 mCurrentET=101.200 Elapsed=24.768 mLapDist=831.985/1613.419
mLapStartET=76.432 mCurrentET=101.400 Elapsed=24.968 mLapDist=837.227/1613.419
mLapStartET=76.432 mCurrentET=101.600 Elapsed=25.168 mLapDist=842.582/1613.419
mLapStartET=76.432 mCurrentET=101.800 Elapsed=25.368 mLapDist=848.286/1613.419
mLapStartET=76.432 mCurrentET=102.000 Elapsed=25.568 mLapDist=854.269/1613.419
mLapStartET=76.432 mCurrentET=102.200 Elapsed=25.768 mLapDist=860.510/1613.419
mLapStartET=76.432 mCurrentET=102.400 Elapsed=25.968 mLapDist=866.975/1613.419
mLapStartET=76.432 mCurrentET=102.600 Elapsed=26.168 mLapDist=873.563/1613.419
mLapStartET=76.432 mCurrentET=102.800 Elapsed=26.368 mLapDist=880.257/1613.419
mLapStartET=76.432 mCurrentET=103.000 Elapsed=26.568 mLapDist=887.146/1613.419
mLapStartET=76.432 mCurrentET=103.200 Elapsed=26.768 mLapDist=894.209/1613.419
mLapStartET=76.432 mCurrentET=103.400 Elapsed=26.968 mLapDist=901.070/1613.419
mLapStartET=76.432 mCurrentET=103.600 Elapsed=27.168 mLapDist=907.372/1613.419
mLapStartET=76.432 mCurrentET=103.800 Elapsed=27.368 mLapDist=913.090/1613.419
mLapStartET=76.432 mCurrentET=104.000 Elapsed=27.568 mLapDist=918.501/1613.419
mLapStartET=76.432 mCurrentET=104.200 Elapsed=27.768 mLapDist=923.748/1613.419
mLapStartET=76.432 mCurrentET=104.400 Elapsed=27.968 mLapDist=928.840/1613.419
mLapStartET=76.432 mCurrentET=104.600 Elapsed=28.168 mLapDist=933.735/1613.419
mLapStartET=76.432 mCurrentET=104.800 Elapsed=28.368 mLapDist=938.344/1613.419
mLapStartET=76.432 mCurrentET=105.000 Elapsed=28.568 mLapDist=942.766/1613.419
mLapStartET=76.432 mCurrentET=105.200 Elapsed=28.768 mLapDist=947.103/1613.419
mLapStartET=76.432 mCurrentET=105.400 Elapsed=28.968 mLapDist=951.322/1613.419
mLapStartET=76.432 mCurrentET=105.600 Elapsed=29.168 mLapDist=955.759/1613.419
mLapStartET=76.432 mCurrentET=105.800 Elapsed=29.368 mLapDist=960.225/1613.419
mLapStartET=76.432 mCurrentET=106.000 Elapsed=29.568 mLapDist=964.470/1613.419
mLapStartET=76.432 mCurrentET=106.200 Elapsed=29.768 mLapDist=968.470/1613.419
mLapStartET=76.432 mCurrentET=106.400 Elapsed=29.968 mLapDist=971.550/1613.419
mLapStartET=76.432 mCurrentET=106.600 Elapsed=30.168 mLapDist=975.318/1613.419
mLapStartET=76.432 mCurrentET=106.800 Elapsed=30.368 mLapDist=979.066/1613.419
mLapStartET=76.432 mCurrentET=107.000 Elapsed=30.568 mLapDist=982.058/1613.419
mLapStartET=76.432 mCurrentET=107.200 Elapsed=30.768 mLapDist=985.927/1613.419
mLapStartET=76.432 mCurrentET=107.400 Elapsed=30.968 mLapDist=989.837/1613.419
mLapStartET=76.432 mCurrentET=107.600 Elapsed=31.168 mLapDist=993.661/1613.419
mLapStartET=76.432 mCurrentET=107.800 Elapsed=31.368 mLapDist=997.091/1613.419
mLapStartET=76.432 mCurrentET=108.000 Elapsed=31.568 mLapDist=1000.936/1613.419
mLapStartET=76.432 mCurrentET=108.200 Elapsed=31.768 mLapDist=1004.695/1613.419
mLapStartET=76.432 mCurrentET=108.400 Elapsed=31.968 mLapDist=1008.485/1613.419
mLapStartET=76.432 mCurrentET=108.600 Elapsed=32.168 mLapDist=1012.566/1613.419
mLapStartET=76.432 mCurrentET=108.800 Elapsed=32.368 mLapDist=1017.041/1613.419
mLapStartET=76.432 mCurrentET=109.000 Elapsed=32.568 mLapDist=1021.709/1613.419
mLapStartET=76.432 mCurrentET=109.200 Elapsed=32.768 mLapDist=1026.516/1613.419
mLapStartET=76.432 mCurrentET=109.400 Elapsed=32.968 mLapDist=1031.503/1613.419
mLapStartET=76.432 mCurrentET=109.600 Elapsed=33.168 mLapDist=1036.735/1613.419
mLapStartET=76.432 mCurrentET=109.800 Elapsed=33.368 mLapDist=1042.213/1613.419
mLapStartET=76.432 mCurrentET=110.000 Elapsed=33.568 mLapDist=1047.936/1613.419
mLapStartET=76.432 mCurrentET=110.200 Elapsed=33.768 mLapDist=1053.933/1613.419
mLapStartET=76.432 mCurrentET=110.400 Elapsed=33.968 mLapDist=1060.183/1613.419
mLapStartET=76.432 mCurrentET=110.600 Elapsed=34.168 mLapDist=1066.671/1613.419
mLapStartET=76.432 mCurrentET=110.800 Elapsed=34.368 mLapDist=1073.294/1613.419
mLapStartET=76.432 mCurrentET=111.000 Elapsed=34.568 mLapDist=1080.095/1613.419
mLapStartET=76.432 mCurrentET=111.200 Elapsed=34.768 mLapDist=1087.109/1613.419
mLapStartET=76.432 mCurrentET=111.400 Elapsed=34.968 mLapDist=1094.309/1613.419
mLapStartET=76.432 mCurrentET=111.600 Elapsed=35.168 mLapDist=1101.704/1613.419
mLapStartET=76.432 mCurrentET=111.800 Elapsed=35.368 mLapDist=1109.262/1613.419
mLapStartET=76.432 mCurrentET=112.000 Elapsed=35.568 mLapDist=1116.962/1613.419
mLapStartET=76.432 mCurrentET=112.200 Elapsed=35.768 mLapDist=1124.815/1613.419
mLapStartET=76.432 mCurrentET=112.400 Elapsed=35.968 mLapDist=1132.633/1613.419
mLapStartET=76.432 mCurrentET=112.600 Elapsed=36.168 mLapDist=1140.033/1613.419
mLapStartET=76.432 mCurrentET=112.800 Elapsed=36.368 mLapDist=1147.025/1613.419
mLapStartET=76.432 mCurrentET=113.000 Elapsed=36.568 mLapDist=1153.797/1613.419
mLapStartET=76.432 mCurrentET=113.200 Elapsed=36.768 mLapDist=1159.653/1613.419
mLapStartET=76.432 mCurrentET=113.400 Elapsed=36.968 mLapDist=1164.922/1613.419
mLapStartET=76.432 mCurrentET=113.600 Elapsed=37.168 mLapDist=1169.698/1613.419
mLapStartET=76.432 mCurrentET=113.800 Elapsed=37.368 mLapDist=1173.973/1613.419
mLapStartET=76.432 mCurrentET=114.000 Elapsed=37.568 mLapDist=1178.011/1613.419
mLapStartET=76.432 mCurrentET=114.200 Elapsed=37.768 mLapDist=1181.857/1613.419
mLapStartET=76.432 mCurrentET=114.400 Elapsed=37.968 mLapDist=1186.193/1613.419
mLapStartET=76.432 mCurrentET=114.600 Elapsed=38.168 mLapDist=1190.994/1613.419
mLapStartET=76.432 mCurrentET=114.800 Elapsed=38.368 mLapDist=1196.336/1613.419
mLapStartET=76.432 mCurrentET=115.000 Elapsed=38.568 mLapDist=1203.791/1613.419
mLapStartET=76.432 mCurrentET=115.200 Elapsed=38.768 mLapDist=1208.790/1613.419
mLapStartET=76.432 mCurrentET=115.400 Elapsed=38.968 mLapDist=1213.083/1613.419
mLapStartET=76.432 mCurrentET=115.600 Elapsed=39.168 mLapDist=1216.884/1613.419
mLapStartET=76.432 mCurrentET=115.800 Elapsed=39.368 mLapDist=1221.111/1613.419
mLapStartET=76.432 mCurrentET=116.000 Elapsed=39.568 mLapDist=1225.403/1613.419
mLapStartET=76.432 mCurrentET=116.200 Elapsed=39.768 mLapDist=1229.915/1613.419
mLapStartET=76.432 mCurrentET=116.400 Elapsed=39.968 mLapDist=1234.728/1613.419
mLapStartET=76.432 mCurrentET=116.600 Elapsed=40.168 mLapDist=1239.854/1613.419
mLapStartET=76.432 mCurrentET=116.800 Elapsed=40.368 mLapDist=1245.281/1613.419
mLapStartET=76.432 mCurrentET=117.000 Elapsed=40.568 mLapDist=1251.009/1613.419
mLapStartET=76.432 mCurrentET=117.200 Elapsed=40.768 mLapDist=1257.013/1613.419
mLapStartET=76.432 mCurrentET=117.400 Elapsed=40.968 mLapDist=1263.282/1613.419
mLapStartET=76.432 mCurrentET=117.600 Elapsed=41.168 mLapDist=1269.806/1613.419
mLapStartET=76.432 mCurrentET=117.800 Elapsed=41.368 mLapDist=1276.508/1613.419
mLapStartET=76.432 mCurrentET=118.000 Elapsed=41.568 mLapDist=1283.280/1613.419
mLapStartET=76.432 mCurrentET=118.200 Elapsed=41.768 mLapDist=1290.262/1613.419
mLapStartET=76.432 mCurrentET=118.400 Elapsed=41.968 mLapDist=1297.460/1613.419
mLapStartET=76.432 mCurrentET=118.600 Elapsed=42.168 mLapDist=1304.852/1613.419
mLapStartET=76.432 mCurrentET=118.800 Elapsed=42.368 mLapDist=1312.428/1613.419
mLapStartET=76.432 mCurrentET=119.000 Elapsed=42.568 mLapDist=1320.195/1613.419
mLapStartET=76.432 mCurrentET=119.200 Elapsed=42.768 mLapDist=1328.130/1613.419
mLapStartET=76.432 mCurrentET=119.400 Elapsed=42.968 mLapDist=1336.211/1613.419
mLapStartET=76.432 mCurrentET=119.600 Elapsed=43.168 mLapDist=1344.333/1613.419
mLapStartET=76.432 mCurrentET=119.800 Elapsed=43.368 mLapDist=1352.505/1613.419
mLapStartET=76.432 mCurrentET=120.000 Elapsed=43.568 mLapDist=1360.805/1613.419
mLapStartET=76.432 mCurrentET=120.200 Elapsed=43.768 mLapDist=1369.009/1613.419
mLapStartET=76.432 mCurrentET=120.400 Elapsed=43.968 mLapDist=1376.967/1613.419
mLapStartET=76.432 mCurrentET=120.600 Elapsed=44.168 mLapDist=1384.933/1613.419
mLapStartET=76.432 mCurrentET=120.800 Elapsed=44.368 mLapDist=1392.727/1613.419
mLapStartET=76.432 mCurrentET=121.000 Elapsed=44.568 mLapDist=1400.071/1613.419
mLapStartET=76.432 mCurrentET=121.200 Elapsed=44.768 mLapDist=1407.137/1613.419
mLapStartET=76.432 mCurrentET=121.400 Elapsed=44.968 mLapDist=1414.219/1613.419
mLapStartET=76.432 mCurrentET=121.600 Elapsed=45.168 mLapDist=1420.926/1613.419
mLapStartET=76.432 mCurrentET=121.800 Elapsed=45.368 mLapDist=1427.493/1613.419
mLapStartET=76.432 mCurrentET=122.000 Elapsed=45.568 mLapDist=1433.892/1613.419
mLapStartET=76.432 mCurrentET=122.200 Elapsed=45.768 mLapDist=1439.929/1613.419
mLapStartET=76.432 mCurrentET=122.400 Elapsed=45.968 mLapDist=1445.664/1613.419
mLapStartET=76.432 mCurrentET=122.600 Elapsed=46.168 mLapDist=1451.247/1613.419
mLapStartET=76.432 mCurrentET=122.800 Elapsed=46.368 mLapDist=1456.722/1613.419
mLapStartET=76.432 mCurrentET=123.000 Elapsed=46.568 mLapDist=1462.185/1613.419
mLapStartET=76.432 mCurrentET=123.200 Elapsed=46.768 mLapDist=1467.724/1613.419
mLapStartET=76.432 mCurrentET=123.400 Elapsed=46.968 mLapDist=1473.716/1613.419
mLapStartET=76.432 mCurrentET=123.600 Elapsed=47.168 mLapDist=1479.964/1613.419
mLapStartET=76.432 mCurrentET=123.800 Elapsed=47.368 mLapDist=1486.466/1613.419
mLapStartET=76.432 mCurrentET=124.000 Elapsed=47.568 mLapDist=1493.191/1613.419
mLapStartET=76.432 mCurrentET=124.200 Elapsed=47.768 mLapDist=1500.146/1613.419
mLapStartET=76.432 mCurrentET=124.400 Elapsed=47.968 mLapDist=1507.311/1613.419
mLapStartET=76.432 mCurrentET=124.600 Elapsed=48.168 mLapDist=1514.672/1613.419
mLapStartET=76.432 mCurrentET=124.800 Elapsed=48.368 mLapDist=1522.236/1613.419
mLapStartET=76.432 mCurrentET=125.000 Elapsed=48.568 mLapDist=1529.994/1613.419
mLapStartET=76.432 mCurrentET=125.200 Elapsed=48.768 mLapDist=1537.924/1613.419
mLapStartET=76.432 mCurrentET=125.400 Elapsed=48.968 mLapDist=1546.025/1613.419
mLapStartET=76.432 mCurrentET=125.600 Elapsed=49.168 mLapDist=1554.301/1613.419
mLapStartET=76.432 mCurrentET=125.800 Elapsed=49.368 mLapDist=1562.721/1613.419
mLapStartET=76.432 mCurrentET=126.000 Elapsed=49.568 mLapDist=1571.245/1613.419
mLapStartET=76.432 mCurrentET=126.200 Elapsed=49.768 mLapDist=1579.801/1613.419
mLapStartET=76.432 mCurrentET=126.400 Elapsed=49.968 mLapDist=1588.484/1613.419
mLapStartET=76.432 mCurrentET=126.600 Elapsed=50.168 mLapDist=1597.318/1613.419
mLapStartET=76.432 mCurrentET=126.800 Elapsed=50.368 mLapDist=1606.299/1613.419
mLapStartET=126.896 mCurrentET=127.000 Elapsed=0.104 mLapDist=2.009/1613.419
New LAP. This one was 50.464
mLapStartET=126.896 mCurrentET=127.200 Elapsed=0.304 mLapDist=11.285/1613.419
mLapStartET=126.896 mCurrentET=127.400 Elapsed=0.504 mLapDist=20.703/1613.419
mLapStartET=126.896 mCurrentET=127.600 Elapsed=0.704 mLapDist=30.226/1613.419
mLapStartET=126.896 mCurrentET=127.800 Elapsed=0.904 mLapDist=39.875/1613.419
mLapStartET=126.896 mCurrentET=128.000 Elapsed=1.104 mLapDist=49.649/1613.419
mLapStartET=126.896 mCurrentET=128.200 Elapsed=1.304 mLapDist=59.538/1613.419
mLapStartET=126.896 mCurrentET=128.400 Elapsed=1.504 mLapDist=69.519/1613.419
mLapStartET=126.896 mCurrentET=128.600 Elapsed=1.704 mLapDist=79.599/1613.419
mLapStartET=126.896 mCurrentET=128.800 Elapsed=1.904 mLapDist=89.707/1613.419
mLapStartET=126.896 mCurrentET=129.000 Elapsed=2.104 mLapDist=99.913/1613.419
mLapStartET=126.896 mCurrentET=129.200 Elapsed=2.304 mLapDist=110.221/1613.419
mLapStartET=126.896 mCurrentET=129.400 Elapsed=2.504 mLapDist=120.631/1613.419
mLapStartET=126.896 mCurrentET=129.600 Elapsed=2.704 mLapDist=131.138/1613.419
mLapStartET=126.896 mCurrentET=129.800 Elapsed=2.904 mLapDist=141.740/1613.419
mLapStartET=126.896 mCurrentET=130.000 Elapsed=3.104 mLapDist=152.408/1613.419
mLapStartET=126.896 mCurrentET=130.200 Elapsed=3.304 mLapDist=163.153/1613.419
mLapStartET=126.896 mCurrentET=130.400 Elapsed=3.504 mLapDist=173.936/1613.419
mLapStartET=126.896 mCurrentET=130.600 Elapsed=3.704 mLapDist=184.817/1613.419
mLapStartET=126.896 mCurrentET=130.800 Elapsed=3.904 mLapDist=195.599/1613.419
mLapStartET=126.896 mCurrentET=131.000 Elapsed=4.104 mLapDist=205.790/1613.419
mLapStartET=126.896 mCurrentET=131.200 Elapsed=4.304 mLapDist=215.218/1613.419
mLapStartET=126.896 mCurrentET=131.400 Elapsed=4.504 mLapDist=223.878/1613.419
mLapStartET=126.896 mCurrentET=131.600 Elapsed=4.704 mLapDist=231.806/1613.419
mLapStartET=126.896 mCurrentET=131.800 Elapsed=4.904 mLapDist=239.120/1613.419
mLapStartET=126.896 mCurrentET=132.000 Elapsed=5.104 mLapDist=245.914/1613.419
mLapStartET=126.896 mCurrentET=132.200 Elapsed=5.304 mLapDist=252.298/1613.419
mLapStartET=126.896 mCurrentET=132.400 Elapsed=5.504 mLapDist=258.336/1613.419
mLapStartET=126.896 mCurrentET=132.600 Elapsed=5.704 mLapDist=264.023/1613.419
mLapStartET=126.896 mCurrentET=132.800 Elapsed=5.904 mLapDist=269.369/1613.419
mLapStartET=126.896 mCurrentET=133.000 Elapsed=6.104 mLapDist=274.437/1613.419
mLapStartET=126.896 mCurrentET=133.200 Elapsed=6.304 mLapDist=279.279/1613.419
mLapStartET=126.896 mCurrentET=133.400 Elapsed=6.504 mLapDist=283.873/1613.419
mLapStartET=126.896 mCurrentET=133.600 Elapsed=6.704 mLapDist=288.264/1613.419
mLapStartET=126.896 mCurrentET=133.800 Elapsed=6.904 mLapDist=291.954/1613.419
mLapStartET=126.896 mCurrentET=134.000 Elapsed=7.104 mLapDist=296.063/1613.419
mLapStartET=126.896 mCurrentET=134.200 Elapsed=7.304 mLapDist=300.262/1613.419
mLapStartET=126.896 mCurrentET=134.400 Elapsed=7.504 mLapDist=304.335/1613.419
mLapStartET=126.896 mCurrentET=134.600 Elapsed=7.704 mLapDist=308.236/1613.419
mLapStartET=126.896 mCurrentET=134.800 Elapsed=7.904 mLapDist=311.373/1613.419
mLapStartET=126.896 mCurrentET=135.000 Elapsed=8.104 mLapDist=315.152/1613.419
mLapStartET=126.896 mCurrentET=135.200 Elapsed=8.304 mLapDist=318.883/1613.419
mLapStartET=126.896 mCurrentET=135.400 Elapsed=8.504 mLapDist=321.909/1613.419
mLapStartET=126.896 mCurrentET=135.600 Elapsed=8.704 mLapDist=325.529/1613.419
mLapStartET=126.896 mCurrentET=135.800 Elapsed=8.904 mLapDist=328.979/1613.419
mLapStartET=126.896 mCurrentET=136.000 Elapsed=9.104 mLapDist=332.139/1613.419
mLapStartET=126.896 mCurrentET=136.200 Elapsed=9.304 mLapDist=335.777/1613.419
mLapStartET=126.896 mCurrentET=136.400 Elapsed=9.504 mLapDist=339.630/1613.419
mLapStartET=126.896 mCurrentET=136.600 Elapsed=9.704 mLapDist=343.680/1613.419
mLapStartET=126.896 mCurrentET=136.800 Elapsed=9.904 mLapDist=347.925/1613.419
mLapStartET=126.896 mCurrentET=137.000 Elapsed=10.104 mLapDist=352.398/1613.419
mLapStartET=126.896 mCurrentET=137.200 Elapsed=10.304 mLapDist=357.169/1613.419
mLapStartET=126.896 mCurrentET=137.400 Elapsed=10.504 mLapDist=362.210/1613.419
mLapStartET=126.896 mCurrentET=137.600 Elapsed=10.704 mLapDist=367.522/1613.419
mLapStartET=126.896 mCurrentET=137.800 Elapsed=10.904 mLapDist=373.113/1613.419
mLapStartET=126.896 mCurrentET=138.000 Elapsed=11.104 mLapDist=378.964/1613.419
mLapStartET=126.896 mCurrentET=138.200 Elapsed=11.304 mLapDist=385.045/1613.419
mLapStartET=126.896 mCurrentET=138.400 Elapsed=11.504 mLapDist=391.323/1613.419
mLapStartET=126.896 mCurrentET=138.600 Elapsed=11.704 mLapDist=397.818/1613.419
mLapStartET=126.896 mCurrentET=138.800 Elapsed=11.904 mLapDist=404.453/1613.419
mLapStartET=126.896 mCurrentET=139.000 Elapsed=12.104 mLapDist=411.310/1613.419
mLapStartET=126.896 mCurrentET=139.200 Elapsed=12.304 mLapDist=418.754/1613.419
mLapStartET=126.896 mCurrentET=139.400 Elapsed=12.504 mLapDist=426.116/1613.419
mLapStartET=126.896 mCurrentET=139.600 Elapsed=12.704 mLapDist=433.575/1613.419
mLapStartET=126.896 mCurrentET=139.800 Elapsed=12.904 mLapDist=440.937/1613.419
mLapStartET=126.896 mCurrentET=140.000 Elapsed=13.104 mLapDist=448.474/1613.419
mLapStartET=126.896 mCurrentET=140.200 Elapsed=13.304 mLapDist=456.362/1613.419
mLapStartET=126.896 mCurrentET=140.400 Elapsed=13.504 mLapDist=464.806/1613.419
mLapStartET=126.896 mCurrentET=140.600 Elapsed=13.704 mLapDist=473.542/1613.419
mLapStartET=126.896 mCurrentET=140.800 Elapsed=13.904 mLapDist=482.035/1613.419
mLapStartET=126.896 mCurrentET=141.000 Elapsed=14.104 mLapDist=490.545/1613.419
mLapStartET=126.896 mCurrentET=141.200 Elapsed=14.304 mLapDist=498.936/1613.419
mLapStartET=126.896 mCurrentET=141.400 Elapsed=14.504 mLapDist=507.421/1613.419
mLapStartET=126.896 mCurrentET=141.600 Elapsed=14.704 mLapDist=516.096/1613.419
mLapStartET=126.896 mCurrentET=141.800 Elapsed=14.904 mLapDist=524.930/1613.419
mLapStartET=126.896 mCurrentET=142.000 Elapsed=15.104 mLapDist=533.903/1613.419
mLapStartET=126.896 mCurrentET=142.200 Elapsed=15.304 mLapDist=543.024/1613.419
mLapStartET=126.896 mCurrentET=142.400 Elapsed=15.504 mLapDist=552.265/1613.419
mLapStartET=126.896 mCurrentET=142.600 Elapsed=15.704 mLapDist=561.632/1613.419
mLapStartET=126.896 mCurrentET=142.800 Elapsed=15.904 mLapDist=571.108/1613.419
mLapStartET=126.896 mCurrentET=143.000 Elapsed=16.104 mLapDist=580.703/1613.419
mLapStartET=126.896 mCurrentET=143.200 Elapsed=16.304 mLapDist=590.403/1613.419
mLapStartET=126.896 mCurrentET=143.400 Elapsed=16.504 mLapDist=600.203/1613.419
mLapStartET=126.896 mCurrentET=143.600 Elapsed=16.704 mLapDist=610.094/1613.419
mLapStartET=126.896 mCurrentET=143.800 Elapsed=16.904 mLapDist=620.026/1613.419
mLapStartET=126.896 mCurrentET=144.000 Elapsed=17.104 mLapDist=630.050/1613.419
mLapStartET=126.896 mCurrentET=144.200 Elapsed=17.304 mLapDist=640.182/1613.419
mLapStartET=126.896 mCurrentET=144.400 Elapsed=17.504 mLapDist=650.410/1613.419
mLapStartET=126.896 mCurrentET=144.600 Elapsed=17.704 mLapDist=660.468/1613.419
mLapStartET=126.896 mCurrentET=144.800 Elapsed=17.904 mLapDist=669.832/1613.419
mLapStartET=126.896 mCurrentET=145.000 Elapsed=18.104 mLapDist=678.410/1613.419
mLapStartET=126.896 mCurrentET=145.200 Elapsed=18.304 mLapDist=686.416/1613.419
mLapStartET=126.896 mCurrentET=145.400 Elapsed=18.504 mLapDist=694.080/1613.419
mLapStartET=126.896 mCurrentET=145.600 Elapsed=18.704 mLapDist=701.279/1613.419
mLapStartET=126.896 mCurrentET=145.800 Elapsed=18.904 mLapDist=707.949/1613.419
mLapStartET=126.896 mCurrentET=146.000 Elapsed=19.104 mLapDist=714.127/1613.419
mLapStartET=126.896 mCurrentET=146.200 Elapsed=19.304 mLapDist=719.955/1613.419
mLapStartET=126.896 mCurrentET=146.400 Elapsed=19.504 mLapDist=725.581/1613.419
mLapStartET=126.896 mCurrentET=146.600 Elapsed=19.704 mLapDist=731.086/1613.419
mLapStartET=126.896 mCurrentET=146.800 Elapsed=19.904 mLapDist=736.539/1613.419
mLapStartET=126.896 mCurrentET=147.000 Elapsed=20.104 mLapDist=741.917/1613.419
mLapStartET=126.896 mCurrentET=147.200 Elapsed=20.304 mLapDist=747.203/1613.419
mLapStartET=126.896 mCurrentET=147.400 Elapsed=20.504 mLapDist=753.118/1613.419
mLapStartET=126.896 mCurrentET=147.600 Elapsed=20.704 mLapDist=758.183/1613.419
mLapStartET=126.896 mCurrentET=147.800 Elapsed=20.904 mLapDist=763.036/1613.419
mLapStartET=126.896 mCurrentET=148.000 Elapsed=21.104 mLapDist=767.275/1613.419
mLapStartET=126.896 mCurrentET=148.200 Elapsed=21.304 mLapDist=771.876/1613.419
mLapStartET=126.896 mCurrentET=148.400 Elapsed=21.504 mLapDist=776.386/1613.419
mLapStartET=126.896 mCurrentET=148.600 Elapsed=21.704 mLapDist=780.868/1613.419
mLapStartET=126.896 mCurrentET=148.800 Elapsed=21.904 mLapDist=785.379/1613.419
mLapStartET=126.896 mCurrentET=149.000 Elapsed=22.104 mLapDist=789.975/1613.419
mLapStartET=126.896 mCurrentET=149.200 Elapsed=22.304 mLapDist=794.716/1613.419
mLapStartET=126.896 mCurrentET=149.400 Elapsed=22.504 mLapDist=799.644/1613.419
mLapStartET=126.896 mCurrentET=149.600 Elapsed=22.704 mLapDist=804.778/1613.419
mLapStartET=126.896 mCurrentET=149.800 Elapsed=22.904 mLapDist=810.097/1613.419
mLapStartET=126.896 mCurrentET=150.000 Elapsed=23.104 mLapDist=815.565/1613.419
mLapStartET=126.896 mCurrentET=150.200 Elapsed=23.304 mLapDist=821.136/1613.419
mLapStartET=126.896 mCurrentET=150.400 Elapsed=23.504 mLapDist=826.738/1613.419
mLapStartET=126.896 mCurrentET=150.600 Elapsed=23.704 mLapDist=832.213/1613.419
mLapStartET=126.896 mCurrentET=150.800 Elapsed=23.904 mLapDist=837.668/1613.419
mLapStartET=126.896 mCurrentET=151.000 Elapsed=24.104 mLapDist=843.241/1613.419
mLapStartET=126.896 mCurrentET=151.200 Elapsed=24.304 mLapDist=849.125/1613.419
mLapStartET=126.896 mCurrentET=151.400 Elapsed=24.504 mLapDist=855.292/1613.419
mLapStartET=126.896 mCurrentET=151.600 Elapsed=24.704 mLapDist=861.708/1613.419
mLapStartET=126.896 mCurrentET=151.800 Elapsed=24.904 mLapDist=868.240/1613.419
mLapStartET=126.896 mCurrentET=152.000 Elapsed=25.104 mLapDist=874.979/1613.419
mLapStartET=126.896 mCurrentET=152.200 Elapsed=25.304 mLapDist=881.890/1613.419
mLapStartET=126.896 mCurrentET=152.400 Elapsed=25.504 mLapDist=888.953/1613.419
mLapStartET=126.896 mCurrentET=152.600 Elapsed=25.704 mLapDist=896.200/1613.419
mLapStartET=126.896 mCurrentET=152.800 Elapsed=25.904 mLapDist=903.535/1613.419
mLapStartET=126.896 mCurrentET=153.000 Elapsed=26.104 mLapDist=910.496/1613.419
mLapStartET=126.896 mCurrentET=153.200 Elapsed=26.304 mLapDist=916.940/1613.419
mLapStartET=126.896 mCurrentET=153.400 Elapsed=26.504 mLapDist=922.832/1613.419
mLapStartET=126.896 mCurrentET=153.600 Elapsed=26.704 mLapDist=928.269/1613.419
mLapStartET=126.896 mCurrentET=153.800 Elapsed=26.904 mLapDist=933.295/1613.419
mLapStartET=126.896 mCurrentET=154.000 Elapsed=27.104 mLapDist=937.911/1613.419
mLapStartET=126.896 mCurrentET=154.200 Elapsed=27.304 mLapDist=942.220/1613.419
mLapStartET=126.896 mCurrentET=154.400 Elapsed=27.504 mLapDist=946.072/1613.419
mLapStartET=126.896 mCurrentET=154.600 Elapsed=27.704 mLapDist=949.826/1613.419
mLapStartET=126.896 mCurrentET=154.800 Elapsed=27.904 mLapDist=953.849/1613.419
mLapStartET=126.896 mCurrentET=155.000 Elapsed=28.104 mLapDist=958.229/1613.419
mLapStartET=126.896 mCurrentET=155.200 Elapsed=28.304 mLapDist=962.804/1613.419
mLapStartET=126.896 mCurrentET=155.400 Elapsed=28.504 mLapDist=966.587/1613.419
mLapStartET=126.896 mCurrentET=155.600 Elapsed=28.704 mLapDist=970.817/1613.419
mLapStartET=126.896 mCurrentET=155.800 Elapsed=28.904 mLapDist=974.808/1613.419
mLapStartET=126.896 mCurrentET=156.000 Elapsed=29.104 mLapDist=978.675/1613.419
mLapStartET=126.896 mCurrentET=156.200 Elapsed=29.304 mLapDist=981.968/1613.419
mLapStartET=126.896 mCurrentET=156.400 Elapsed=29.504 mLapDist=985.628/1613.419
mLapStartET=126.896 mCurrentET=156.600 Elapsed=29.704 mLapDist=989.107/1613.419
mLapStartET=126.896 mCurrentET=156.800 Elapsed=29.904 mLapDist=992.447/1613.419
mLapStartET=126.896 mCurrentET=157.000 Elapsed=30.104 mLapDist=995.752/1613.419
mLapStartET=126.896 mCurrentET=157.200 Elapsed=30.304 mLapDist=999.185/1613.419
mLapStartET=126.896 mCurrentET=157.400 Elapsed=30.504 mLapDist=1002.781/1613.419
mLapStartET=126.896 mCurrentET=157.600 Elapsed=30.704 mLapDist=1006.794/1613.419
mLapStartET=126.896 mCurrentET=157.800 Elapsed=30.904 mLapDist=1010.815/1613.419
mLapStartET=126.896 mCurrentET=158.000 Elapsed=31.104 mLapDist=1015.140/1613.419
mLapStartET=126.896 mCurrentET=158.200 Elapsed=31.304 mLapDist=1019.603/1613.419
mLapStartET=126.896 mCurrentET=158.400 Elapsed=31.504 mLapDist=1023.810/1613.419
mLapStartET=126.896 mCurrentET=158.600 Elapsed=31.704 mLapDist=1027.629/1613.419
mLapStartET=126.896 mCurrentET=158.800 Elapsed=31.904 mLapDist=1031.075/1613.419
mLapStartET=126.896 mCurrentET=159.000 Elapsed=32.104 mLapDist=1034.198/1613.419
mLapStartET=126.896 mCurrentET=159.200 Elapsed=32.304 mLapDist=1036.963/1613.419
mLapStartET=126.896 mCurrentET=159.400 Elapsed=32.504 mLapDist=1039.311/1613.419
mLapStartET=126.896 mCurrentET=159.600 Elapsed=32.704 mLapDist=1041.270/1613.419
mLapStartET=126.896 mCurrentET=159.800 Elapsed=32.904 mLapDist=1042.804/1613.419
mLapStartET=126.896 mCurrentET=160.000 Elapsed=33.104 mLapDist=1043.795/1613.419
mLapStartET=126.896 mCurrentET=160.200 Elapsed=33.304 mLapDist=1044.373/1613.419
mLapStartET=126.896 mCurrentET=160.400 Elapsed=33.504 mLapDist=1044.626/1613.419
mLapStartET=126.896 mCurrentET=160.600 Elapsed=33.704 mLapDist=1044.660/1613.419
mLapStartET=126.896 mCurrentET=160.800 Elapsed=33.904 mLapDist=1044.614/1613.419
mLapStartET=126.896 mCurrentET=161.000 Elapsed=34.104 mLapDist=1044.579/1613.419
mLapStartET=126.896 mCurrentET=161.200 Elapsed=34.304 mLapDist=1044.557/1613.419
mLapStartET=126.896 mCurrentET=161.400 Elapsed=34.504 mLapDist=1044.547/1613.419
mLapStartET=126.896 mCurrentET=161.600 Elapsed=34.704 mLapDist=1044.544/1613.419
mLapStartET=126.896 mCurrentET=161.800 Elapsed=34.904 mLapDist=1044.544/1613.419
mLapStartET=126.896 mCurrentET=162.000 Elapsed=35.104 mLapDist=1044.544/1613.419
mLapStartET=126.896 mCurrentET=162.200 Elapsed=35.304 mLapDist=1044.544/1613.419
mLapStartET=126.896 mCurrentET=162.400 Elapsed=35.504 mLapDist=1044.544/1613.419
mLapStartET=126.896 mCurrentET=162.600 Elapsed=35.704 mLapDist=1044.544/1613.419
mLapStartET=126.896 mCurrentET=162.800 Elapsed=35.904 mLapDist=1044.544/1613.419
mLapStartET=126.896 mCurrentET=163.000 Elapsed=36.104 mLapDist=1044.544/1613.419
mLapStartET=126.896 mCurrentET=163.200 Elapsed=36.304 mLapDist=1044.544/1613.419
mLapStartET=126.896 mCurrentET=163.400 Elapsed=36.504 mLapDist=1044.566/1613.419
mLapStartET=126.896 mCurrentET=163.600 Elapsed=36.704 mLapDist=1044.569/1613.419
mLapStartET=126.896 mCurrentET=163.800 Elapsed=36.904 mLapDist=1044.569/1613.419
mLapStartET=126.896 mCurrentET=164.000 Elapsed=37.104 mLapDist=1044.569/1613.419
mLapStartET=126.896 mCurrentET=164.200 Elapsed=37.304 mLapDist=1044.569/1613.419
mLapStartET=126.896 mCurrentET=164.400 Elapsed=37.504 mLapDist=1044.569/1613.419
mLapStartET=126.896 mCurrentET=164.600 Elapsed=37.704 mLapDist=1044.569/1613.419
mLapStartET=126.896 mCurrentET=164.800 Elapsed=37.904 mLapDist=1044.569/1613.419
mLapStartET=126.896 mCurrentET=165.000 Elapsed=38.104 mLapDist=1044.569/1613.419
mLapStartET=126.896 mCurrentET=165.200 Elapsed=38.304 mLapDist=1044.569/1613.419
mLapStartET=126.896 mCurrentET=165.400 Elapsed=38.504 mLapDist=1044.569/1613.419
mLapStartET=126.896 mCurrentET=165.600 Elapsed=38.704 mLapDist=1044.569/1613.419
mLapStartET=126.896 mCurrentET=165.800 Elapsed=38.904 mLapDist=1044.569/1613.419
mLapStartET=126.896 mCurrentET=166.000 Elapsed=39.104 mLapDist=1044.569/1613.419
mLapStartET=126.896 mCurrentET=166.200 Elapsed=39.304 mLapDist=1044.569/1613.419
mLapStartET=126.896 mCurrentET=166.400 Elapsed=39.504 mLapDist=1044.569/1613.419
mLapStartET=126.896 mCurrentET=166.600 Elapsed=39.704 mLapDist=1044.569/1613.419
mLapStartET=126.896 mCurrentET=166.800 Elapsed=39.904 mLapDist=1044.569/1613.419
mLapStartET=126.896 mCurrentET=167.000 Elapsed=40.104 mLapDist=1044.569/1613.419
mLapStartET=126.896 mCurrentET=167.200 Elapsed=40.304 mLapDist=1044.569/1613.419
mLapStartET=126.896 mCurrentET=167.400 Elapsed=40.504 mLapDist=1044.569/1613.419
---EXITREALTIME---
mLapStartET=167.649 mCurrentET=167.600 Elapsed=-0.049 mLapDist=2.143/1613.419
New LAP. This one was -1.000
mLapStartET=167.649 mCurrentET=167.800 Elapsed=0.151 mLapDist=2.143/1613.419
mLapStartET=167.649 mCurrentET=168.000 Elapsed=0.351 mLapDist=2.143/1613.419
mLapStartET=167.649 mCurrentET=168.200 Elapsed=0.551 mLapDist=2.143/1613.419
mLapStartET=167.649 mCurrentET=168.400 Elapsed=0.751 mLapDist=2.143/1613.419
mLapStartET=167.649 mCurrentET=168.600 Elapsed=0.951 mLapDist=2.143/1613.419
mLapStartET=167.649 mCurrentET=168.800 Elapsed=1.151 mLapDist=2.143/1613.419
mLapStartET=167.649 mCurrentET=169.000 Elapsed=1.351 mLapDist=2.143/1613.419
mLapStartET=167.649 mCurrentET=169.200 Elapsed=1.551 mLapDist=2.143/1613.419
mLapStartET=167.649 mCurrentET=169.400 Elapsed=1.751 mLapDist=2.143/1613.419
mLapStartET=167.649 mCurrentET=169.600 Elapsed=1.951 mLapDist=2.143/1613.419
mLapStartET=167.649 mCurrentET=169.800 Elapsed=2.151 mLapDist=2.143/1613.419
mLapStartET=167.649 mCurrentET=170.000 Elapsed=2.351 mLapDist=2.143/1613.419
--ENDSESSION--
