---REACTIVATE SCREEN---
---INIT SCREEN---
tartET=0.000 mCurrentET=747.800 Elapsed=747.800 mLapDist=3.151/1613.419 mTimeIntoLap=0.418 mEstimatedLapTime=44.322
mLapStartET=0.000 mCurrentET=748.000 Elapsed=748.000 mLapDist=3.451/1613.419 mTimeIntoLap=0.242 mEstimatedLapTime=44.322
mLapStartET=0.000 mCurrentET=748.200 Elapsed=748.200 mLapDist=3.825/1613.419 mTimeIntoLap=0.089 mEstimatedLapTime=44.322
mLapStartET=0.000 mCurrentET=748.400 Elapsed=748.400 mLapDist=4.283/1613.419 mTimeIntoLap=0.099 mEstimatedLapTime=44.322
mLapStartET=0.000 mCurrentET=748.600 Elapsed=748.600 mLapDist=4.836/1613.419 mTimeIntoLap=0.112 mEstimatedLapTime=44.322
mLapStartET=0.000 mCurrentET=748.800 Elapsed=748.800 mLapDist=5.494/1613.419 mTimeIntoLap=0.127 mEstimatedLapTime=44.322
mLapStartET=0.000 mCurrentET=749.000 Elapsed=749.000 mLapDist=6.264/1613.419 mTimeIntoLap=0.145 mEstimatedLapTime=44.322
mLapStartET=0.000 mCurrentET=749.200 Elapsed=749.200 mLapDist=7.122/1613.419 mTimeIntoLap=0.166 mEstimatedLapTime=44.322
mLapStartET=0.000 mCurrentET=749.400 Elapsed=749.400 mLapDist=8.134/1613.419 mTimeIntoLap=0.189 mEstimatedLapTime=44.322
mLapStartET=0.000 mCurrentET=749.600 Elapsed=749.600 mLapDist=9.279/1613.419 mTimeIntoLap=0.215 mEstimatedLapTime=44.322
mLapStartET=0.000 mCurrentET=749.800 Elapsed=749.800 mLapDist=10.562/1613.419 mTimeIntoLap=0.244 mEstimatedLapTime=44.322
mLapStartET=0.000 mCurrentET=750.000 Elapsed=750.000 mLapDist=11.929/1613.419 mTimeIntoLap=0.277 mEstimatedLapTime=44.322
mLapStartET=0.000 mCurrentET=750.200 Elapsed=750.200 mLapDist=13.486/1613.419 mTimeIntoLap=0.312 mEstimatedLapTime=44.322
mLapStartET=0.000 mCurrentET=750.400 Elapsed=750.400 mLapDist=15.198/1613.419 mTimeIntoLap=0.351 mEstimatedLapTime=44.322
mLapStartET=0.000 mCurrentET=750.600 Elapsed=750.600 mLapDist=17.067/1613.419 mTimeIntoLap=0.394 mEstimatedLapTime=44.322
mLapStartET=0.000 mCurrentET=750.800 Elapsed=750.800 mLapDist=19.266/1613.419 mTimeIntoLap=0.443 mEstimatedLapTime=44.322
mLapStartET=0.000 mCurrentET=751.000 Elapsed=751.000 mLapDist=21.737/1613.419 mTimeIntoLap=0.499 mEstimatedLapTime=44.322
mLapStartET=0.000 mCurrentET=751.200 Elapsed=751.200 mLapDist=24.557/1613.419 mTimeIntoLap=0.562 mEstimatedLapTime=44.322
mLapStartET=0.000 mCurrentET=751.400 Elapsed=751.400 mLapDist=27.637/1613.419 mTimeIntoLap=0.631 mEstimatedLapTime=44.322
mLapStartET=0.000 mCurrentET=751.600 Elapsed=751.600 mLapDist=30.913/1613.419 mTimeIntoLap=0.703 mEstimatedLapTime=44.322
mLapStartET=0.000 mCurrentET=751.800 Elapsed=751.800 mLapDist=34.159/1613.419 mTimeIntoLap=0.774 mEstimatedLapTime=44.322
mLapStartET=0.000 mCurrentET=752.000 Elapsed=752.000 mLapDist=37.405/1613.419 mTimeIntoLap=0.846 mEstimatedLapTime=44.322
mLapStartET=0.000 mCurrentET=752.200 Elapsed=752.200 mLapDist=40.708/1613.419 mTimeIntoLap=0.917 mEstimatedLapTime=44.322
mLapStartET=0.000 mCurrentET=752.400 Elapsed=752.400 mLapDist=43.951/1613.419 mTimeIntoLap=0.988 mEstimatedLapTime=44.322
mLapStartET=0.000 mCurrentET=752.600 Elapsed=752.600 mLapDist=47.196/1613.419 mTimeIntoLap=1.058 mEstimatedLapTime=44.322
mLapStartET=0.000 mCurrentET=752.800 Elapsed=752.800 mLapDist=50.499/1613.419 mTimeIntoLap=1.128 mEstimatedLapTime=44.322
mLapStartET=0.000 mCurrentET=753.000 Elapsed=753.000 mLapDist=53.745/1613.419 mTimeIntoLap=1.197 mEstimatedLapTime=44.322
mLapStartET=0.000 mCurrentET=753.200 Elapsed=753.200 mLapDist=56.996/1613.419 mTimeIntoLap=1.266 mEstimatedLapTime=44.322
mLapStartET=0.000 mCurrentET=753.400 Elapsed=753.400 mLapDist=60.299/1613.419 mTimeIntoLap=1.335 mEstimatedLapTime=44.322
mLapStartET=0.000 mCurrentET=753.600 Elapsed=753.600 mLapDist=63.553/1613.419 mTimeIntoLap=1.404 mEstimatedLapTime=44.322
mLapStartET=0.000 mCurrentET=753.800 Elapsed=753.800 mLapDist=66.811/1613.419 mTimeIntoLap=1.472 mEstimatedLapTime=44.322
mLapStartET=0.000 mCurrentET=754.000 Elapsed=754.000 mLapDist=70.116/1613.419 mTimeIntoLap=1.540 mEstimatedLapTime=44.322
mLapStartET=0.000 mCurrentET=754.200 Elapsed=754.200 mLapDist=73.378/1613.419 mTimeIntoLap=1.608 mEstimatedLapTime=44.322
mLapStartET=0.000 mCurrentET=754.400 Elapsed=754.400 mLapDist=76.642/1613.419 mTimeIntoLap=1.676 mEstimatedLapTime=44.322
mLapStartET=0.000 mCurrentET=754.600 Elapsed=754.600 mLapDist=79.946/1613.419 mTimeIntoLap=1.743 mEstimatedLapTime=44.322
mLapStartET=0.000 mCurrentET=754.800 Elapsed=754.800 mLapDist=83.206/1613.419 mTimeIntoLap=1.810 mEstimatedLapTime=44.322
mLapStartET=0.000 mCurrentET=755.000 Elapsed=755.000 mLapDist=86.464/1613.419 mTimeIntoLap=1.876 mEstimatedLapTime=44.322
mLapStartET=0.000 mCurrentET=755.200 Elapsed=755.200 mLapDist=89.768/1613.419 mTimeIntoLap=1.943 mEstimatedLapTime=44.322
mLapStartET=0.000 mCurrentET=755.400 Elapsed=755.400 mLapDist=93.033/1613.419 mTimeIntoLap=2.009 mEstimatedLapTime=44.322
mLapStartET=0.000 mCurrentET=755.600 Elapsed=755.600 mLapDist=96.298/1613.419 mTimeIntoLap=2.075 mEstimatedLapTime=44.322
mLapStartET=0.000 mCurrentET=755.800 Elapsed=755.800 mLapDist=99.603/1613.419 mTimeIntoLap=2.141 mEstimatedLapTime=44.322
mLapStartET=0.000 mCurrentET=756.000 Elapsed=756.000 mLapDist=102.865/1613.419 mTimeIntoLap=2.206 mEstimatedLapTime=44.322
mLapStartET=0.000 mCurrentET=756.200 Elapsed=756.200 mLapDist=106.127/1613.419 mTimeIntoLap=2.271 mEstimatedLapTime=44.322
mLapStartET=0.000 mCurrentET=756.400 Elapsed=756.400 mLapDist=109.429/1613.419 mTimeIntoLap=2.336 mEstimatedLapTime=44.322
mLapStartET=0.000 mCurrentET=756.600 Elapsed=756.600 mLapDist=112.685/1613.419 mTimeIntoLap=2.401 mEstimatedLapTime=44.322
mLapStartET=0.000 mCurrentET=756.800 Elapsed=756.800 mLapDist=115.937/1613.419 mTimeIntoLap=2.465 mEstimatedLapTime=44.322
mLapStartET=0.000 mCurrentET=757.000 Elapsed=757.000 mLapDist=119.239/1613.419 mTimeIntoLap=2.530 mEstimatedLapTime=44.322
mLapStartET=0.000 mCurrentET=757.200 Elapsed=757.200 mLapDist=122.489/1613.419 mTimeIntoLap=2.594 mEstimatedLapTime=44.322
mLapStartET=0.000 mCurrentET=757.400 Elapsed=757.400 mLapDist=125.738/1613.419 mTimeIntoLap=2.657 mEstimatedLapTime=44.322
mLapStartET=0.000 mCurrentET=757.600 Elapsed=757.600 mLapDist=129.042/1613.419 mTimeIntoLap=2.721 mEstimatedLapTime=44.322
mLapStartET=0.000 mCurrentET=757.800 Elapsed=757.800 mLapDist=132.292/1613.419 mTimeIntoLap=2.784 mEstimatedLapTime=44.322
mLapStartET=0.000 mCurrentET=758.000 Elapsed=758.000 mLapDist=135.542/1613.419 mTimeIntoLap=2.847 mEstimatedLapTime=44.322
mLapStartET=0.000 mCurrentET=758.200 Elapsed=758.200 mLapDist=138.847/1613.419 mTimeIntoLap=2.910 mEstimatedLapTime=44.322
mLapStartET=0.000 mCurrentET=758.400 Elapsed=758.400 mLapDist=142.128/1613.419 mTimeIntoLap=2.974 mEstimatedLapTime=44.322
mLapStartET=0.000 mCurrentET=758.600 Elapsed=758.600 mLapDist=145.699/1613.419 mTimeIntoLap=3.042 mEstimatedLapTime=44.322
mLapStartET=0.000 mCurrentET=758.800 Elapsed=758.800 mLapDist=149.665/1613.419 mTimeIntoLap=3.117 mEstimatedLapTime=44.322
mLapStartET=0.000 mCurrentET=759.000 Elapsed=759.000 mLapDist=153.913/1613.419 mTimeIntoLap=3.198 mEstimatedLapTime=44.322
mLapStartET=0.000 mCurrentET=759.200 Elapsed=759.200 mLapDist=158.428/1613.419 mTimeIntoLap=3.283 mEstimatedLapTime=44.322
mLapStartET=0.000 mCurrentET=759.400 Elapsed=759.400 mLapDist=163.169/1613.419 mTimeIntoLap=3.372 mEstimatedLapTime=44.322
mLapStartET=0.000 mCurrentET=759.600 Elapsed=759.600 mLapDist=168.222/1613.419 mTimeIntoLap=3.467 mEstimatedLapTime=44.322
mLapStartET=0.000 mCurrentET=759.800 Elapsed=759.800 mLapDist=173.563/1613.419 mTimeIntoLap=3.566 mEstimatedLapTime=44.322
mLapStartET=0.000 mCurrentET=760.000 Elapsed=760.000 mLapDist=179.182/1613.419 mTimeIntoLap=3.671 mEstimatedLapTime=44.322
mLapStartET=0.000 mCurrentET=760.200 Elapsed=760.200 mLapDist=185.020/1613.419 mTimeIntoLap=3.779 mEstimatedLapTime=44.322
mLapStartET=0.000 mCurrentET=760.400 Elapsed=760.400 mLapDist=191.165/1613.419 mTimeIntoLap=3.892 mEstimatedLapTime=44.322
mLapStartET=0.000 mCurrentET=760.600 Elapsed=760.600 mLapDist=197.482/1613.419 mTimeIntoLap=4.007 mEstimatedLapTime=44.322
mLapStartET=0.000 mCurrentET=760.800 Elapsed=760.800 mLapDist=203.964/1613.419 mTimeIntoLap=4.125 mEstimatedLapTime=44.322
mLapStartET=0.000 mCurrentET=761.000 Elapsed=761.000 mLapDist=210.610/1613.419 mTimeIntoLap=4.246 mEstimatedLapTime=44.322
mLapStartET=0.000 mCurrentET=761.200 Elapsed=761.200 mLapDist=217.530/1613.419 mTimeIntoLap=4.372 mEstimatedLapTime=44.322
mLapStartET=0.000 mCurrentET=761.400 Elapsed=761.400 mLapDist=224.609/1613.419 mTimeIntoLap=4.508 mEstimatedLapTime=44.322
mLapStartET=0.000 mCurrentET=761.600 Elapsed=761.600 mLapDist=231.913/1613.419 mTimeIntoLap=4.654 mEstimatedLapTime=44.322
mLapStartET=0.000 mCurrentET=761.800 Elapsed=761.800 mLapDist=239.125/1613.419 mTimeIntoLap=4.808 mEstimatedLapTime=44.322
mLapStartET=0.000 mCurrentET=762.000 Elapsed=762.000 mLapDist=246.108/1613.419 mTimeIntoLap=4.966 mEstimatedLapTime=44.322
mLapStartET=0.000 mCurrentET=762.200 Elapsed=762.200 mLapDist=252.766/1613.419 mTimeIntoLap=5.127 mEstimatedLapTime=44.322
mLapStartET=0.000 mCurrentET=762.400 Elapsed=762.400 mLapDist=259.656/1613.419 mTimeIntoLap=5.307 mEstimatedLapTime=44.322
mLapStartET=0.000 mCurrentET=762.600 Elapsed=762.600 mLapDist=265.880/1613.419 mTimeIntoLap=5.141 mEstimatedLapTime=44.322
mLapStartET=0.000 mCurrentET=762.800 Elapsed=762.800 mLapDist=271.502/1613.419 mTimeIntoLap=5.338 mEstimatedLapTime=44.322
mLapStartET=0.000 mCurrentET=763.000 Elapsed=763.000 mLapDist=276.776/1613.419 mTimeIntoLap=5.548 mEstimatedLapTime=44.322
mLapStartET=0.000 mCurrentET=763.200 Elapsed=763.200 mLapDist=281.785/1613.419 mTimeIntoLap=5.773 mEstimatedLapTime=44.322
mLapStartET=0.000 mCurrentET=763.400 Elapsed=763.400 mLapDist=286.663/1613.419 mTimeIntoLap=6.006 mEstimatedLapTime=44.322
mLapStartET=0.000 mCurrentET=763.600 Elapsed=763.600 mLapDist=291.461/1613.419 mTimeIntoLap=6.233 mEstimatedLapTime=44.322
mLapStartET=0.000 mCurrentET=763.800 Elapsed=763.800 mLapDist=296.134/1613.419 mTimeIntoLap=6.439 mEstimatedLapTime=44.322
mLapStartET=0.000 mCurrentET=764.000 Elapsed=764.000 mLapDist=300.505/1613.419 mTimeIntoLap=6.617 mEstimatedLapTime=44.322
mLapStartET=0.000 mCurrentET=764.200 Elapsed=764.200 mLapDist=304.284/1613.419 mTimeIntoLap=6.768 mEstimatedLapTime=44.322
mLapStartET=0.000 mCurrentET=764.400 Elapsed=764.400 mLapDist=307.317/1613.419 mTimeIntoLap=6.890 mEstimatedLapTime=44.322
mLapStartET=0.000 mCurrentET=764.600 Elapsed=764.600 mLapDist=309.879/1613.419 mTimeIntoLap=6.991 mEstimatedLapTime=44.322
mLapStartET=0.000 mCurrentET=764.800 Elapsed=764.800 mLapDist=312.066/1613.419 mTimeIntoLap=7.076 mEstimatedLapTime=44.322
mLapStartET=0.000 mCurrentET=765.000 Elapsed=765.000 mLapDist=313.632/1613.419 mTimeIntoLap=7.136 mEstimatedLapTime=44.322
mLapStartET=0.000 mCurrentET=765.200 Elapsed=765.200 mLapDist=315.492/1613.419 mTimeIntoLap=7.208 mEstimatedLapTime=44.322
mLapStartET=0.000 mCurrentET=765.400 Elapsed=765.400 mLapDist=317.322/1613.419 mTimeIntoLap=7.279 mEstimatedLapTime=44.322
mLapStartET=0.000 mCurrentET=765.600 Elapsed=765.600 mLapDist=318.438/1613.419 mTimeIntoLap=7.320 mEstimatedLapTime=44.322
mLapStartET=0.000 mCurrentET=765.800 Elapsed=765.800 mLapDist=320.185/1613.419 mTimeIntoLap=7.389 mEstimatedLapTime=44.322
mLapStartET=0.000 mCurrentET=766.000 Elapsed=766.000 mLapDist=321.924/1613.419 mTimeIntoLap=7.459 mEstimatedLapTime=44.322
mLapStartET=0.000 mCurrentET=766.200 Elapsed=766.200 mLapDist=323.061/1613.419 mTimeIntoLap=7.504 mEstimatedLapTime=44.322
mLapStartET=0.000 mCurrentET=766.400 Elapsed=766.400 mLapDist=324.857/1613.419 mTimeIntoLap=7.577 mEstimatedLapTime=44.322
mLapStartET=0.000 mCurrentET=766.600 Elapsed=766.600 mLapDist=326.689/1613.419 mTimeIntoLap=7.658 mEstimatedLapTime=44.322
mLapStartET=0.000 mCurrentET=766.800 Elapsed=766.800 mLapDist=328.237/1613.419 mTimeIntoLap=7.725 mEstimatedLapTime=44.322
mLapStartET=0.000 mCurrentET=767.000 Elapsed=767.000 mLapDist=330.261/1613.419 mTimeIntoLap=7.815 mEstimatedLapTime=44.322
mLapStartET=0.000 mCurrentET=767.200 Elapsed=767.200 mLapDist=332.407/1613.419 mTimeIntoLap=7.913 mEstimatedLapTime=44.322
mLapStartET=0.000 mCurrentET=767.400 Elapsed=767.400 mLapDist=334.608/1613.419 mTimeIntoLap=8.014 mEstimatedLapTime=44.322
mLapStartET=0.000 mCurrentET=767.600 Elapsed=767.600 mLapDist=337.157/1613.419 mTimeIntoLap=8.127 mEstimatedLapTime=44.322
mLapStartET=0.000 mCurrentET=767.800 Elapsed=767.800 mLapDist=339.869/1613.419 mTimeIntoLap=8.247 mEstimatedLapTime=44.322
mLapStartET=0.000 mCurrentET=768.000 Elapsed=768.000 mLapDist=342.845/1613.419 mTimeIntoLap=8.373 mEstimatedLapTime=44.322
mLapStartET=0.000 mCurrentET=768.200 Elapsed=768.200 mLapDist=346.130/1613.419 mTimeIntoLap=8.508 mEstimatedLapTime=44.322
mLapStartET=0.000 mCurrentET=768.400 Elapsed=768.400 mLapDist=349.658/1613.419 mTimeIntoLap=8.648 mEstimatedLapTime=44.322
mLapStartET=0.000 mCurrentET=768.600 Elapsed=768.600 mLapDist=353.459/1613.419 mTimeIntoLap=8.791 mEstimatedLapTime=44.322
mLapStartET=0.000 mCurrentET=768.800 Elapsed=768.800 mLapDist=357.526/1613.419 mTimeIntoLap=8.938 mEstimatedLapTime=44.322
mLapStartET=0.000 mCurrentET=769.000 Elapsed=769.000 mLapDist=361.900/1613.419 mTimeIntoLap=9.090 mEstimatedLapTime=44.322
mLapStartET=0.000 mCurrentET=769.200 Elapsed=769.200 mLapDist=366.528/1613.419 mTimeIntoLap=9.244 mEstimatedLapTime=44.322
mLapStartET=0.000 mCurrentET=769.400 Elapsed=769.400 mLapDist=371.455/1613.419 mTimeIntoLap=9.403 mEstimatedLapTime=44.322
mLapStartET=0.000 mCurrentET=769.600 Elapsed=769.600 mLapDist=376.674/1613.419 mTimeIntoLap=9.565 mEstimatedLapTime=44.322
mLapStartET=0.000 mCurrentET=769.800 Elapsed=769.800 mLapDist=382.162/1613.419 mTimeIntoLap=9.732 mEstimatedLapTime=44.322
mLapStartET=0.000 mCurrentET=770.000 Elapsed=770.000 mLapDist=387.749/1613.419 mTimeIntoLap=9.900 mEstimatedLapTime=44.322
mLapStartET=0.000 mCurrentET=770.200 Elapsed=770.200 mLapDist=393.451/1613.419 mTimeIntoLap=10.069 mEstimatedLapTime=44.322
mLapStartET=0.000 mCurrentET=770.400 Elapsed=770.400 mLapDist=399.327/1613.419 mTimeIntoLap=10.238 mEstimatedLapTime=44.322
mLapStartET=0.000 mCurrentET=770.600 Elapsed=770.600 mLapDist=405.465/1613.419 mTimeIntoLap=10.406 mEstimatedLapTime=44.322
mLapStartET=0.000 mCurrentET=770.800 Elapsed=770.800 mLapDist=411.903/1613.419 mTimeIntoLap=10.572 mEstimatedLapTime=44.322
mLapStartET=0.000 mCurrentET=771.000 Elapsed=771.000 mLapDist=418.864/1613.419 mTimeIntoLap=10.746 mEstimatedLapTime=44.322
mLapStartET=0.000 mCurrentET=771.200 Elapsed=771.200 mLapDist=425.864/1613.419 mTimeIntoLap=10.918 mEstimatedLapTime=44.322
mLapStartET=0.000 mCurrentET=771.400 Elapsed=771.400 mLapDist=432.971/1613.419 mTimeIntoLap=11.096 mEstimatedLapTime=44.322
mLapStartET=0.000 mCurrentET=771.600 Elapsed=771.600 mLapDist=439.949/1613.419 mTimeIntoLap=11.271 mEstimatedLapTime=44.322
mLapStartET=0.000 mCurrentET=771.800 Elapsed=771.800 mLapDist=447.022/1613.419 mTimeIntoLap=11.445 mEstimatedLapTime=44.322
mLapStartET=0.000 mCurrentET=772.000 Elapsed=772.000 mLapDist=454.502/1613.419 mTimeIntoLap=11.622 mEstimatedLapTime=44.322
mLapStartET=0.000 mCurrentET=772.200 Elapsed=772.200 mLapDist=462.243/1613.419 mTimeIntoLap=11.796 mEstimatedLapTime=44.322
mLapStartET=0.000 mCurrentET=772.400 Elapsed=772.400 mLapDist=470.488/1613.419 mTimeIntoLap=11.975 mEstimatedLapTime=44.322
mLapStartET=0.000 mCurrentET=772.600 Elapsed=772.600 mLapDist=478.889/1613.419 mTimeIntoLap=12.155 mEstimatedLapTime=44.322
mLapStartET=0.000 mCurrentET=772.800 Elapsed=772.800 mLapDist=487.002/1613.419 mTimeIntoLap=12.332 mEstimatedLapTime=44.322
mLapStartET=0.000 mCurrentET=773.000 Elapsed=773.000 mLapDist=495.278/1613.419 mTimeIntoLap=12.515 mEstimatedLapTime=44.322
mLapStartET=0.000 mCurrentET=773.200 Elapsed=773.200 mLapDist=503.479/1613.419 mTimeIntoLap=12.696 mEstimatedLapTime=44.322
mLapStartET=0.000 mCurrentET=773.400 Elapsed=773.400 mLapDist=511.746/1613.419 mTimeIntoLap=12.877 mEstimatedLapTime=44.322
mLapStartET=0.000 mCurrentET=773.600 Elapsed=773.600 mLapDist=520.152/1613.419 mTimeIntoLap=13.058 mEstimatedLapTime=44.322
mLapStartET=0.000 mCurrentET=773.800 Elapsed=773.800 mLapDist=528.688/1613.419 mTimeIntoLap=13.240 mEstimatedLapTime=44.322
mLapStartET=0.000 mCurrentET=774.000 Elapsed=774.000 mLapDist=537.350/1613.419 mTimeIntoLap=13.421 mEstimatedLapTime=44.322
mLapStartET=0.000 mCurrentET=774.200 Elapsed=774.200 mLapDist=546.134/1613.419 mTimeIntoLap=13.603 mEstimatedLapTime=44.322
mLapStartET=0.000 mCurrentET=774.400 Elapsed=774.400 mLapDist=555.036/1613.419 mTimeIntoLap=13.786 mEstimatedLapTime=44.322
mLapStartET=0.000 mCurrentET=774.600 Elapsed=774.600 mLapDist=564.058/1613.419 mTimeIntoLap=13.969 mEstimatedLapTime=44.322
mLapStartET=0.000 mCurrentET=774.800 Elapsed=774.800 mLapDist=573.196/1613.419 mTimeIntoLap=14.153 mEstimatedLapTime=44.322
mLapStartET=0.000 mCurrentET=775.000 Elapsed=775.000 mLapDist=582.450/1613.419 mTimeIntoLap=14.337 mEstimatedLapTime=44.322
mLapStartET=0.000 mCurrentET=775.200 Elapsed=775.200 mLapDist=591.820/1613.419 mTimeIntoLap=14.522 mEstimatedLapTime=44.322
mLapStartET=0.000 mCurrentET=775.400 Elapsed=775.400 mLapDist=601.300/1613.419 mTimeIntoLap=14.708 mEstimatedLapTime=44.322
mLapStartET=0.000 mCurrentET=775.600 Elapsed=775.600 mLapDist=610.889/1613.419 mTimeIntoLap=14.894 mEstimatedLapTime=44.322
mLapStartET=0.000 mCurrentET=775.800 Elapsed=775.800 mLapDist=620.594/1613.419 mTimeIntoLap=15.080 mEstimatedLapTime=44.322
mLapStartET=0.000 mCurrentET=776.000 Elapsed=776.000 mLapDist=630.337/1613.419 mTimeIntoLap=15.266 mEstimatedLapTime=44.322
mLapStartET=0.000 mCurrentET=776.200 Elapsed=776.200 mLapDist=639.776/1613.419 mTimeIntoLap=15.444 mEstimatedLapTime=44.322
mLapStartET=0.000 mCurrentET=776.400 Elapsed=776.400 mLapDist=648.737/1613.419 mTimeIntoLap=15.611 mEstimatedLapTime=44.322
mLapStartET=0.000 mCurrentET=776.600 Elapsed=776.600 mLapDist=657.179/1613.419 mTimeIntoLap=15.768 mEstimatedLapTime=44.322
mLapStartET=0.000 mCurrentET=776.800 Elapsed=776.800 mLapDist=665.077/1613.419 mTimeIntoLap=15.916 mEstimatedLapTime=44.322
mLapStartET=0.000 mCurrentET=777.000 Elapsed=777.000 mLapDist=672.398/1613.419 mTimeIntoLap=16.059 mEstimatedLapTime=44.322
mLapStartET=0.000 mCurrentET=777.200 Elapsed=777.200 mLapDist=679.123/1613.419 mTimeIntoLap=16.197 mEstimatedLapTime=44.322
mLapStartET=0.000 mCurrentET=777.400 Elapsed=777.400 mLapDist=685.283/1613.419 mTimeIntoLap=16.331 mEstimatedLapTime=44.322
mLapStartET=0.000 mCurrentET=777.600 Elapsed=777.600 mLapDist=690.897/1613.419 mTimeIntoLap=16.460 mEstimatedLapTime=44.322
mLapStartET=0.000 mCurrentET=777.800 Elapsed=777.800 mLapDist=695.983/1613.419 mTimeIntoLap=16.583 mEstimatedLapTime=44.322
mLapStartET=0.000 mCurrentET=778.000 Elapsed=778.000 mLapDist=700.562/1613.419 mTimeIntoLap=16.700 mEstimatedLapTime=44.322
mLapStartET=0.000 mCurrentET=778.200 Elapsed=778.200 mLapDist=704.780/1613.419 mTimeIntoLap=16.815 mEstimatedLapTime=44.322
mLapStartET=0.000 mCurrentET=778.400 Elapsed=778.400 mLapDist=708.859/1613.419 mTimeIntoLap=16.934 mEstimatedLapTime=44.322
mLapStartET=0.000 mCurrentET=778.600 Elapsed=778.600 mLapDist=712.867/1613.419 mTimeIntoLap=17.059 mEstimatedLapTime=44.322
mLapStartET=0.000 mCurrentET=778.800 Elapsed=778.800 mLapDist=716.722/1613.419 mTimeIntoLap=17.186 mEstimatedLapTime=44.322
mLapStartET=0.000 mCurrentET=779.000 Elapsed=779.000 mLapDist=720.865/1613.419 mTimeIntoLap=17.328 mEstimatedLapTime=44.322
mLapStartET=0.000 mCurrentET=779.200 Elapsed=779.200 mLapDist=725.261/1613.419 mTimeIntoLap=17.485 mEstimatedLapTime=44.322
mLapStartET=0.000 mCurrentET=779.400 Elapsed=779.400 mLapDist=729.831/1613.419 mTimeIntoLap=17.652 mEstimatedLapTime=44.322
mLapStartET=0.000 mCurrentET=779.600 Elapsed=779.600 mLapDist=734.539/1613.419 mTimeIntoLap=17.825 mEstimatedLapTime=44.322
mLapStartET=0.000 mCurrentET=779.800 Elapsed=779.800 mLapDist=739.356/1613.419 mTimeIntoLap=18.001 mEstimatedLapTime=44.322
mLapStartET=0.000 mCurrentET=780.000 Elapsed=780.000 mLapDist=744.165/1613.419 mTimeIntoLap=18.173 mEstimatedLapTime=44.322
mLapStartET=0.000 mCurrentET=780.200 Elapsed=780.200 mLapDist=748.883/1613.419 mTimeIntoLap=18.342 mEstimatedLapTime=44.322
mLapStartET=0.000 mCurrentET=780.400 Elapsed=780.400 mLapDist=753.488/1613.419 mTimeIntoLap=18.509 mEstimatedLapTime=44.322
mLapStartET=0.000 mCurrentET=780.600 Elapsed=780.600 mLapDist=757.973/1613.419 mTimeIntoLap=18.671 mEstimatedLapTime=44.322
mLapStartET=0.000 mCurrentET=780.800 Elapsed=780.800 mLapDist=761.737/1613.419 mTimeIntoLap=18.809 mEstimatedLapTime=44.322
mLapStartET=0.000 mCurrentET=781.000 Elapsed=781.000 mLapDist=766.065/1613.419 mTimeIntoLap=18.970 mEstimatedLapTime=44.322
mLapStartET=0.000 mCurrentET=781.200 Elapsed=781.200 mLapDist=770.308/1613.419 mTimeIntoLap=19.131 mEstimatedLapTime=44.322
mLapStartET=0.000 mCurrentET=781.400 Elapsed=781.400 mLapDist=774.495/1613.419 mTimeIntoLap=19.291 mEstimatedLapTime=44.322
mLapStartET=0.000 mCurrentET=781.600 Elapsed=781.600 mLapDist=778.691/1613.419 mTimeIntoLap=19.451 mEstimatedLapTime=44.322
mLapStartET=0.000 mCurrentET=781.800 Elapsed=781.800 mLapDist=782.983/1613.419 mTimeIntoLap=19.613 mEstimatedLapTime=44.322
mLapStartET=0.000 mCurrentET=782.000 Elapsed=782.000 mLapDist=786.891/1613.419 mTimeIntoLap=19.759 mEstimatedLapTime=44.322
mLapStartET=0.000 mCurrentET=782.200 Elapsed=782.200 mLapDist=791.384/1613.419 mTimeIntoLap=19.923 mEstimatedLapTime=44.322
mLapStartET=0.000 mCurrentET=782.400 Elapsed=782.400 mLapDist=795.936/1613.419 mTimeIntoLap=20.087 mEstimatedLapTime=44.322
mLapStartET=0.000 mCurrentET=782.600 Elapsed=782.600 mLapDist=800.547/1613.419 mTimeIntoLap=20.251 mEstimatedLapTime=44.322
mLapStartET=0.000 mCurrentET=782.800 Elapsed=782.800 mLapDist=805.226/1613.419 mTimeIntoLap=20.414 mEstimatedLapTime=44.322
mLapStartET=0.000 mCurrentET=783.000 Elapsed=783.000 mLapDist=809.954/1613.419 mTimeIntoLap=20.577 mEstimatedLapTime=44.322
mLapStartET=0.000 mCurrentET=783.200 Elapsed=783.200 mLapDist=814.721/1613.419 mTimeIntoLap=20.742 mEstimatedLapTime=44.322
mLapStartET=0.000 mCurrentET=783.400 Elapsed=783.400 mLapDist=819.532/1613.419 mTimeIntoLap=20.909 mEstimatedLapTime=44.322
mLapStartET=0.000 mCurrentET=783.600 Elapsed=783.600 mLapDist=824.362/1613.419 mTimeIntoLap=21.077 mEstimatedLapTime=44.322
mLapStartET=0.000 mCurrentET=783.800 Elapsed=783.800 mLapDist=829.179/1613.419 mTimeIntoLap=21.245 mEstimatedLapTime=44.322
mLapStartET=0.000 mCurrentET=784.000 Elapsed=784.000 mLapDist=834.042/1613.419 mTimeIntoLap=21.412 mEstimatedLapTime=44.322
mLapStartET=0.000 mCurrentET=784.200 Elapsed=784.200 mLapDist=839.061/1613.419 mTimeIntoLap=21.579 mEstimatedLapTime=44.322
mLapStartET=0.000 mCurrentET=784.400 Elapsed=784.400 mLapDist=844.307/1613.419 mTimeIntoLap=21.747 mEstimatedLapTime=44.322
mLapStartET=0.000 mCurrentET=784.600 Elapsed=784.600 mLapDist=849.822/1613.419 mTimeIntoLap=21.917 mEstimatedLapTime=44.322
mLapStartET=0.000 mCurrentET=784.800 Elapsed=784.800 mLapDist=855.605/1613.419 mTimeIntoLap=22.089 mEstimatedLapTime=44.322
mLapStartET=0.000 mCurrentET=785.000 Elapsed=785.000 mLapDist=861.646/1613.419 mTimeIntoLap=22.263 mEstimatedLapTime=44.322
mLapStartET=0.000 mCurrentET=785.200 Elapsed=785.200 mLapDist=867.917/1613.419 mTimeIntoLap=22.439 mEstimatedLapTime=44.322
mLapStartET=0.000 mCurrentET=785.400 Elapsed=785.400 mLapDist=874.305/1613.419 mTimeIntoLap=22.615 mEstimatedLapTime=44.322
mLapStartET=0.000 mCurrentET=785.600 Elapsed=785.600 mLapDist=880.905/1613.419 mTimeIntoLap=22.793 mEstimatedLapTime=44.322
mLapStartET=0.000 mCurrentET=785.800 Elapsed=785.800 mLapDist=887.689/1613.419 mTimeIntoLap=22.973 mEstimatedLapTime=44.322
mLapStartET=0.000 mCurrentET=786.000 Elapsed=786.000 mLapDist=894.535/1613.419 mTimeIntoLap=23.152 mEstimatedLapTime=44.322
mLapStartET=0.000 mCurrentET=786.200 Elapsed=786.200 mLapDist=900.964/1613.419 mTimeIntoLap=23.316 mEstimatedLapTime=44.322
mLapStartET=0.000 mCurrentET=786.400 Elapsed=786.400 mLapDist=906.823/1613.419 mTimeIntoLap=23.463 mEstimatedLapTime=44.322
mLapStartET=0.000 mCurrentET=786.600 Elapsed=786.600 mLapDist=912.100/1613.419 mTimeIntoLap=23.596 mEstimatedLapTime=44.322
mLapStartET=0.000 mCurrentET=786.800 Elapsed=786.800 mLapDist=916.822/1613.419 mTimeIntoLap=23.720 mEstimatedLapTime=44.322
mLapStartET=0.000 mCurrentET=787.000 Elapsed=787.000 mLapDist=921.047/1613.419 mTimeIntoLap=23.837 mEstimatedLapTime=44.322
mLapStartET=0.000 mCurrentET=787.200 Elapsed=787.200 mLapDist=924.924/1613.419 mTimeIntoLap=23.951 mEstimatedLapTime=44.322
mLapStartET=0.000 mCurrentET=787.400 Elapsed=787.400 mLapDist=928.712/1613.419 mTimeIntoLap=24.071 mEstimatedLapTime=44.322
mLapStartET=0.000 mCurrentET=787.600 Elapsed=787.600 mLapDist=932.500/1613.419 mTimeIntoLap=24.198 mEstimatedLapTime=44.322
mLapStartET=0.000 mCurrentET=787.800 Elapsed=787.800 mLapDist=936.305/1613.419 mTimeIntoLap=24.335 mEstimatedLapTime=44.322
mLapStartET=0.000 mCurrentET=788.000 Elapsed=788.000 mLapDist=940.067/1613.419 mTimeIntoLap=24.481 mEstimatedLapTime=44.322
mLapStartET=0.000 mCurrentET=788.200 Elapsed=788.200 mLapDist=943.814/1613.419 mTimeIntoLap=24.647 mEstimatedLapTime=44.322
mLapStartET=0.000 mCurrentET=788.400 Elapsed=788.400 mLapDist=947.723/1613.419 mTimeIntoLap=24.833 mEstimatedLapTime=44.322
mLapStartET=0.000 mCurrentET=788.600 Elapsed=788.600 mLapDist=951.466/1613.419 mTimeIntoLap=25.020 mEstimatedLapTime=44.322
mLapStartET=0.000 mCurrentET=788.800 Elapsed=788.800 mLapDist=955.759/1613.419 mTimeIntoLap=25.234 mEstimatedLapTime=44.322
mLapStartET=0.000 mCurrentET=789.000 Elapsed=789.000 mLapDist=960.264/1613.419 mTimeIntoLap=25.448 mEstimatedLapTime=44.322
mLapStartET=0.000 mCurrentET=789.200 Elapsed=789.200 mLapDist=964.788/1613.419 mTimeIntoLap=25.652 mEstimatedLapTime=44.322
mLapStartET=0.000 mCurrentET=789.400 Elapsed=789.400 mLapDist=969.201/1613.419 mTimeIntoLap=25.848 mEstimatedLapTime=44.322
mLapStartET=0.000 mCurrentET=789.600 Elapsed=789.600 mLapDist=973.415/1613.419 mTimeIntoLap=26.034 mEstimatedLapTime=44.322
mLapStartET=0.000 mCurrentET=789.800 Elapsed=789.800 mLapDist=976.595/1613.419 mTimeIntoLap=26.171 mEstimatedLapTime=44.322
mLapStartET=0.000 mCurrentET=790.000 Elapsed=790.000 mLapDist=980.566/1613.419 mTimeIntoLap=26.338 mEstimatedLapTime=44.322
mLapStartET=0.000 mCurrentET=790.200 Elapsed=790.200 mLapDist=984.416/1613.419 mTimeIntoLap=26.496 mEstimatedLapTime=44.322
mLapStartET=0.000 mCurrentET=790.400 Elapsed=790.400 mLapDist=988.097/1613.419 mTimeIntoLap=26.651 mEstimatedLapTime=44.322
mLapStartET=0.000 mCurrentET=790.600 Elapsed=790.600 mLapDist=990.960/1613.419 mTimeIntoLap=26.777 mEstimatedLapTime=44.322
mLapStartET=0.000 mCurrentET=790.800 Elapsed=790.800 mLapDist=994.393/1613.419 mTimeIntoLap=26.933 mEstimatedLapTime=44.322
mLapStartET=0.000 mCurrentET=791.000 Elapsed=791.000 mLapDist=997.276/1613.419 mTimeIntoLap=27.068 mEstimatedLapTime=44.322
mLapStartET=0.000 mCurrentET=791.200 Elapsed=791.200 mLapDist=1000.620/1613.419 mTimeIntoLap=27.225 mEstimatedLapTime=44.322
mLapStartET=0.000 mCurrentET=791.400 Elapsed=791.400 mLapDist=1003.914/1613.419 mTimeIntoLap=27.378 mEstimatedLapTime=44.322
mLapStartET=0.000 mCurrentET=791.600 Elapsed=791.600 mLapDist=1007.160/1613.419 mTimeIntoLap=27.524 mEstimatedLapTime=44.322
mLapStartET=0.000 mCurrentET=791.800 Elapsed=791.800 mLapDist=1010.723/1613.419 mTimeIntoLap=27.679 mEstimatedLapTime=44.322
mLapStartET=0.000 mCurrentET=792.000 Elapsed=792.000 mLapDist=1014.504/1613.419 mTimeIntoLap=27.834 mEstimatedLapTime=44.322
mLapStartET=0.000 mCurrentET=792.200 Elapsed=792.200 mLapDist=1018.573/1613.419 mTimeIntoLap=27.989 mEstimatedLapTime=44.322
mLapStartET=0.000 mCurrentET=792.400 Elapsed=792.400 mLapDist=1022.955/1613.419 mTimeIntoLap=28.148 mEstimatedLapTime=44.322
mLapStartET=0.000 mCurrentET=792.600 Elapsed=792.600 mLapDist=1027.639/1613.419 mTimeIntoLap=28.310 mEstimatedLapTime=44.322
mLapStartET=0.000 mCurrentET=792.800 Elapsed=792.800 mLapDist=1032.601/1613.419 mTimeIntoLap=28.475 mEstimatedLapTime=44.322
mLapStartET=0.000 mCurrentET=793.000 Elapsed=793.000 mLapDist=1037.827/1613.419 mTimeIntoLap=28.642 mEstimatedLapTime=44.322
mLapStartET=0.000 mCurrentET=793.200 Elapsed=793.200 mLapDist=1043.303/1613.419 mTimeIntoLap=28.813 mEstimatedLapTime=44.322
mLapStartET=0.000 mCurrentET=793.400 Elapsed=793.400 mLapDist=1049.029/1613.419 mTimeIntoLap=28.985 mEstimatedLapTime=44.322
mLapStartET=0.000 mCurrentET=793.600 Elapsed=793.600 mLapDist=1054.999/1613.419 mTimeIntoLap=29.160 mEstimatedLapTime=44.322
mLapStartET=0.000 mCurrentET=793.800 Elapsed=793.800 mLapDist=1061.168/1613.419 mTimeIntoLap=29.334 mEstimatedLapTime=44.322
mLapStartET=0.000 mCurrentET=794.000 Elapsed=794.000 mLapDist=1067.485/1613.419 mTimeIntoLap=29.508 mEstimatedLapTime=44.322
mLapStartET=0.000 mCurrentET=794.200 Elapsed=794.200 mLapDist=1074.044/1613.419 mTimeIntoLap=29.684 mEstimatedLapTime=44.322
mLapStartET=0.000 mCurrentET=794.400 Elapsed=794.400 mLapDist=1080.826/1613.419 mTimeIntoLap=29.862 mEstimatedLapTime=44.322
mLapStartET=0.000 mCurrentET=794.600 Elapsed=794.600 mLapDist=1087.789/1613.419 mTimeIntoLap=30.039 mEstimatedLapTime=44.322
mLapStartET=0.000 mCurrentET=794.800 Elapsed=794.800 mLapDist=1094.956/1613.419 mTimeIntoLap=30.219 mEstimatedLapTime=44.322
mLapStartET=0.000 mCurrentET=795.000 Elapsed=795.000 mLapDist=1102.301/1613.419 mTimeIntoLap=30.399 mEstimatedLapTime=44.322
mLapStartET=0.000 mCurrentET=795.200 Elapsed=795.200 mLapDist=1109.814/1613.419 mTimeIntoLap=30.580 mEstimatedLapTime=44.322
mLapStartET=0.000 mCurrentET=795.400 Elapsed=795.400 mLapDist=1117.478/1613.419 mTimeIntoLap=30.761 mEstimatedLapTime=44.322
mLapStartET=0.000 mCurrentET=795.600 Elapsed=795.600 mLapDist=1125.224/1613.419 mTimeIntoLap=30.939 mEstimatedLapTime=44.322
mLapStartET=0.000 mCurrentET=795.800 Elapsed=795.800 mLapDist=1132.784/1613.419 mTimeIntoLap=31.107 mEstimatedLapTime=44.322
mLapStartET=0.000 mCurrentET=796.000 Elapsed=796.000 mLapDist=1139.900/1613.419 mTimeIntoLap=31.264 mEstimatedLapTime=44.322
mLapStartET=0.000 mCurrentET=796.200 Elapsed=796.200 mLapDist=1146.560/1613.419 mTimeIntoLap=31.416 mEstimatedLapTime=44.322
mLapStartET=0.000 mCurrentET=796.400 Elapsed=796.400 mLapDist=1152.840/1613.419 mTimeIntoLap=31.572 mEstimatedLapTime=44.322
mLapStartET=0.000 mCurrentET=796.600 Elapsed=796.600 mLapDist=1158.094/1613.419 mTimeIntoLap=31.717 mEstimatedLapTime=44.322
mLapStartET=0.000 mCurrentET=796.800 Elapsed=796.800 mLapDist=1162.668/1613.419 mTimeIntoLap=31.856 mEstimatedLapTime=44.322
mLapStartET=0.000 mCurrentET=797.000 Elapsed=797.000 mLapDist=1166.628/1613.419 mTimeIntoLap=31.987 mEstimatedLapTime=44.322
mLapStartET=0.000 mCurrentET=797.200 Elapsed=797.200 mLapDist=1170.234/1613.419 mTimeIntoLap=32.115 mEstimatedLapTime=44.322
mLapStartET=0.000 mCurrentET=797.400 Elapsed=797.400 mLapDist=1173.670/1613.419 mTimeIntoLap=32.250 mEstimatedLapTime=44.322
mLapStartET=0.000 mCurrentET=797.600 Elapsed=797.600 mLapDist=1176.868/1613.419 mTimeIntoLap=32.380 mEstimatedLapTime=44.322
mLapStartET=0.000 mCurrentET=797.800 Elapsed=797.800 mLapDist=1180.208/1613.419 mTimeIntoLap=32.521 mEstimatedLapTime=44.322
mLapStartET=0.000 mCurrentET=798.000 Elapsed=798.000 mLapDist=1184.011/1613.419 mTimeIntoLap=32.684 mEstimatedLapTime=44.322
mLapStartET=0.000 mCurrentET=798.200 Elapsed=798.200 mLapDist=1186.999/1613.419 mTimeIntoLap=32.807 mEstimatedLapTime=44.322
mLapStartET=0.000 mCurrentET=798.400 Elapsed=798.400 mLapDist=1193.019/1613.419 mTimeIntoLap=33.039 mEstimatedLapTime=44.322
mLapStartET=0.000 mCurrentET=798.600 Elapsed=798.600 mLapDist=1196.128/1613.419 mTimeIntoLap=33.150 mEstimatedLapTime=44.322
mLapStartET=0.000 mCurrentET=798.800 Elapsed=798.800 mLapDist=1203.434/1613.419 mTimeIntoLap=33.396 mEstimatedLapTime=44.322
mLapStartET=0.000 mCurrentET=799.000 Elapsed=799.000 mLapDist=1206.327/1613.419 mTimeIntoLap=33.504 mEstimatedLapTime=44.322
mLapStartET=0.000 mCurrentET=799.200 Elapsed=799.200 mLapDist=1210.614/1613.419 mTimeIntoLap=33.677 mEstimatedLapTime=44.322
mLapStartET=0.000 mCurrentET=799.400 Elapsed=799.400 mLapDist=1214.184/1613.419 mTimeIntoLap=33.834 mEstimatedLapTime=44.322
mLapStartET=0.000 mCurrentET=799.600 Elapsed=799.600 mLapDist=1216.812/1613.419 mTimeIntoLap=33.952 mEstimatedLapTime=44.322
mLapStartET=0.000 mCurrentET=799.800 Elapsed=799.800 mLapDist=1219.963/1613.419 mTimeIntoLap=34.094 mEstimatedLapTime=44.322
mLapStartET=0.000 mCurrentET=800.000 Elapsed=800.000 mLapDist=1222.850/1613.419 mTimeIntoLap=34.221 mEstimatedLapTime=44.322
mLapStartET=0.000 mCurrentET=800.200 Elapsed=800.200 mLapDist=1225.442/1613.419 mTimeIntoLap=34.333 mEstimatedLapTime=44.322
mLapStartET=0.000 mCurrentET=800.400 Elapsed=800.400 mLapDist=1228.324/1613.419 mTimeIntoLap=34.451 mEstimatedLapTime=44.322
mLapStartET=0.000 mCurrentET=800.600 Elapsed=800.600 mLapDist=1231.362/1613.419 mTimeIntoLap=34.572 mEstimatedLapTime=44.322
mLapStartET=0.000 mCurrentET=800.800 Elapsed=800.800 mLapDist=1234.714/1613.419 mTimeIntoLap=34.701 mEstimatedLapTime=44.322
mLapStartET=0.000 mCurrentET=801.000 Elapsed=801.000 mLapDist=1238.349/1613.419 mTimeIntoLap=34.834 mEstimatedLapTime=44.322
mLapStartET=0.000 mCurrentET=801.200 Elapsed=801.200 mLapDist=1242.252/1613.419 mTimeIntoLap=34.973 mEstimatedLapTime=44.322
mLapStartET=0.000 mCurrentET=801.400 Elapsed=801.400 mLapDist=1246.454/1613.419 mTimeIntoLap=35.116 mEstimatedLapTime=44.322
mLapStartET=0.000 mCurrentET=801.600 Elapsed=801.600 mLapDist=1250.955/1613.419 mTimeIntoLap=35.264 mEstimatedLapTime=44.322
mLapStartET=0.000 mCurrentET=801.800 Elapsed=801.800 mLapDist=1255.761/1613.419 mTimeIntoLap=35.415 mEstimatedLapTime=44.322
mLapStartET=0.000 mCurrentET=802.000 Elapsed=802.000 mLapDist=1260.875/1613.419 mTimeIntoLap=35.571 mEstimatedLapTime=44.322
mLapStartET=0.000 mCurrentET=802.200 Elapsed=802.200 mLapDist=1266.293/1613.419 mTimeIntoLap=35.731 mEstimatedLapTime=44.322
mLapStartET=0.000 mCurrentET=802.400 Elapsed=802.400 mLapDist=1272.004/1613.419 mTimeIntoLap=35.895 mEstimatedLapTime=44.322
mLapStartET=0.000 mCurrentET=802.600 Elapsed=802.600 mLapDist=1277.991/1613.419 mTimeIntoLap=36.062 mEstimatedLapTime=44.322
mLapStartET=0.000 mCurrentET=802.800 Elapsed=802.800 mLapDist=1284.241/1613.419 mTimeIntoLap=36.231 mEstimatedLapTime=44.322
mLapStartET=0.000 mCurrentET=803.000 Elapsed=803.000 mLapDist=1290.736/1613.419 mTimeIntoLap=36.402 mEstimatedLapTime=44.322
mLapStartET=0.000 mCurrentET=803.200 Elapsed=803.200 mLapDist=1297.415/1613.419 mTimeIntoLap=36.574 mEstimatedLapTime=44.322
mLapStartET=0.000 mCurrentET=803.400 Elapsed=803.400 mLapDist=1304.151/1613.419 mTimeIntoLap=36.744 mEstimatedLapTime=44.322
mLapStartET=0.000 mCurrentET=803.600 Elapsed=803.600 mLapDist=1311.071/1613.419 mTimeIntoLap=36.914 mEstimatedLapTime=44.322
mLapStartET=0.000 mCurrentET=803.800 Elapsed=803.800 mLapDist=1318.179/1613.419 mTimeIntoLap=37.086 mEstimatedLapTime=44.322
mLapStartET=0.000 mCurrentET=804.000 Elapsed=804.000 mLapDist=1325.511/1613.419 mTimeIntoLap=37.260 mEstimatedLapTime=44.322
mLapStartET=0.000 mCurrentET=804.200 Elapsed=804.200 mLapDist=1333.025/1613.419 mTimeIntoLap=37.435 mEstimatedLapTime=44.322
mLapStartET=0.000 mCurrentET=804.400 Elapsed=804.400 mLapDist=1340.696/1613.419 mTimeIntoLap=37.612 mEstimatedLapTime=44.322
mLapStartET=0.000 mCurrentET=804.600 Elapsed=804.600 mLapDist=1348.428/1613.419 mTimeIntoLap=37.794 mEstimatedLapTime=44.322
mLapStartET=0.000 mCurrentET=804.800 Elapsed=804.800 mLapDist=1356.102/1613.419 mTimeIntoLap=37.986 mEstimatedLapTime=44.322
mLapStartET=0.000 mCurrentET=805.000 Elapsed=805.000 mLapDist=1363.449/1613.419 mTimeIntoLap=38.177 mEstimatedLapTime=44.322
mLapStartET=0.000 mCurrentET=805.200 Elapsed=805.200 mLapDist=1370.637/1613.419 mTimeIntoLap=38.368 mEstimatedLapTime=44.322
mLapStartET=0.000 mCurrentET=805.400 Elapsed=805.400 mLapDist=1377.878/1613.419 mTimeIntoLap=38.565 mEstimatedLapTime=44.322
mLapStartET=0.000 mCurrentET=805.600 Elapsed=805.600 mLapDist=1385.044/1613.419 mTimeIntoLap=38.763 mEstimatedLapTime=44.322
mLapStartET=0.000 mCurrentET=805.800 Elapsed=805.800 mLapDist=1392.064/1613.419 mTimeIntoLap=38.955 mEstimatedLapTime=44.322
mLapStartET=0.000 mCurrentET=806.000 Elapsed=806.000 mLapDist=1399.157/1613.419 mTimeIntoLap=39.147 mEstimatedLapTime=44.322
mLapStartET=0.000 mCurrentET=806.200 Elapsed=806.200 mLapDist=1406.122/1613.419 mTimeIntoLap=39.333 mEstimatedLapTime=44.322
mLapStartET=0.000 mCurrentET=806.400 Elapsed=806.400 mLapDist=1413.414/1613.419 mTimeIntoLap=39.532 mEstimatedLapTime=44.322
mLapStartET=0.000 mCurrentET=806.600 Elapsed=806.600 mLapDist=1420.432/1613.419 mTimeIntoLap=39.726 mEstimatedLapTime=44.322
mLapStartET=0.000 mCurrentET=806.800 Elapsed=806.800 mLapDist=1427.609/1613.419 mTimeIntoLap=39.924 mEstimatedLapTime=44.322
mLapStartET=0.000 mCurrentET=807.000 Elapsed=807.000 mLapDist=1434.372/1613.419 mTimeIntoLap=40.113 mEstimatedLapTime=44.322
mLapStartET=0.000 mCurrentET=807.200 Elapsed=807.200 mLapDist=1440.977/1613.419 mTimeIntoLap=40.299 mEstimatedLapTime=44.322
mLapStartET=0.000 mCurrentET=807.400 Elapsed=807.400 mLapDist=1447.428/1613.419 mTimeIntoLap=40.478 mEstimatedLapTime=44.322
mLapStartET=0.000 mCurrentET=807.600 Elapsed=807.600 mLapDist=1453.585/1613.419 mTimeIntoLap=40.647 mEstimatedLapTime=44.322
mLapStartET=0.000 mCurrentET=807.800 Elapsed=807.800 mLapDist=1459.695/1613.419 mTimeIntoLap=40.815 mEstimatedLapTime=44.322
mLapStartET=0.000 mCurrentET=808.000 Elapsed=808.000 mLapDist=1465.737/1613.419 mTimeIntoLap=40.979 mEstimatedLapTime=44.322
mLapStartET=0.000 mCurrentET=808.200 Elapsed=808.200 mLapDist=1471.847/1613.419 mTimeIntoLap=41.144 mEstimatedLapTime=44.322
mLapStartET=0.000 mCurrentET=808.400 Elapsed=808.400 mLapDist=1478.082/1613.419 mTimeIntoLap=41.310 mEstimatedLapTime=44.322
mLapStartET=0.000 mCurrentET=808.600 Elapsed=808.600 mLapDist=1484.661/1613.419 mTimeIntoLap=41.480 mEstimatedLapTime=44.322
mLapStartET=0.000 mCurrentET=808.800 Elapsed=808.800 mLapDist=1491.460/1613.419 mTimeIntoLap=41.651 mEstimatedLapTime=44.322
mLapStartET=0.000 mCurrentET=809.000 Elapsed=809.000 mLapDist=1498.468/1613.419 mTimeIntoLap=41.824 mEstimatedLapTime=44.322
mLapStartET=0.000 mCurrentET=809.200 Elapsed=809.200 mLapDist=1505.713/1613.419 mTimeIntoLap=42.000 mEstimatedLapTime=44.322
mLapStartET=0.000 mCurrentET=809.400 Elapsed=809.400 mLapDist=1513.161/1613.419 mTimeIntoLap=42.177 mEstimatedLapTime=44.322
mLapStartET=0.000 mCurrentET=809.600 Elapsed=809.600 mLapDist=1520.810/1613.419 mTimeIntoLap=42.355 mEstimatedLapTime=44.322
mLapStartET=0.000 mCurrentET=809.800 Elapsed=809.800 mLapDist=1528.652/1613.419 mTimeIntoLap=42.535 mEstimatedLapTime=44.322
mLapStartET=0.000 mCurrentET=810.000 Elapsed=810.000 mLapDist=1536.663/1613.419 mTimeIntoLap=42.715 mEstimatedLapTime=44.322
mLapStartET=0.000 mCurrentET=810.200 Elapsed=810.200 mLapDist=1544.809/1613.419 mTimeIntoLap=42.896 mEstimatedLapTime=44.322
mLapStartET=0.000 mCurrentET=810.400 Elapsed=810.400 mLapDist=1553.055/1613.419 mTimeIntoLap=43.075 mEstimatedLapTime=44.322
mLapStartET=0.000 mCurrentET=810.600 Elapsed=810.600 mLapDist=1561.456/1613.419 mTimeIntoLap=43.256 mEstimatedLapTime=44.322
mLapStartET=0.000 mCurrentET=810.800 Elapsed=810.800 mLapDist=1570.012/1613.419 mTimeIntoLap=43.437 mEstimatedLapTime=44.322
mLapStartET=0.000 mCurrentET=811.000 Elapsed=811.000 mLapDist=1578.725/1613.419 mTimeIntoLap=43.620 mEstimatedLapTime=44.322
mLapStartET=0.000 mCurrentET=811.200 Elapsed=811.200 mLapDist=1587.585/1613.419 mTimeIntoLap=43.803 mEstimatedLapTime=44.322
mLapStartET=0.000 mCurrentET=811.400 Elapsed=811.400 mLapDist=1596.591/1613.419 mTimeIntoLap=43.986 mEstimatedLapTime=44.322
mLapStartET=0.000 mCurrentET=811.600 Elapsed=811.600 mLapDist=1605.739/1613.419 mTimeIntoLap=44.171 mEstimatedLapTime=44.322
mLapStartET=811.707 mCurrentET=811.800 Elapsed=0.093 mLapDist=1.610/1613.419 mTimeIntoLap=0.033 mEstimatedLapTime=44.322
mLapStartET=811.707 mCurrentET=812.000 Elapsed=0.293 mLapDist=11.002/1613.419 mTimeIntoLap=0.217 mEstimatedLapTime=44.322
mLapStartET=811.707 mCurrentET=812.200 Elapsed=0.493 mLapDist=20.470/1613.419 mTimeIntoLap=0.401 mEstimatedLapTime=44.322
mLapStartET=811.707 mCurrentET=812.400 Elapsed=0.693 mLapDist=30.045/1613.419 mTimeIntoLap=0.586 mEstimatedLapTime=44.322
mLapStartET=811.707 mCurrentET=812.600 Elapsed=0.893 mLapDist=39.742/1613.419 mTimeIntoLap=0.772 mEstimatedLapTime=44.322
mLapStartET=811.707 mCurrentET=812.800 Elapsed=1.093 mLapDist=49.563/1613.419 mTimeIntoLap=0.958 mEstimatedLapTime=44.322
mLapStartET=811.707 mCurrentET=813.000 Elapsed=1.293 mLapDist=59.501/1613.419 mTimeIntoLap=1.144 mEstimatedLapTime=44.322
mLapStartET=811.707 mCurrentET=813.200 Elapsed=1.493 mLapDist=69.541/1613.419 mTimeIntoLap=1.332 mEstimatedLapTime=44.322
mLapStartET=811.707 mCurrentET=813.400 Elapsed=1.693 mLapDist=79.704/1613.419 mTimeIntoLap=1.519 mEstimatedLapTime=44.322
mLapStartET=811.707 mCurrentET=813.600 Elapsed=1.893 mLapDist=89.984/1613.419 mTimeIntoLap=1.707 mEstimatedLapTime=44.322
mLapStartET=811.707 mCurrentET=813.800 Elapsed=2.093 mLapDist=100.368/1613.419 mTimeIntoLap=1.896 mEstimatedLapTime=44.322
mLapStartET=811.707 mCurrentET=814.000 Elapsed=2.293 mLapDist=110.853/1613.419 mTimeIntoLap=2.085 mEstimatedLapTime=44.322
mLapStartET=811.707 mCurrentET=814.200 Elapsed=2.493 mLapDist=121.436/1613.419 mTimeIntoLap=2.274 mEstimatedLapTime=44.322
mLapStartET=811.707 mCurrentET=814.400 Elapsed=2.693 mLapDist=132.116/1613.419 mTimeIntoLap=2.464 mEstimatedLapTime=44.322
mLapStartET=811.707 mCurrentET=814.600 Elapsed=2.893 mLapDist=142.883/1613.419 mTimeIntoLap=2.655 mEstimatedLapTime=44.322
mLapStartET=811.707 mCurrentET=814.800 Elapsed=3.093 mLapDist=153.747/1613.419 mTimeIntoLap=2.846 mEstimatedLapTime=44.322
mLapStartET=811.707 mCurrentET=815.000 Elapsed=3.293 mLapDist=164.701/1613.419 mTimeIntoLap=3.037 mEstimatedLapTime=44.322
mLapStartET=811.707 mCurrentET=815.200 Elapsed=3.493 mLapDist=175.731/1613.419 mTimeIntoLap=3.229 mEstimatedLapTime=44.322
mLapStartET=811.707 mCurrentET=815.400 Elapsed=3.693 mLapDist=186.619/1613.419 mTimeIntoLap=3.417 mEstimatedLapTime=44.322
mLapStartET=811.707 mCurrentET=815.600 Elapsed=3.893 mLapDist=196.863/1613.419 mTimeIntoLap=3.594 mEstimatedLapTime=44.322
mLapStartET=811.707 mCurrentET=815.800 Elapsed=4.093 mLapDist=206.311/1613.419 mTimeIntoLap=3.759 mEstimatedLapTime=44.322
mLapStartET=811.707 mCurrentET=816.000 Elapsed=4.293 mLapDist=214.960/1613.419 mTimeIntoLap=3.918 mEstimatedLapTime=44.322
mLapStartET=811.707 mCurrentET=816.200 Elapsed=4.493 mLapDist=222.802/1613.419 mTimeIntoLap=4.070 mEstimatedLapTime=44.322
mLapStartET=811.707 mCurrentET=816.400 Elapsed=4.693 mLapDist=229.824/1613.419 mTimeIntoLap=4.214 mEstimatedLapTime=44.322
mLapStartET=811.707 mCurrentET=816.600 Elapsed=4.893 mLapDist=236.072/1613.419 mTimeIntoLap=4.349 mEstimatedLapTime=44.322
mLapStartET=811.707 mCurrentET=816.800 Elapsed=5.093 mLapDist=241.709/1613.419 mTimeIntoLap=4.478 mEstimatedLapTime=44.322
mLapStartET=811.707 mCurrentET=817.000 Elapsed=5.293 mLapDist=246.800/1613.419 mTimeIntoLap=4.601 mEstimatedLapTime=44.322
mLapStartET=811.707 mCurrentET=817.200 Elapsed=5.493 mLapDist=251.436/1613.419 mTimeIntoLap=4.719 mEstimatedLapTime=44.322
mLapStartET=811.707 mCurrentET=817.400 Elapsed=5.693 mLapDist=255.784/1613.419 mTimeIntoLap=4.836 mEstimatedLapTime=44.322
mLapStartET=811.707 mCurrentET=817.600 Elapsed=5.893 mLapDist=259.823/1613.419 mTimeIntoLap=4.951 mEstimatedLapTime=44.322
mLapStartET=811.707 mCurrentET=817.800 Elapsed=6.093 mLapDist=263.692/1613.419 mTimeIntoLap=5.071 mEstimatedLapTime=44.322
mLapStartET=811.707 mCurrentET=818.000 Elapsed=6.293 mLapDist=267.519/1613.419 mTimeIntoLap=5.197 mEstimatedLapTime=44.322
mLapStartET=811.707 mCurrentET=818.200 Elapsed=6.493 mLapDist=271.364/1613.419 mTimeIntoLap=5.333 mEstimatedLapTime=44.322
mLapStartET=811.707 mCurrentET=818.400 Elapsed=6.693 mLapDist=275.124/1613.419 mTimeIntoLap=5.477 mEstimatedLapTime=44.322
mLapStartET=811.707 mCurrentET=818.600 Elapsed=6.893 mLapDist=278.805/1613.419 mTimeIntoLap=5.636 mEstimatedLapTime=44.322
mLapStartET=811.707 mCurrentET=818.800 Elapsed=7.093 mLapDist=282.365/1613.419 mTimeIntoLap=5.801 mEstimatedLapTime=44.322
mLapStartET=811.707 mCurrentET=819.000 Elapsed=7.293 mLapDist=286.186/1613.419 mTimeIntoLap=5.983 mEstimatedLapTime=44.322
mLapStartET=811.707 mCurrentET=819.200 Elapsed=7.493 mLapDist=290.442/1613.419 mTimeIntoLap=6.187 mEstimatedLapTime=44.322
mLapStartET=811.707 mCurrentET=819.400 Elapsed=7.693 mLapDist=295.205/1613.419 mTimeIntoLap=6.400 mEstimatedLapTime=44.322
mLapStartET=811.707 mCurrentET=819.600 Elapsed=7.893 mLapDist=300.399/1613.419 mTimeIntoLap=6.613 mEstimatedLapTime=44.322
mLapStartET=811.707 mCurrentET=819.800 Elapsed=8.093 mLapDist=305.625/1613.419 mTimeIntoLap=6.822 mEstimatedLapTime=44.322
mLapStartET=811.707 mCurrentET=820.000 Elapsed=8.293 mLapDist=310.657/1613.419 mTimeIntoLap=7.022 mEstimatedLapTime=44.322
mLapStartET=811.707 mCurrentET=820.200 Elapsed=8.493 mLapDist=315.499/1613.419 mTimeIntoLap=7.208 mEstimatedLapTime=44.322
mLapStartET=811.707 mCurrentET=820.400 Elapsed=8.693 mLapDist=320.046/1613.419 mTimeIntoLap=7.383 mEstimatedLapTime=44.322
mLapStartET=811.707 mCurrentET=820.600 Elapsed=8.893 mLapDist=324.087/1613.419 mTimeIntoLap=7.545 mEstimatedLapTime=44.322
mLapStartET=811.707 mCurrentET=820.800 Elapsed=9.093 mLapDist=327.217/1613.419 mTimeIntoLap=7.681 mEstimatedLapTime=44.322
mLapStartET=811.707 mCurrentET=821.000 Elapsed=9.293 mLapDist=330.688/1613.419 mTimeIntoLap=7.835 mEstimatedLapTime=44.322
mLapStartET=811.707 mCurrentET=821.200 Elapsed=9.493 mLapDist=333.974/1613.419 mTimeIntoLap=7.985 mEstimatedLapTime=44.322
mLapStartET=811.707 mCurrentET=821.400 Elapsed=9.693 mLapDist=337.334/1613.419 mTimeIntoLap=8.135 mEstimatedLapTime=44.322
mLapStartET=811.707 mCurrentET=821.600 Elapsed=9.893 mLapDist=340.838/1613.419 mTimeIntoLap=8.288 mEstimatedLapTime=44.322
mLapStartET=811.707 mCurrentET=821.800 Elapsed=10.093 mLapDist=344.557/1613.419 mTimeIntoLap=8.445 mEstimatedLapTime=44.322
mLapStartET=811.707 mCurrentET=822.000 Elapsed=10.293 mLapDist=348.553/1613.419 mTimeIntoLap=8.604 mEstimatedLapTime=44.322
mLapStartET=811.707 mCurrentET=822.200 Elapsed=10.493 mLapDist=352.857/1613.419 mTimeIntoLap=8.769 mEstimatedLapTime=44.322
mLapStartET=811.707 mCurrentET=822.400 Elapsed=10.693 mLapDist=357.469/1613.419 mTimeIntoLap=8.936 mEstimatedLapTime=44.322
mLapStartET=811.707 mCurrentET=822.600 Elapsed=10.893 mLapDist=362.418/1613.419 mTimeIntoLap=9.107 mEstimatedLapTime=44.322
mLapStartET=811.707 mCurrentET=822.800 Elapsed=11.093 mLapDist=367.584/1613.419 mTimeIntoLap=9.279 mEstimatedLapTime=44.322
mLapStartET=811.707 mCurrentET=823.000 Elapsed=11.293 mLapDist=373.060/1613.419 mTimeIntoLap=9.453 mEstimatedLapTime=44.322
mLapStartET=811.707 mCurrentET=823.200 Elapsed=11.493 mLapDist=378.792/1613.419 mTimeIntoLap=9.630 mEstimatedLapTime=44.322
mLapStartET=811.707 mCurrentET=823.400 Elapsed=11.693 mLapDist=384.757/1613.419 mTimeIntoLap=9.810 mEstimatedLapTime=44.322
mLapStartET=811.707 mCurrentET=823.600 Elapsed=11.893 mLapDist=390.865/1613.419 mTimeIntoLap=9.992 mEstimatedLapTime=44.322
mLapStartET=811.707 mCurrentET=823.800 Elapsed=12.093 mLapDist=397.073/1613.419 mTimeIntoLap=10.174 mEstimatedLapTime=44.322
mLapStartET=811.707 mCurrentET=824.000 Elapsed=12.293 mLapDist=403.659/1613.419 mTimeIntoLap=10.357 mEstimatedLapTime=44.322
mLapStartET=811.707 mCurrentET=824.200 Elapsed=12.493 mLapDist=410.508/1613.419 mTimeIntoLap=10.537 mEstimatedLapTime=44.322
mLapStartET=811.707 mCurrentET=824.400 Elapsed=12.693 mLapDist=417.998/1613.419 mTimeIntoLap=10.724 mEstimatedLapTime=44.322
mLapStartET=811.707 mCurrentET=824.600 Elapsed=12.893 mLapDist=425.376/1613.419 mTimeIntoLap=10.906 mEstimatedLapTime=44.322
mLapStartET=811.707 mCurrentET=824.800 Elapsed=13.093 mLapDist=432.916/1613.419 mTimeIntoLap=11.094 mEstimatedLapTime=44.322
mLapStartET=811.707 mCurrentET=825.000 Elapsed=13.293 mLapDist=440.330/1613.419 mTimeIntoLap=11.280 mEstimatedLapTime=44.322
mLapStartET=811.707 mCurrentET=825.200 Elapsed=13.493 mLapDist=447.803/1613.419 mTimeIntoLap=11.464 mEstimatedLapTime=44.322
mLapStartET=811.707 mCurrentET=825.400 Elapsed=13.693 mLapDist=455.537/1613.419 mTimeIntoLap=11.645 mEstimatedLapTime=44.322
mLapStartET=811.707 mCurrentET=825.600 Elapsed=13.893 mLapDist=463.791/1613.419 mTimeIntoLap=11.830 mEstimatedLapTime=44.322
mLapStartET=811.707 mCurrentET=825.800 Elapsed=14.093 mLapDist=472.152/1613.419 mTimeIntoLap=12.010 mEstimatedLapTime=44.322
mLapStartET=811.707 mCurrentET=826.000 Elapsed=14.293 mLapDist=480.893/1613.419 mTimeIntoLap=12.198 mEstimatedLapTime=44.322
mLapStartET=811.707 mCurrentET=826.200 Elapsed=14.493 mLapDist=489.440/1613.419 mTimeIntoLap=12.386 mEstimatedLapTime=44.322
mLapStartET=811.707 mCurrentET=826.400 Elapsed=14.693 mLapDist=497.976/1613.419 mTimeIntoLap=12.575 mEstimatedLapTime=44.322
mLapStartET=811.707 mCurrentET=826.600 Elapsed=14.893 mLapDist=506.524/1613.419 mTimeIntoLap=12.763 mEstimatedLapTime=44.322
mLapStartET=811.707 mCurrentET=826.800 Elapsed=15.093 mLapDist=515.214/1613.419 mTimeIntoLap=12.952 mEstimatedLapTime=44.322
mLapStartET=811.707 mCurrentET=827.000 Elapsed=15.293 mLapDist=524.053/1613.419 mTimeIntoLap=13.141 mEstimatedLapTime=44.322
mLapStartET=811.707 mCurrentET=827.200 Elapsed=15.493 mLapDist=533.025/1613.419 mTimeIntoLap=13.331 mEstimatedLapTime=44.322
mLapStartET=811.707 mCurrentET=827.400 Elapsed=15.693 mLapDist=542.132/1613.419 mTimeIntoLap=13.520 mEstimatedLapTime=44.322
mLapStartET=811.707 mCurrentET=827.600 Elapsed=15.893 mLapDist=551.365/1613.419 mTimeIntoLap=13.711 mEstimatedLapTime=44.322
mLapStartET=811.707 mCurrentET=827.800 Elapsed=16.093 mLapDist=560.726/1613.419 mTimeIntoLap=13.901 mEstimatedLapTime=44.322
mLapStartET=811.707 mCurrentET=828.000 Elapsed=16.293 mLapDist=570.204/1613.419 mTimeIntoLap=14.093 mEstimatedLapTime=44.322
mLapStartET=811.707 mCurrentET=828.200 Elapsed=16.493 mLapDist=579.806/1613.419 mTimeIntoLap=14.285 mEstimatedLapTime=44.322
mLapStartET=811.707 mCurrentET=828.400 Elapsed=16.693 mLapDist=589.516/1613.419 mTimeIntoLap=14.477 mEstimatedLapTime=44.322
mLapStartET=811.707 mCurrentET=828.600 Elapsed=16.893 mLapDist=599.254/1613.419 mTimeIntoLap=14.668 mEstimatedLapTime=44.322
mLapStartET=811.707 mCurrentET=828.800 Elapsed=17.093 mLapDist=609.062/1613.419 mTimeIntoLap=14.858 mEstimatedLapTime=44.322
mLapStartET=811.707 mCurrentET=829.000 Elapsed=17.293 mLapDist=618.988/1613.419 mTimeIntoLap=15.050 mEstimatedLapTime=44.322
mLapStartET=811.707 mCurrentET=829.200 Elapsed=17.493 mLapDist=629.022/1613.419 mTimeIntoLap=15.241 mEstimatedLapTime=44.322
mLapStartET=811.707 mCurrentET=829.400 Elapsed=17.693 mLapDist=639.162/1613.419 mTimeIntoLap=15.432 mEstimatedLapTime=44.322
mLapStartET=811.707 mCurrentET=829.600 Elapsed=17.893 mLapDist=649.398/1613.419 mTimeIntoLap=15.624 mEstimatedLapTime=44.322
mLapStartET=811.707 mCurrentET=829.800 Elapsed=18.093 mLapDist=659.723/1613.419 mTimeIntoLap=15.815 mEstimatedLapTime=44.322
mLapStartET=811.707 mCurrentET=830.000 Elapsed=18.293 mLapDist=669.727/1613.419 mTimeIntoLap=16.005 mEstimatedLapTime=44.322
mLapStartET=811.707 mCurrentET=830.200 Elapsed=18.493 mLapDist=678.965/1613.419 mTimeIntoLap=16.194 mEstimatedLapTime=44.322
mLapStartET=811.707 mCurrentET=830.400 Elapsed=18.693 mLapDist=687.373/1613.419 mTimeIntoLap=16.378 mEstimatedLapTime=44.322
mLapStartET=811.707 mCurrentET=830.600 Elapsed=18.893 mLapDist=694.937/1613.419 mTimeIntoLap=16.556 mEstimatedLapTime=44.322
mLapStartET=811.707 mCurrentET=830.800 Elapsed=19.093 mLapDist=701.670/1613.419 mTimeIntoLap=16.730 mEstimatedLapTime=44.322
mLapStartET=811.707 mCurrentET=831.000 Elapsed=19.293 mLapDist=707.606/1613.419 mTimeIntoLap=16.898 mEstimatedLapTime=44.322
mLapStartET=811.707 mCurrentET=831.200 Elapsed=19.493 mLapDist=713.031/1613.419 mTimeIntoLap=17.064 mEstimatedLapTime=44.322
mLapStartET=811.707 mCurrentET=831.400 Elapsed=19.693 mLapDist=718.156/1613.419 mTimeIntoLap=17.234 mEstimatedLapTime=44.322
mLapStartET=811.707 mCurrentET=831.600 Elapsed=19.893 mLapDist=723.065/1613.419 mTimeIntoLap=17.406 mEstimatedLapTime=44.322
mLapStartET=811.707 mCurrentET=831.800 Elapsed=20.093 mLapDist=727.874/1613.419 mTimeIntoLap=17.580 mEstimatedLapTime=44.322
mLapStartET=811.707 mCurrentET=832.000 Elapsed=20.293 mLapDist=732.674/1613.419 mTimeIntoLap=17.756 mEstimatedLapTime=44.322
mLapStartET=811.707 mCurrentET=832.200 Elapsed=20.493 mLapDist=737.090/1613.419 mTimeIntoLap=17.919 mEstimatedLapTime=44.322
mLapStartET=811.707 mCurrentET=832.400 Elapsed=20.693 mLapDist=741.808/1613.419 mTimeIntoLap=18.089 mEstimatedLapTime=44.322
mLapStartET=811.707 mCurrentET=832.600 Elapsed=20.893 mLapDist=746.394/1613.419 mTimeIntoLap=18.253 mEstimatedLapTime=44.322
mLapStartET=811.707 mCurrentET=832.800 Elapsed=21.093 mLapDist=750.923/1613.419 mTimeIntoLap=18.416 mEstimatedLapTime=44.322
mLapStartET=811.707 mCurrentET=833.000 Elapsed=21.293 mLapDist=755.434/1613.419 mTimeIntoLap=18.579 mEstimatedLapTime=44.322
mLapStartET=811.707 mCurrentET=833.200 Elapsed=21.493 mLapDist=759.914/1613.419 mTimeIntoLap=18.742 mEstimatedLapTime=44.322
mLapStartET=811.707 mCurrentET=833.400 Elapsed=21.693 mLapDist=764.320/1613.419 mTimeIntoLap=18.905 mEstimatedLapTime=44.322
mLapStartET=811.707 mCurrentET=833.600 Elapsed=21.893 mLapDist=768.639/1613.419 mTimeIntoLap=19.068 mEstimatedLapTime=44.322
mLapStartET=811.707 mCurrentET=833.800 Elapsed=22.093 mLapDist=772.934/1613.419 mTimeIntoLap=19.231 mEstimatedLapTime=44.322
mLapStartET=811.707 mCurrentET=834.000 Elapsed=22.293 mLapDist=776.752/1613.419 mTimeIntoLap=19.377 mEstimatedLapTime=44.322
mLapStartET=811.707 mCurrentET=834.200 Elapsed=22.493 mLapDist=781.175/1613.419 mTimeIntoLap=19.545 mEstimatedLapTime=44.322
mLapStartET=811.707 mCurrentET=834.400 Elapsed=22.693 mLapDist=785.693/1613.419 mTimeIntoLap=19.714 mEstimatedLapTime=44.322
mLapStartET=811.707 mCurrentET=834.600 Elapsed=22.893 mLapDist=790.350/1613.419 mTimeIntoLap=19.886 mEstimatedLapTime=44.322
mLapStartET=811.707 mCurrentET=834.800 Elapsed=23.093 mLapDist=795.151/1613.419 mTimeIntoLap=20.059 mEstimatedLapTime=44.322
mLapStartET=811.707 mCurrentET=835.000 Elapsed=23.293 mLapDist=800.063/1613.419 mTimeIntoLap=20.234 mEstimatedLapTime=44.322
mLapStartET=811.707 mCurrentET=835.200 Elapsed=23.493 mLapDist=804.982/1613.419 mTimeIntoLap=20.405 mEstimatedLapTime=44.322
mLapStartET=811.707 mCurrentET=835.400 Elapsed=23.693 mLapDist=809.858/1613.419 mTimeIntoLap=20.574 mEstimatedLapTime=44.322
mLapStartET=811.707 mCurrentET=835.600 Elapsed=23.893 mLapDist=814.708/1613.419 mTimeIntoLap=20.742 mEstimatedLapTime=44.322
mLapStartET=811.707 mCurrentET=835.800 Elapsed=24.093 mLapDist=819.569/1613.419 mTimeIntoLap=20.910 mEstimatedLapTime=44.322
mLapStartET=811.707 mCurrentET=836.000 Elapsed=24.293 mLapDist=824.466/1613.419 mTimeIntoLap=21.080 mEstimatedLapTime=44.322
mLapStartET=811.707 mCurrentET=836.200 Elapsed=24.493 mLapDist=829.406/1613.419 mTimeIntoLap=21.252 mEstimatedLapTime=44.322
mLapStartET=811.707 mCurrentET=836.400 Elapsed=24.693 mLapDist=834.423/1613.419 mTimeIntoLap=21.425 mEstimatedLapTime=44.322
mLapStartET=811.707 mCurrentET=836.600 Elapsed=24.893 mLapDist=839.633/1613.419 mTimeIntoLap=21.598 mEstimatedLapTime=44.322
mLapStartET=811.707 mCurrentET=836.800 Elapsed=25.093 mLapDist=845.112/1613.419 mTimeIntoLap=21.773 mEstimatedLapTime=44.322
mLapStartET=811.707 mCurrentET=837.000 Elapsed=25.293 mLapDist=850.798/1613.419 mTimeIntoLap=21.946 mEstimatedLapTime=44.322
mLapStartET=811.707 mCurrentET=837.200 Elapsed=25.493 mLapDist=856.657/1613.419 mTimeIntoLap=22.119 mEstimatedLapTime=44.322
mLapStartET=811.707 mCurrentET=837.400 Elapsed=25.693 mLapDist=862.751/1613.419 mTimeIntoLap=22.294 mEstimatedLapTime=44.322
mLapStartET=811.707 mCurrentET=837.600 Elapsed=25.893 mLapDist=869.086/1613.419 mTimeIntoLap=22.472 mEstimatedLapTime=44.322
mLapStartET=811.707 mCurrentET=837.800 Elapsed=26.093 mLapDist=875.623/1613.419 mTimeIntoLap=22.651 mEstimatedLapTime=44.322
mLapStartET=811.707 mCurrentET=838.000 Elapsed=26.293 mLapDist=882.353/1613.419 mTimeIntoLap=22.832 mEstimatedLapTime=44.322
mLapStartET=811.707 mCurrentET=838.200 Elapsed=26.493 mLapDist=889.256/1613.419 mTimeIntoLap=23.014 mEstimatedLapTime=44.322
mLapStartET=811.707 mCurrentET=838.400 Elapsed=26.693 mLapDist=896.318/1613.419 mTimeIntoLap=23.197 mEstimatedLapTime=44.322
mLapStartET=811.707 mCurrentET=838.600 Elapsed=26.893 mLapDist=903.096/1613.419 mTimeIntoLap=23.370 mEstimatedLapTime=44.322
mLapStartET=811.707 mCurrentET=838.800 Elapsed=27.093 mLapDist=909.291/1613.419 mTimeIntoLap=23.525 mEstimatedLapTime=44.322
mLapStartET=811.707 mCurrentET=839.000 Elapsed=27.293 mLapDist=914.887/1613.419 mTimeIntoLap=23.667 mEstimatedLapTime=44.322
mLapStartET=811.707 mCurrentET=839.200 Elapsed=27.493 mLapDist=919.978/1613.419 mTimeIntoLap=23.806 mEstimatedLapTime=44.322
mLapStartET=811.707 mCurrentET=839.400 Elapsed=27.693 mLapDist=924.713/1613.419 mTimeIntoLap=23.945 mEstimatedLapTime=44.322
mLapStartET=811.707 mCurrentET=839.600 Elapsed=27.893 mLapDist=929.207/1613.419 mTimeIntoLap=24.086 mEstimatedLapTime=44.322
mLapStartET=811.707 mCurrentET=839.800 Elapsed=28.093 mLapDist=933.622/1613.419 mTimeIntoLap=24.237 mEstimatedLapTime=44.322
mLapStartET=811.707 mCurrentET=840.000 Elapsed=28.293 mLapDist=937.965/1613.419 mTimeIntoLap=24.399 mEstimatedLapTime=44.322
mLapStartET=811.707 mCurrentET=840.200 Elapsed=28.493 mLapDist=942.267/1613.419 mTimeIntoLap=24.578 mEstimatedLapTime=44.322
mLapStartET=811.707 mCurrentET=840.400 Elapsed=28.693 mLapDist=946.438/1613.419 mTimeIntoLap=24.770 mEstimatedLapTime=44.322
mLapStartET=811.707 mCurrentET=840.600 Elapsed=28.893 mLapDist=950.727/1613.419 mTimeIntoLap=24.983 mEstimatedLapTime=44.322
mLapStartET=811.707 mCurrentET=840.800 Elapsed=29.093 mLapDist=955.375/1613.419 mTimeIntoLap=25.216 mEstimatedLapTime=44.322
mLapStartET=811.707 mCurrentET=841.000 Elapsed=29.293 mLapDist=960.295/1613.419 mTimeIntoLap=25.450 mEstimatedLapTime=44.322
mLapStartET=811.707 mCurrentET=841.200 Elapsed=29.493 mLapDist=965.249/1613.419 mTimeIntoLap=25.673 mEstimatedLapTime=44.322
mLapStartET=811.707 mCurrentET=841.400 Elapsed=29.693 mLapDist=970.012/1613.419 mTimeIntoLap=25.885 mEstimatedLapTime=44.322
mLapStartET=811.707 mCurrentET=841.600 Elapsed=29.893 mLapDist=974.323/1613.419 mTimeIntoLap=26.074 mEstimatedLapTime=44.322
mLapStartET=811.707 mCurrentET=841.800 Elapsed=30.093 mLapDist=978.131/1613.419 mTimeIntoLap=26.235 mEstimatedLapTime=44.322
mLapStartET=811.707 mCurrentET=842.000 Elapsed=30.293 mLapDist=981.052/1613.419 mTimeIntoLap=26.358 mEstimatedLapTime=44.322
mLapStartET=811.707 mCurrentET=842.200 Elapsed=30.493 mLapDist=984.116/1613.419 mTimeIntoLap=26.483 mEstimatedLapTime=44.322
mLapStartET=811.707 mCurrentET=842.400 Elapsed=30.693 mLapDist=986.563/1613.419 mTimeIntoLap=26.587 mEstimatedLapTime=44.322
mLapStartET=811.707 mCurrentET=842.600 Elapsed=30.893 mLapDist=989.011/1613.419 mTimeIntoLap=26.690 mEstimatedLapTime=44.322
mLapStartET=811.707 mCurrentET=842.800 Elapsed=31.093 mLapDist=991.273/1613.419 mTimeIntoLap=26.791 mEstimatedLapTime=44.322
mLapStartET=811.707 mCurrentET=843.000 Elapsed=31.293 mLapDist=993.567/1613.419 mTimeIntoLap=26.895 mEstimatedLapTime=44.322
mLapStartET=811.707 mCurrentET=843.200 Elapsed=31.493 mLapDist=995.884/1613.419 mTimeIntoLap=27.002 mEstimatedLapTime=44.322
mLapStartET=811.707 mCurrentET=843.400 Elapsed=31.693 mLapDist=998.355/1613.419 mTimeIntoLap=27.118 mEstimatedLapTime=44.322
mLapStartET=811.707 mCurrentET=843.600 Elapsed=31.893 mLapDist=1001.037/1613.419 mTimeIntoLap=27.245 mEstimatedLapTime=44.322
mLapStartET=811.707 mCurrentET=843.800 Elapsed=32.093 mLapDist=1003.792/1613.419 mTimeIntoLap=27.372 mEstimatedLapTime=44.322
mLapStartET=811.707 mCurrentET=844.000 Elapsed=32.293 mLapDist=1006.940/1613.419 mTimeIntoLap=27.515 mEstimatedLapTime=44.322
mLapStartET=811.707 mCurrentET=844.200 Elapsed=32.493 mLapDist=1010.193/1613.419 mTimeIntoLap=27.658 mEstimatedLapTime=44.322
mLapStartET=811.707 mCurrentET=844.400 Elapsed=32.693 mLapDist=1013.835/1613.419 mTimeIntoLap=27.806 mEstimatedLapTime=44.322
mLapStartET=811.707 mCurrentET=844.600 Elapsed=32.893 mLapDist=1017.806/1613.419 mTimeIntoLap=27.960 mEstimatedLapTime=44.322
mLapStartET=811.707 mCurrentET=844.800 Elapsed=33.093 mLapDist=1022.104/1613.419 mTimeIntoLap=28.118 mEstimatedLapTime=44.322
mLapStartET=811.707 mCurrentET=845.000 Elapsed=33.293 mLapDist=1026.685/1613.419 mTimeIntoLap=28.278 mEstimatedLapTime=44.322
mLapStartET=811.707 mCurrentET=845.200 Elapsed=33.493 mLapDist=1031.551/1613.419 mTimeIntoLap=28.440 mEstimatedLapTime=44.322
mLapStartET=811.707 mCurrentET=845.400 Elapsed=33.693 mLapDist=1036.683/1613.419 mTimeIntoLap=28.606 mEstimatedLapTime=44.322
mLapStartET=811.707 mCurrentET=845.600 Elapsed=33.893 mLapDist=1042.079/1613.419 mTimeIntoLap=28.775 mEstimatedLapTime=44.322
mLapStartET=811.707 mCurrentET=845.800 Elapsed=34.093 mLapDist=1047.723/1613.419 mTimeIntoLap=28.946 mEstimatedLapTime=44.322
mLapStartET=811.707 mCurrentET=846.000 Elapsed=34.293 mLapDist=1053.504/1613.419 mTimeIntoLap=29.116 mEstimatedLapTime=44.322
mLapStartET=811.707 mCurrentET=846.200 Elapsed=34.493 mLapDist=1059.519/1613.419 mTimeIntoLap=29.288 mEstimatedLapTime=44.322
mLapStartET=811.707 mCurrentET=846.400 Elapsed=34.693 mLapDist=1065.759/1613.419 mTimeIntoLap=29.461 mEstimatedLapTime=44.322
mLapStartET=811.707 mCurrentET=846.600 Elapsed=34.893 mLapDist=1072.223/1613.419 mTimeIntoLap=29.636 mEstimatedLapTime=44.322
mLapStartET=811.707 mCurrentET=846.800 Elapsed=35.093 mLapDist=1078.906/1613.419 mTimeIntoLap=29.812 mEstimatedLapTime=44.322
mLapStartET=811.707 mCurrentET=847.000 Elapsed=35.293 mLapDist=1085.803/1613.419 mTimeIntoLap=29.989 mEstimatedLapTime=44.322
mLapStartET=811.707 mCurrentET=847.200 Elapsed=35.493 mLapDist=1092.894/1613.419 mTimeIntoLap=30.167 mEstimatedLapTime=44.322
mLapStartET=811.707 mCurrentET=847.400 Elapsed=35.693 mLapDist=1100.183/1613.419 mTimeIntoLap=30.347 mEstimatedLapTime=44.322
mLapStartET=811.707 mCurrentET=847.600 Elapsed=35.893 mLapDist=1107.643/1613.419 mTimeIntoLap=30.528 mEstimatedLapTime=44.322
mLapStartET=811.707 mCurrentET=847.800 Elapsed=36.093 mLapDist=1115.145/1613.419 mTimeIntoLap=30.707 mEstimatedLapTime=44.322
mLapStartET=811.707 mCurrentET=848.000 Elapsed=36.293 mLapDist=1122.776/1613.419 mTimeIntoLap=30.883 mEstimatedLapTime=44.322
mLapStartET=811.707 mCurrentET=848.200 Elapsed=36.493 mLapDist=1130.570/1613.419 mTimeIntoLap=31.059 mEstimatedLapTime=44.322
mLapStartET=811.707 mCurrentET=848.400 Elapsed=36.693 mLapDist=1138.465/1613.419 mTimeIntoLap=31.232 mEstimatedLapTime=44.322
mLapStartET=811.707 mCurrentET=848.600 Elapsed=36.893 mLapDist=1145.958/1613.419 mTimeIntoLap=31.402 mEstimatedLapTime=44.322
mLapStartET=811.707 mCurrentET=848.800 Elapsed=37.093 mLapDist=1153.272/1613.419 mTimeIntoLap=31.583 mEstimatedLapTime=44.322
mLapStartET=811.707 mCurrentET=849.000 Elapsed=37.293 mLapDist=1159.571/1613.419 mTimeIntoLap=31.760 mEstimatedLapTime=44.322
mLapStartET=811.707 mCurrentET=849.200 Elapsed=37.493 mLapDist=1165.289/1613.419 mTimeIntoLap=31.940 mEstimatedLapTime=44.322
mLapStartET=811.707 mCurrentET=849.400 Elapsed=37.693 mLapDist=1170.465/1613.419 mTimeIntoLap=32.124 mEstimatedLapTime=44.322
mLapStartET=811.707 mCurrentET=849.600 Elapsed=37.893 mLapDist=1175.154/1613.419 mTimeIntoLap=32.308 mEstimatedLapTime=44.322
mLapStartET=811.707 mCurrentET=849.800 Elapsed=38.093 mLapDist=1179.408/1613.419 mTimeIntoLap=32.487 mEstimatedLapTime=44.322
mLapStartET=811.707 mCurrentET=850.000 Elapsed=38.293 mLapDist=1183.365/1613.419 mTimeIntoLap=32.656 mEstimatedLapTime=44.322
mLapStartET=811.707 mCurrentET=850.200 Elapsed=38.493 mLapDist=1186.839/1613.419 mTimeIntoLap=32.801 mEstimatedLapTime=44.322
mLapStartET=811.707 mCurrentET=850.400 Elapsed=38.693 mLapDist=1190.494/1613.419 mTimeIntoLap=32.947 mEstimatedLapTime=44.322
mLapStartET=811.707 mCurrentET=850.600 Elapsed=38.893 mLapDist=1194.124/1613.419 mTimeIntoLap=33.080 mEstimatedLapTime=44.322
mLapStartET=811.707 mCurrentET=850.800 Elapsed=39.093 mLapDist=1196.955/1613.419 mTimeIntoLap=33.178 mEstimatedLapTime=44.322
mLapStartET=811.707 mCurrentET=851.000 Elapsed=39.293 mLapDist=1200.388/1613.419 mTimeIntoLap=33.293 mEstimatedLapTime=44.322
mLapStartET=811.707 mCurrentET=851.200 Elapsed=39.493 mLapDist=1203.821/1613.419 mTimeIntoLap=33.410 mEstimatedLapTime=44.322
mLapStartET=811.707 mCurrentET=851.400 Elapsed=39.693 mLapDist=1206.461/1613.419 mTimeIntoLap=33.509 mEstimatedLapTime=44.322
mLapStartET=811.707 mCurrentET=851.600 Elapsed=39.893 mLapDist=1209.640/1613.419 mTimeIntoLap=33.635 mEstimatedLapTime=44.322
mLapStartET=811.707 mCurrentET=851.800 Elapsed=40.093 mLapDist=1212.374/1613.419 mTimeIntoLap=33.755 mEstimatedLapTime=44.322
mLapStartET=811.707 mCurrentET=852.000 Elapsed=40.293 mLapDist=1215.673/1613.419 mTimeIntoLap=33.901 mEstimatedLapTime=44.322
mLapStartET=811.707 mCurrentET=852.200 Elapsed=40.493 mLapDist=1219.073/1613.419 mTimeIntoLap=34.054 mEstimatedLapTime=44.322
mLapStartET=811.707 mCurrentET=852.400 Elapsed=40.693 mLapDist=1222.611/1613.419 mTimeIntoLap=34.210 mEstimatedLapTime=44.322
mLapStartET=811.707 mCurrentET=852.600 Elapsed=40.893 mLapDist=1226.376/1613.419 mTimeIntoLap=34.371 mEstimatedLapTime=44.322
mLapStartET=811.707 mCurrentET=852.800 Elapsed=41.093 mLapDist=1230.424/1613.419 mTimeIntoLap=34.536 mEstimatedLapTime=44.322
mLapStartET=811.707 mCurrentET=853.000 Elapsed=41.293 mLapDist=1234.775/1613.419 mTimeIntoLap=34.704 mEstimatedLapTime=44.322
mLapStartET=811.707 mCurrentET=853.200 Elapsed=41.493 mLapDist=1239.440/1613.419 mTimeIntoLap=34.874 mEstimatedLapTime=44.322
mLapStartET=811.707 mCurrentET=853.400 Elapsed=41.693 mLapDist=1244.416/1613.419 mTimeIntoLap=35.048 mEstimatedLapTime=44.322
mLapStartET=811.707 mCurrentET=853.600 Elapsed=41.893 mLapDist=1249.701/1613.419 mTimeIntoLap=35.224 mEstimatedLapTime=44.322
mLapStartET=811.707 mCurrentET=853.800 Elapsed=42.093 mLapDist=1255.277/1613.419 mTimeIntoLap=35.401 mEstimatedLapTime=44.322
mLapStartET=811.707 mCurrentET=854.000 Elapsed=42.293 mLapDist=1261.134/1613.419 mTimeIntoLap=35.579 mEstimatedLapTime=44.322
mLapStartET=811.707 mCurrentET=854.200 Elapsed=42.493 mLapDist=1267.264/1613.419 mTimeIntoLap=35.760 mEstimatedLapTime=44.322
mLapStartET=811.707 mCurrentET=854.400 Elapsed=42.693 mLapDist=1273.644/1613.419 mTimeIntoLap=35.941 mEstimatedLapTime=44.322
mLapStartET=811.707 mCurrentET=854.600 Elapsed=42.893 mLapDist=1280.152/1613.419 mTimeIntoLap=36.121 mEstimatedLapTime=44.322
mLapStartET=811.707 mCurrentET=854.800 Elapsed=43.093 mLapDist=1286.883/1613.419 mTimeIntoLap=36.301 mEstimatedLapTime=44.322
mLapStartET=811.707 mCurrentET=855.000 Elapsed=43.293 mLapDist=1293.840/1613.419 mTimeIntoLap=36.483 mEstimatedLapTime=44.322
mLapStartET=811.707 mCurrentET=855.200 Elapsed=43.493 mLapDist=1301.006/1613.419 mTimeIntoLap=36.665 mEstimatedLapTime=44.322
mLapStartET=811.707 mCurrentET=855.400 Elapsed=43.693 mLapDist=1308.366/1613.419 mTimeIntoLap=36.848 mEstimatedLapTime=44.322
mLapStartET=811.707 mCurrentET=855.600 Elapsed=43.893 mLapDist=1315.927/1613.419 mTimeIntoLap=37.032 mEstimatedLapTime=44.322
mLapStartET=811.707 mCurrentET=855.800 Elapsed=44.093 mLapDist=1323.653/1613.419 mTimeIntoLap=37.217 mEstimatedLapTime=44.322
mLapStartET=811.707 mCurrentET=856.000 Elapsed=44.293 mLapDist=1331.559/1613.419 mTimeIntoLap=37.401 mEstimatedLapTime=44.322
mLapStartET=811.707 mCurrentET=856.200 Elapsed=44.493 mLapDist=1339.534/1613.419 mTimeIntoLap=37.585 mEstimatedLapTime=44.322
mLapStartET=811.707 mCurrentET=856.400 Elapsed=44.693 mLapDist=1347.506/1613.419 mTimeIntoLap=37.772 mEstimatedLapTime=44.322
mLapStartET=811.707 mCurrentET=856.600 Elapsed=44.893 mLapDist=1355.331/1613.419 mTimeIntoLap=37.966 mEstimatedLapTime=44.322
mLapStartET=811.707 mCurrentET=856.800 Elapsed=45.093 mLapDist=1362.814/1613.419 mTimeIntoLap=38.160 mEstimatedLapTime=44.322
mLapStartET=811.707 mCurrentET=857.000 Elapsed=45.293 mLapDist=1370.061/1613.419 mTimeIntoLap=38.353 mEstimatedLapTime=44.322
mLapStartET=811.707 mCurrentET=857.200 Elapsed=45.493 mLapDist=1377.200/1613.419 mTimeIntoLap=38.547 mEstimatedLapTime=44.322
mLapStartET=811.707 mCurrentET=857.400 Elapsed=45.693 mLapDist=1384.495/1613.419 mTimeIntoLap=38.748 mEstimatedLapTime=44.322
mLapStartET=811.707 mCurrentET=857.600 Elapsed=45.893 mLapDist=1391.634/1613.419 mTimeIntoLap=38.944 mEstimatedLapTime=44.322
mLapStartET=811.707 mCurrentET=857.800 Elapsed=46.093 mLapDist=1398.872/1613.419 mTimeIntoLap=39.139 mEstimatedLapTime=44.322
mLapStartET=811.707 mCurrentET=858.000 Elapsed=46.293 mLapDist=1405.854/1613.419 mTimeIntoLap=39.326 mEstimatedLapTime=44.322
mLapStartET=811.707 mCurrentET=858.200 Elapsed=46.493 mLapDist=1413.020/1613.419 mTimeIntoLap=39.521 mEstimatedLapTime=44.322
mLapStartET=811.707 mCurrentET=858.400 Elapsed=46.693 mLapDist=1419.886/1613.419 mTimeIntoLap=39.711 mEstimatedLapTime=44.322
mLapStartET=811.707 mCurrentET=858.600 Elapsed=46.893 mLapDist=1426.781/1613.419 mTimeIntoLap=39.901 mEstimatedLapTime=44.322
mLapStartET=811.707 mCurrentET=858.800 Elapsed=47.093 mLapDist=1433.962/1613.419 mTimeIntoLap=40.101 mEstimatedLapTime=44.322
mLapStartET=811.707 mCurrentET=859.000 Elapsed=47.293 mLapDist=1440.904/1613.419 mTimeIntoLap=40.297 mEstimatedLapTime=44.322
mLapStartET=811.707 mCurrentET=859.200 Elapsed=47.493 mLapDist=1447.859/1613.419 mTimeIntoLap=40.490 mEstimatedLapTime=44.322
mLapStartET=811.707 mCurrentET=859.400 Elapsed=47.693 mLapDist=1454.609/1613.419 mTimeIntoLap=40.676 mEstimatedLapTime=44.322
mLapStartET=811.707 mCurrentET=859.600 Elapsed=47.893 mLapDist=1461.279/1613.419 mTimeIntoLap=40.858 mEstimatedLapTime=44.322
mLapStartET=811.707 mCurrentET=859.800 Elapsed=48.093 mLapDist=1467.924/1613.419 mTimeIntoLap=41.039 mEstimatedLapTime=44.322
mLapStartET=811.707 mCurrentET=860.000 Elapsed=48.293 mLapDist=1474.859/1613.419 mTimeIntoLap=41.225 mEstimatedLapTime=44.322
mLapStartET=811.707 mCurrentET=860.200 Elapsed=48.493 mLapDist=1481.993/1613.419 mTimeIntoLap=41.411 mEstimatedLapTime=44.322
mLapStartET=811.707 mCurrentET=860.400 Elapsed=48.693 mLapDist=1489.309/1613.419 mTimeIntoLap=41.598 mEstimatedLapTime=44.322
mLapStartET=811.707 mCurrentET=860.600 Elapsed=48.893 mLapDist=1496.848/1613.419 mTimeIntoLap=41.785 mEstimatedLapTime=44.322
mLapStartET=811.707 mCurrentET=860.800 Elapsed=49.093 mLapDist=1504.581/1613.419 mTimeIntoLap=41.973 mEstimatedLapTime=44.322
mLapStartET=811.707 mCurrentET=861.000 Elapsed=49.293 mLapDist=1512.509/1613.419 mTimeIntoLap=42.162 mEstimatedLapTime=44.322
mLapStartET=811.707 mCurrentET=861.200 Elapsed=49.493 mLapDist=1520.616/1613.419 mTimeIntoLap=42.351 mEstimatedLapTime=44.322
mLapStartET=811.707 mCurrentET=861.400 Elapsed=49.693 mLapDist=1528.895/1613.419 mTimeIntoLap=42.540 mEstimatedLapTime=44.322
mLapStartET=811.707 mCurrentET=861.600 Elapsed=49.893 mLapDist=1537.262/1613.419 mTimeIntoLap=42.729 mEstimatedLapTime=44.322
mLapStartET=811.707 mCurrentET=861.800 Elapsed=50.093 mLapDist=1545.750/1613.419 mTimeIntoLap=42.916 mEstimatedLapTime=44.322
mLapStartET=811.707 mCurrentET=862.000 Elapsed=50.293 mLapDist=1554.404/1613.419 mTimeIntoLap=43.105 mEstimatedLapTime=44.322
mLapStartET=811.707 mCurrentET=862.200 Elapsed=50.493 mLapDist=1563.201/1613.419 mTimeIntoLap=43.293 mEstimatedLapTime=44.322
mLapStartET=811.707 mCurrentET=862.400 Elapsed=50.693 mLapDist=1572.146/1613.419 mTimeIntoLap=43.482 mEstimatedLapTime=44.322
mLapStartET=811.707 mCurrentET=862.600 Elapsed=50.893 mLapDist=1581.237/1613.419 mTimeIntoLap=43.672 mEstimatedLapTime=44.322
mLapStartET=811.707 mCurrentET=862.800 Elapsed=51.093 mLapDist=1590.464/1613.419 mTimeIntoLap=43.862 mEstimatedLapTime=44.322
mLapStartET=811.707 mCurrentET=863.000 Elapsed=51.293 mLapDist=1599.824/1613.419 mTimeIntoLap=44.052 mEstimatedLapTime=44.322
mLapStartET=811.707 mCurrentET=863.200 Elapsed=51.493 mLapDist=1609.315/1613.419 mTimeIntoLap=44.243 mEstimatedLapTime=44.322
mLapStartET=863.229 mCurrentET=863.400 Elapsed=0.171 mLapDist=5.523/1613.419 mTimeIntoLap=0.109 mEstimatedLapTime=44.322
mLapStartET=863.229 mCurrentET=863.600 Elapsed=0.371 mLapDist=15.283/1613.419 mTimeIntoLap=0.300 mEstimatedLapTime=44.322
mLapStartET=863.229 mCurrentET=863.800 Elapsed=0.571 mLapDist=25.144/1613.419 mTimeIntoLap=0.492 mEstimatedLapTime=44.322
mLapStartET=863.229 mCurrentET=864.000 Elapsed=0.771 mLapDist=35.087/1613.419 mTimeIntoLap=0.683 mEstimatedLapTime=44.322
mLapStartET=863.229 mCurrentET=864.200 Elapsed=0.971 mLapDist=45.085/1613.419 mTimeIntoLap=0.873 mEstimatedLapTime=44.322
mLapStartET=863.229 mCurrentET=864.400 Elapsed=1.171 mLapDist=55.199/1613.419 mTimeIntoLap=1.064 mEstimatedLapTime=44.322
mLapStartET=863.229 mCurrentET=864.600 Elapsed=1.371 mLapDist=65.404/1613.419 mTimeIntoLap=1.255 mEstimatedLapTime=44.322
mLapStartET=863.229 mCurrentET=864.800 Elapsed=1.571 mLapDist=75.418/1613.419 mTimeIntoLap=1.440 mEstimatedLapTime=44.322
mLapStartET=863.229 mCurrentET=865.000 Elapsed=1.771 mLapDist=84.967/1613.419 mTimeIntoLap=1.616 mEstimatedLapTime=44.322
mLapStartET=863.229 mCurrentET=865.200 Elapsed=1.971 mLapDist=93.996/1613.419 mTimeIntoLap=1.780 mEstimatedLapTime=44.322
mLapStartET=863.229 mCurrentET=865.400 Elapsed=2.171 mLapDist=102.506/1613.419 mTimeIntoLap=1.934 mEstimatedLapTime=44.322
mLapStartET=863.229 mCurrentET=865.600 Elapsed=2.371 mLapDist=110.509/1613.419 mTimeIntoLap=2.078 mEstimatedLapTime=44.322
mLapStartET=863.229 mCurrentET=865.800 Elapsed=2.571 mLapDist=118.001/1613.419 mTimeIntoLap=2.213 mEstimatedLapTime=44.322
mLapStartET=863.229 mCurrentET=866.000 Elapsed=2.771 mLapDist=124.995/1613.419 mTimeIntoLap=2.338 mEstimatedLapTime=44.322
mLapStartET=863.229 mCurrentET=866.200 Elapsed=2.971 mLapDist=131.494/1613.419 mTimeIntoLap=2.453 mEstimatedLapTime=44.322
mLapStartET=863.229 mCurrentET=866.400 Elapsed=3.171 mLapDist=137.501/1613.419 mTimeIntoLap=2.560 mEstimatedLapTime=44.322
mLapStartET=863.229 mCurrentET=866.600 Elapsed=3.371 mLapDist=143.058/1613.419 mTimeIntoLap=2.658 mEstimatedLapTime=44.322
mLapStartET=863.229 mCurrentET=866.800 Elapsed=3.571 mLapDist=148.171/1613.419 mTimeIntoLap=2.748 mEstimatedLapTime=44.322
mLapStartET=863.229 mCurrentET=867.000 Elapsed=3.771 mLapDist=152.850/1613.419 mTimeIntoLap=2.830 mEstimatedLapTime=44.322
mLapStartET=863.229 mCurrentET=867.200 Elapsed=3.971 mLapDist=157.134/1613.419 mTimeIntoLap=2.905 mEstimatedLapTime=44.322
mLapStartET=863.229 mCurrentET=867.400 Elapsed=4.171 mLapDist=161.024/1613.419 mTimeIntoLap=2.973 mEstimatedLapTime=44.322
mLapStartET=863.229 mCurrentET=867.600 Elapsed=4.371 mLapDist=164.532/1613.419 mTimeIntoLap=3.034 mEstimatedLapTime=44.322
mLapStartET=863.229 mCurrentET=867.800 Elapsed=4.571 mLapDist=167.642/1613.419 mTimeIntoLap=3.088 mEstimatedLapTime=44.322
mLapStartET=863.229 mCurrentET=868.000 Elapsed=4.771 mLapDist=170.426/1613.419 mTimeIntoLap=3.137 mEstimatedLapTime=44.322
mLapStartET=863.229 mCurrentET=868.200 Elapsed=4.971 mLapDist=172.827/1613.419 mTimeIntoLap=3.179 mEstimatedLapTime=44.322
mLapStartET=863.229 mCurrentET=868.400 Elapsed=5.171 mLapDist=174.924/1613.419 mTimeIntoLap=3.215 mEstimatedLapTime=44.322
mLapStartET=863.229 mCurrentET=868.600 Elapsed=5.371 mLapDist=176.823/1613.419 mTimeIntoLap=3.248 mEstimatedLapTime=44.322
mLapStartET=863.229 mCurrentET=868.800 Elapsed=5.571 mLapDist=178.632/1613.419 mTimeIntoLap=3.280 mEstimatedLapTime=44.322
mLapStartET=863.229 mCurrentET=869.000 Elapsed=5.771 mLapDist=180.410/1613.419 mTimeIntoLap=3.310 mEstimatedLapTime=44.322
mLapStartET=863.229 mCurrentET=869.200 Elapsed=5.971 mLapDist=182.157/1613.419 mTimeIntoLap=3.340 mEstimatedLapTime=44.322
mLapStartET=863.229 mCurrentET=869.400 Elapsed=6.171 mLapDist=183.848/1613.419 mTimeIntoLap=3.370 mEstimatedLapTime=44.322
mLapStartET=863.229 mCurrentET=869.600 Elapsed=6.371 mLapDist=185.333/1613.419 mTimeIntoLap=3.395 mEstimatedLapTime=44.322
mLapStartET=863.229 mCurrentET=869.800 Elapsed=6.571 mLapDist=186.504/1613.419 mTimeIntoLap=3.415 mEstimatedLapTime=44.322
mLapStartET=863.229 mCurrentET=870.000 Elapsed=6.771 mLapDist=187.315/1613.419 mTimeIntoLap=3.429 mEstimatedLapTime=44.322
mLapStartET=863.229 mCurrentET=870.200 Elapsed=6.971 mLapDist=187.684/1613.419 mTimeIntoLap=3.436 mEstimatedLapTime=44.322
mLapStartET=863.229 mCurrentET=870.400 Elapsed=7.171 mLapDist=187.717/1613.419 mTimeIntoLap=3.436 mEstimatedLapTime=44.322
mLapStartET=863.229 mCurrentET=870.600 Elapsed=7.371 mLapDist=187.717/1613.419 mTimeIntoLap=3.436 mEstimatedLapTime=44.322
mLapStartET=863.229 mCurrentET=870.800 Elapsed=7.571 mLapDist=187.717/1613.419 mTimeIntoLap=3.436 mEstimatedLapTime=44.322
mLapStartET=863.229 mCurrentET=871.000 Elapsed=7.771 mLapDist=187.717/1613.419 mTimeIntoLap=3.436 mEstimatedLapTime=44.322
---EXITREALTIME---
--ENDSESSION--
