---REACTIVATE SCREEN---
---INIT SCREEN---
tartET=0.00 mCurrentET=18.40 Elapsed=18.40 mLapDist=2.14 / 1613.42
mLapStartET=0.00 mCurrentET=18.60 Elapsed=18.60 mLapDist=2.14 / 1613.42
mLapStartET=0.00 mCurrentET=18.80 Elapsed=18.80 mLapDist=2.14 / 1613.42
mLapStartET=0.00 mCurrentET=19.00 Elapsed=19.00 mLapDist=2.14 / 1613.42
mLapStartET=0.00 mCurrentET=19.20 Elapsed=19.20 mLapDist=2.14 / 1613.42
mLapStartET=0.00 mCurrentET=19.40 Elapsed=19.40 mLapDist=2.14 / 1613.42
mLapStartET=0.00 mCurrentET=19.60 Elapsed=19.60 mLapDist=2.14 / 1613.42
mLapStartET=0.00 mCurrentET=19.80 Elapsed=19.80 mLapDist=2.14 / 1613.42
mLapStartET=0.00 mCurrentET=20.00 Elapsed=20.00 mLapDist=2.14 / 1613.42
mLapStartET=0.00 mCurrentET=20.20 Elapsed=20.20 mLapDist=2.14 / 1613.42
mLapStartET=0.00 mCurrentET=20.40 Elapsed=20.40 mLapDist=2.14 / 1613.42
mLapStartET=0.00 mCurrentET=20.60 Elapsed=20.60 mLapDist=2.14 / 1613.42
mLapStartET=0.00 mCurrentET=20.80 Elapsed=20.80 mLapDist=2.14 / 1613.42
mLapStartET=0.00 mCurrentET=21.00 Elapsed=21.00 mLapDist=2.14 / 1613.42
mLapStartET=0.00 mCurrentET=21.20 Elapsed=21.20 mLapDist=2.14 / 1613.42
mLapStartET=0.00 mCurrentET=21.40 Elapsed=21.40 mLapDist=2.14 / 1613.42
mLapStartET=0.00 mCurrentET=21.60 Elapsed=21.60 mLapDist=2.14 / 1613.42
mLapStartET=0.00 mCurrentET=21.80 Elapsed=21.80 mLapDist=2.14 / 1613.42
mLapStartET=0.00 mCurrentET=22.00 Elapsed=22.00 mLapDist=2.14 / 1613.42
mLapStartET=0.00 mCurrentET=22.20 Elapsed=22.20 mLapDist=2.14 / 1613.42
mLapStartET=0.00 mCurrentET=22.40 Elapsed=22.40 mLapDist=2.14 / 1613.42
mLapStartET=0.00 mCurrentET=22.60 Elapsed=22.60 mLapDist=2.14 / 1613.42
mLapStartET=0.00 mCurrentET=22.80 Elapsed=22.80 mLapDist=2.14 / 1613.42
mLapStartET=0.00 mCurrentET=23.00 Elapsed=23.00 mLapDist=2.14 / 1613.42
mLapStartET=0.00 mCurrentET=23.20 Elapsed=23.20 mLapDist=2.14 / 1613.42
mLapStartET=0.00 mCurrentET=23.40 Elapsed=23.40 mLapDist=2.14 / 1613.42
mLapStartET=0.00 mCurrentET=23.60 Elapsed=23.60 mLapDist=2.14 / 1613.42
mLapStartET=0.00 mCurrentET=23.80 Elapsed=23.80 mLapDist=2.14 / 1613.42
mLapStartET=0.00 mCurrentET=24.00 Elapsed=24.00 mLapDist=2.14 / 1613.42
mLapStartET=0.00 mCurrentET=24.20 Elapsed=24.20 mLapDist=2.14 / 1613.42
mLapStartET=0.00 mCurrentET=24.40 Elapsed=24.40 mLapDist=2.14 / 1613.42
mLapStartET=0.00 mCurrentET=24.60 Elapsed=24.60 mLapDist=2.14 / 1613.42
mLapStartET=0.00 mCurrentET=24.80 Elapsed=24.80 mLapDist=2.14 / 1613.42
mLapStartET=0.00 mCurrentET=25.00 Elapsed=25.00 mLapDist=2.14 / 1613.42
mLapStartET=0.00 mCurrentET=25.20 Elapsed=25.20 mLapDist=2.14 / 1613.42
mLapStartET=0.00 mCurrentET=25.40 Elapsed=25.40 mLapDist=2.14 / 1613.42
mLapStartET=0.00 mCurrentET=25.60 Elapsed=25.60 mLapDist=2.14 / 1613.42
mLapStartET=0.00 mCurrentET=25.80 Elapsed=25.80 mLapDist=2.14 / 1613.42
mLapStartET=0.00 mCurrentET=26.00 Elapsed=26.00 mLapDist=2.14 / 1613.42
mLapStartET=0.00 mCurrentET=26.20 Elapsed=26.20 mLapDist=2.14 / 1613.42
mLapStartET=0.00 mCurrentET=26.40 Elapsed=26.40 mLapDist=2.14 / 1613.42
mLapStartET=0.00 mCurrentET=26.60 Elapsed=26.60 mLapDist=2.14 / 1613.42
mLapStartET=0.00 mCurrentET=26.80 Elapsed=26.80 mLapDist=2.14 / 1613.42
mLapStartET=0.00 mCurrentET=27.00 Elapsed=27.00 mLapDist=2.14 / 1613.42
mLapStartET=0.00 mCurrentET=27.20 Elapsed=27.20 mLapDist=2.14 / 1613.42
mLapStartET=0.00 mCurrentET=27.40 Elapsed=27.40 mLapDist=2.14 / 1613.42
mLapStartET=0.00 mCurrentET=27.60 Elapsed=27.60 mLapDist=2.14 / 1613.42
mLapStartET=0.00 mCurrentET=27.80 Elapsed=27.80 mLapDist=2.14 / 1613.42
mLapStartET=0.00 mCurrentET=28.00 Elapsed=28.00 mLapDist=2.14 / 1613.42
mLapStartET=0.00 mCurrentET=28.20 Elapsed=28.20 mLapDist=2.14 / 1613.42
mLapStartET=0.00 mCurrentET=28.40 Elapsed=28.40 mLapDist=2.14 / 1613.42
mLapStartET=0.00 mCurrentET=28.60 Elapsed=28.60 mLapDist=2.14 / 1613.42
mLapStartET=0.00 mCurrentET=28.80 Elapsed=28.80 mLapDist=2.14 / 1613.42
mLapStartET=0.00 mCurrentET=29.00 Elapsed=29.00 mLapDist=2.14 / 1613.42
mLapStartET=0.00 mCurrentET=29.20 Elapsed=29.20 mLapDist=2.15 / 1613.42
mLapStartET=0.00 mCurrentET=29.40 Elapsed=29.40 mLapDist=2.15 / 1613.42
mLapStartET=0.00 mCurrentET=29.60 Elapsed=29.60 mLapDist=2.18 / 1613.42
mLapStartET=0.00 mCurrentET=29.80 Elapsed=29.80 mLapDist=2.24 / 1613.42
mLapStartET=0.00 mCurrentET=30.00 Elapsed=30.00 mLapDist=2.35 / 1613.42
mLapStartET=0.00 mCurrentET=30.20 Elapsed=30.20 mLapDist=2.54 / 1613.42
mLapStartET=0.00 mCurrentET=30.40 Elapsed=30.40 mLapDist=2.76 / 1613.42
mLapStartET=0.00 mCurrentET=30.60 Elapsed=30.60 mLapDist=3.00 / 1613.42
mLapStartET=0.00 mCurrentET=30.80 Elapsed=30.80 mLapDist=3.29 / 1613.42
mLapStartET=0.00 mCurrentET=31.00 Elapsed=31.00 mLapDist=3.65 / 1613.42
mLapStartET=0.00 mCurrentET=31.20 Elapsed=31.20 mLapDist=4.14 / 1613.42
mLapStartET=0.00 mCurrentET=31.40 Elapsed=31.40 mLapDist=4.80 / 1613.42
mLapStartET=0.00 mCurrentET=31.60 Elapsed=31.60 mLapDist=5.65 / 1613.42
mLapStartET=0.00 mCurrentET=31.80 Elapsed=31.80 mLapDist=6.66 / 1613.42
mLapStartET=0.00 mCurrentET=32.00 Elapsed=32.00 mLapDist=7.87 / 1613.42
mLapStartET=0.00 mCurrentET=32.20 Elapsed=32.20 mLapDist=9.31 / 1613.42
mLapStartET=0.00 mCurrentET=32.40 Elapsed=32.40 mLapDist=11.04 / 1613.42
mLapStartET=0.00 mCurrentET=32.60 Elapsed=32.60 mLapDist=13.00 / 1613.42
mLapStartET=0.00 mCurrentET=32.80 Elapsed=32.80 mLapDist=15.23 / 1613.42
mLapStartET=0.00 mCurrentET=33.00 Elapsed=33.00 mLapDist=17.62 / 1613.42
mLapStartET=0.00 mCurrentET=33.20 Elapsed=33.20 mLapDist=20.37 / 1613.42
mLapStartET=0.00 mCurrentET=33.40 Elapsed=33.40 mLapDist=23.38 / 1613.42
mLapStartET=0.00 mCurrentET=33.60 Elapsed=33.60 mLapDist=26.59 / 1613.42
mLapStartET=0.00 mCurrentET=33.80 Elapsed=33.80 mLapDist=29.89 / 1613.42
mLapStartET=0.00 mCurrentET=34.00 Elapsed=34.00 mLapDist=33.14 / 1613.42
mLapStartET=0.00 mCurrentET=34.20 Elapsed=34.20 mLapDist=36.39 / 1613.42
mLapStartET=0.00 mCurrentET=34.40 Elapsed=34.40 mLapDist=39.69 / 1613.42
mLapStartET=0.00 mCurrentET=34.60 Elapsed=34.60 mLapDist=42.94 / 1613.42
mLapStartET=0.00 mCurrentET=34.80 Elapsed=34.80 mLapDist=46.19 / 1613.42
mLapStartET=0.00 mCurrentET=35.00 Elapsed=35.00 mLapDist=49.49 / 1613.42
mLapStartET=0.00 mCurrentET=35.20 Elapsed=35.20 mLapDist=52.74 / 1613.42
mLapStartET=0.00 mCurrentET=35.40 Elapsed=35.40 mLapDist=55.99 / 1613.42
mLapStartET=0.00 mCurrentET=35.60 Elapsed=35.60 mLapDist=59.29 / 1613.42
mLapStartET=0.00 mCurrentET=35.80 Elapsed=35.80 mLapDist=62.55 / 1613.42
mLapStartET=0.00 mCurrentET=36.00 Elapsed=36.00 mLapDist=65.81 / 1613.42
mLapStartET=0.00 mCurrentET=36.20 Elapsed=36.20 mLapDist=69.11 / 1613.42
mLapStartET=0.00 mCurrentET=36.40 Elapsed=36.40 mLapDist=72.39 / 1613.42
mLapStartET=0.00 mCurrentET=36.60 Elapsed=36.60 mLapDist=75.66 / 1613.42
mLapStartET=0.00 mCurrentET=36.80 Elapsed=36.80 mLapDist=78.97 / 1613.42
mLapStartET=0.00 mCurrentET=37.00 Elapsed=37.00 mLapDist=82.24 / 1613.42
mLapStartET=0.00 mCurrentET=37.20 Elapsed=37.20 mLapDist=85.50 / 1613.42
mLapStartET=0.00 mCurrentET=37.40 Elapsed=37.40 mLapDist=88.81 / 1613.42
mLapStartET=0.00 mCurrentET=37.60 Elapsed=37.60 mLapDist=92.08 / 1613.42
mLapStartET=0.00 mCurrentET=37.80 Elapsed=37.80 mLapDist=95.39 / 1613.42
mLapStartET=0.00 mCurrentET=38.00 Elapsed=38.00 mLapDist=98.66 / 1613.42
mLapStartET=0.00 mCurrentET=38.20 Elapsed=38.20 mLapDist=101.93 / 1613.42
mLapStartET=0.00 mCurrentET=38.40 Elapsed=38.40 mLapDist=105.19 / 1613.42
mLapStartET=0.00 mCurrentET=38.60 Elapsed=38.60 mLapDist=108.50 / 1613.42
mLapStartET=0.00 mCurrentET=38.80 Elapsed=38.80 mLapDist=111.92 / 1613.42
mLapStartET=0.00 mCurrentET=39.00 Elapsed=39.00 mLapDist=115.60 / 1613.42
mLapStartET=0.00 mCurrentET=39.20 Elapsed=39.20 mLapDist=119.59 / 1613.42
mLapStartET=0.00 mCurrentET=39.40 Elapsed=39.40 mLapDist=123.79 / 1613.42
mLapStartET=0.00 mCurrentET=39.60 Elapsed=39.60 mLapDist=128.13 / 1613.42
mLapStartET=0.00 mCurrentET=39.80 Elapsed=39.80 mLapDist=132.70 / 1613.42
mLapStartET=0.00 mCurrentET=40.00 Elapsed=40.00 mLapDist=137.52 / 1613.42
mLapStartET=0.00 mCurrentET=40.20 Elapsed=40.20 mLapDist=142.62 / 1613.42
mLapStartET=0.00 mCurrentET=40.40 Elapsed=40.40 mLapDist=148.00 / 1613.42
mLapStartET=0.00 mCurrentET=40.60 Elapsed=40.60 mLapDist=153.65 / 1613.42
mLapStartET=0.00 mCurrentET=40.80 Elapsed=40.80 mLapDist=159.57 / 1613.42
mLapStartET=0.00 mCurrentET=41.00 Elapsed=41.00 mLapDist=165.66 / 1613.42
mLapStartET=0.00 mCurrentET=41.20 Elapsed=41.20 mLapDist=171.93 / 1613.42
mLapStartET=0.00 mCurrentET=41.40 Elapsed=41.40 mLapDist=178.43 / 1613.42
mLapStartET=0.00 mCurrentET=41.60 Elapsed=41.60 mLapDist=185.10 / 1613.42
mLapStartET=0.00 mCurrentET=41.80 Elapsed=41.80 mLapDist=192.04 / 1613.42
mLapStartET=0.00 mCurrentET=42.00 Elapsed=42.00 mLapDist=199.13 / 1613.42
mLapStartET=0.00 mCurrentET=42.20 Elapsed=42.20 mLapDist=206.49 / 1613.42
mLapStartET=0.00 mCurrentET=42.40 Elapsed=42.40 mLapDist=214.03 / 1613.42
mLapStartET=0.00 mCurrentET=42.60 Elapsed=42.60 mLapDist=221.71 / 1613.42
mLapStartET=0.00 mCurrentET=42.80 Elapsed=42.80 mLapDist=229.55 / 1613.42
mLapStartET=0.00 mCurrentET=43.00 Elapsed=43.00 mLapDist=237.36 / 1613.42
mLapStartET=0.00 mCurrentET=43.20 Elapsed=43.20 mLapDist=244.78 / 1613.42
mLapStartET=0.00 mCurrentET=43.40 Elapsed=43.40 mLapDist=251.83 / 1613.42
mLapStartET=0.00 mCurrentET=43.60 Elapsed=43.60 mLapDist=258.45 / 1613.42
mLapStartET=0.00 mCurrentET=43.80 Elapsed=43.80 mLapDist=264.90 / 1613.42
mLapStartET=0.00 mCurrentET=44.00 Elapsed=44.00 mLapDist=271.18 / 1613.42
mLapStartET=0.00 mCurrentET=44.20 Elapsed=44.20 mLapDist=276.54 / 1613.42
mLapStartET=0.00 mCurrentET=44.40 Elapsed=44.40 mLapDist=281.56 / 1613.42
mLapStartET=0.00 mCurrentET=44.60 Elapsed=44.60 mLapDist=286.39 / 1613.42
mLapStartET=0.00 mCurrentET=44.80 Elapsed=44.80 mLapDist=291.15 / 1613.42
mLapStartET=0.00 mCurrentET=45.00 Elapsed=45.00 mLapDist=295.94 / 1613.42
mLapStartET=0.00 mCurrentET=45.20 Elapsed=45.20 mLapDist=300.68 / 1613.42
mLapStartET=0.00 mCurrentET=45.40 Elapsed=45.40 mLapDist=305.07 / 1613.42
mLapStartET=0.00 mCurrentET=45.60 Elapsed=45.60 mLapDist=308.96 / 1613.42
mLapStartET=0.00 mCurrentET=45.80 Elapsed=45.80 mLapDist=312.33 / 1613.42
mLapStartET=0.00 mCurrentET=46.00 Elapsed=46.00 mLapDist=315.55 / 1613.42
mLapStartET=0.00 mCurrentET=46.20 Elapsed=46.20 mLapDist=318.29 / 1613.42
mLapStartET=0.00 mCurrentET=46.40 Elapsed=46.40 mLapDist=321.16 / 1613.42
mLapStartET=0.00 mCurrentET=46.60 Elapsed=46.60 mLapDist=323.47 / 1613.42
mLapStartET=0.00 mCurrentET=46.80 Elapsed=46.80 mLapDist=326.22 / 1613.42
mLapStartET=0.00 mCurrentET=47.00 Elapsed=47.00 mLapDist=328.46 / 1613.42
mLapStartET=0.00 mCurrentET=47.20 Elapsed=47.20 mLapDist=331.15 / 1613.42
mLapStartET=0.00 mCurrentET=47.40 Elapsed=47.40 mLapDist=333.61 / 1613.42
mLapStartET=0.00 mCurrentET=47.60 Elapsed=47.60 mLapDist=336.43 / 1613.42
mLapStartET=0.00 mCurrentET=47.80 Elapsed=47.80 mLapDist=339.32 / 1613.42
mLapStartET=0.00 mCurrentET=48.00 Elapsed=48.00 mLapDist=342.54 / 1613.42
mLapStartET=0.00 mCurrentET=48.20 Elapsed=48.20 mLapDist=346.14 / 1613.42
mLapStartET=0.00 mCurrentET=48.40 Elapsed=48.40 mLapDist=349.97 / 1613.42
mLapStartET=0.00 mCurrentET=48.60 Elapsed=48.60 mLapDist=354.08 / 1613.42
mLapStartET=0.00 mCurrentET=48.80 Elapsed=48.80 mLapDist=358.47 / 1613.42
mLapStartET=0.00 mCurrentET=49.00 Elapsed=49.00 mLapDist=363.14 / 1613.42
mLapStartET=0.00 mCurrentET=49.20 Elapsed=49.20 mLapDist=368.10 / 1613.42
mLapStartET=0.00 mCurrentET=49.40 Elapsed=49.40 mLapDist=373.35 / 1613.42
mLapStartET=0.00 mCurrentET=49.60 Elapsed=49.60 mLapDist=378.85 / 1613.42
mLapStartET=0.00 mCurrentET=49.80 Elapsed=49.80 mLapDist=384.58 / 1613.42
mLapStartET=0.00 mCurrentET=50.00 Elapsed=50.00 mLapDist=390.51 / 1613.42
mLapStartET=0.00 mCurrentET=50.20 Elapsed=50.20 mLapDist=396.67 / 1613.42
mLapStartET=0.00 mCurrentET=50.40 Elapsed=50.40 mLapDist=403.24 / 1613.42
mLapStartET=0.00 mCurrentET=50.60 Elapsed=50.60 mLapDist=409.89 / 1613.42
mLapStartET=0.00 mCurrentET=50.80 Elapsed=50.80 mLapDist=416.67 / 1613.42
mLapStartET=0.00 mCurrentET=51.00 Elapsed=51.00 mLapDist=423.82 / 1613.42
mLapStartET=0.00 mCurrentET=51.20 Elapsed=51.20 mLapDist=430.63 / 1613.42
mLapStartET=0.00 mCurrentET=51.40 Elapsed=51.40 mLapDist=437.51 / 1613.42
mLapStartET=0.00 mCurrentET=51.60 Elapsed=51.60 mLapDist=444.35 / 1613.42
mLapStartET=0.00 mCurrentET=51.80 Elapsed=51.80 mLapDist=451.44 / 1613.42
mLapStartET=0.00 mCurrentET=52.00 Elapsed=52.00 mLapDist=459.27 / 1613.42
mLapStartET=0.00 mCurrentET=52.20 Elapsed=52.20 mLapDist=467.20 / 1613.42
mLapStartET=0.00 mCurrentET=52.40 Elapsed=52.40 mLapDist=475.67 / 1613.42
mLapStartET=0.00 mCurrentET=52.60 Elapsed=52.60 mLapDist=483.92 / 1613.42
mLapStartET=0.00 mCurrentET=52.80 Elapsed=52.80 mLapDist=491.89 / 1613.42
mLapStartET=0.00 mCurrentET=53.00 Elapsed=53.00 mLapDist=500.01 / 1613.42
mLapStartET=0.00 mCurrentET=53.20 Elapsed=53.20 mLapDist=508.18 / 1613.42
mLapStartET=0.00 mCurrentET=53.40 Elapsed=53.40 mLapDist=516.52 / 1613.42
mLapStartET=0.00 mCurrentET=53.60 Elapsed=53.60 mLapDist=525.02 / 1613.42
mLapStartET=0.00 mCurrentET=53.80 Elapsed=53.80 mLapDist=533.66 / 1613.42
mLapStartET=0.00 mCurrentET=54.00 Elapsed=54.00 mLapDist=542.46 / 1613.42
mLapStartET=0.00 mCurrentET=54.20 Elapsed=54.20 mLapDist=551.38 / 1613.42
mLapStartET=0.00 mCurrentET=54.40 Elapsed=54.40 mLapDist=560.44 / 1613.42
mLapStartET=0.00 mCurrentET=54.60 Elapsed=54.60 mLapDist=569.63 / 1613.42
mLapStartET=0.00 mCurrentET=54.80 Elapsed=54.80 mLapDist=578.95 / 1613.42
mLapStartET=0.00 mCurrentET=55.00 Elapsed=55.00 mLapDist=588.38 / 1613.42
mLapStartET=0.00 mCurrentET=55.20 Elapsed=55.20 mLapDist=597.91 / 1613.42
mLapStartET=0.00 mCurrentET=55.40 Elapsed=55.40 mLapDist=607.48 / 1613.42
mLapStartET=0.00 mCurrentET=55.60 Elapsed=55.60 mLapDist=617.14 / 1613.42
mLapStartET=0.00 mCurrentET=55.80 Elapsed=55.80 mLapDist=626.92 / 1613.42
mLapStartET=0.00 mCurrentET=56.00 Elapsed=56.00 mLapDist=636.70 / 1613.42
mLapStartET=0.00 mCurrentET=56.20 Elapsed=56.20 mLapDist=646.14 / 1613.42
mLapStartET=0.00 mCurrentET=56.40 Elapsed=56.40 mLapDist=655.13 / 1613.42
mLapStartET=0.00 mCurrentET=56.60 Elapsed=56.60 mLapDist=663.65 / 1613.42
mLapStartET=0.00 mCurrentET=56.80 Elapsed=56.80 mLapDist=671.66 / 1613.42
mLapStartET=0.00 mCurrentET=57.00 Elapsed=57.00 mLapDist=679.14 / 1613.42
mLapStartET=0.00 mCurrentET=57.20 Elapsed=57.20 mLapDist=686.08 / 1613.42
mLapStartET=0.00 mCurrentET=57.40 Elapsed=57.40 mLapDist=692.45 / 1613.42
mLapStartET=0.00 mCurrentET=57.60 Elapsed=57.60 mLapDist=698.23 / 1613.42
mLapStartET=0.00 mCurrentET=57.80 Elapsed=57.80 mLapDist=703.42 / 1613.42
mLapStartET=0.00 mCurrentET=58.00 Elapsed=58.00 mLapDist=708.03 / 1613.42
mLapStartET=0.00 mCurrentET=58.20 Elapsed=58.20 mLapDist=712.15 / 1613.42
mLapStartET=0.00 mCurrentET=58.40 Elapsed=58.40 mLapDist=716.13 / 1613.42
mLapStartET=0.00 mCurrentET=58.60 Elapsed=58.60 mLapDist=720.13 / 1613.42
mLapStartET=0.00 mCurrentET=58.80 Elapsed=58.80 mLapDist=724.27 / 1613.42
mLapStartET=0.00 mCurrentET=59.00 Elapsed=59.00 mLapDist=728.59 / 1613.42
mLapStartET=0.00 mCurrentET=59.20 Elapsed=59.20 mLapDist=733.09 / 1613.42
mLapStartET=0.00 mCurrentET=59.40 Elapsed=59.40 mLapDist=737.04 / 1613.42
mLapStartET=0.00 mCurrentET=59.60 Elapsed=59.60 mLapDist=741.71 / 1613.42
mLapStartET=0.00 mCurrentET=59.80 Elapsed=59.80 mLapDist=746.49 / 1613.42
mLapStartET=0.00 mCurrentET=60.00 Elapsed=60.00 mLapDist=751.28 / 1613.42
mLapStartET=0.00 mCurrentET=60.20 Elapsed=60.20 mLapDist=756.01 / 1613.42
mLapStartET=0.00 mCurrentET=60.40 Elapsed=60.40 mLapDist=760.65 / 1613.42
mLapStartET=0.00 mCurrentET=60.60 Elapsed=60.60 mLapDist=765.18 / 1613.42
mLapStartET=0.00 mCurrentET=60.80 Elapsed=60.80 mLapDist=769.58 / 1613.42
mLapStartET=0.00 mCurrentET=61.00 Elapsed=61.00 mLapDist=773.86 / 1613.42
mLapStartET=0.00 mCurrentET=61.20 Elapsed=61.20 mLapDist=778.09 / 1613.42
mLapStartET=0.00 mCurrentET=61.40 Elapsed=61.40 mLapDist=781.92 / 1613.42
mLapStartET=0.00 mCurrentET=61.60 Elapsed=61.60 mLapDist=786.26 / 1613.42
mLapStartET=0.00 mCurrentET=61.80 Elapsed=61.80 mLapDist=790.73 / 1613.42
mLapStartET=0.00 mCurrentET=62.00 Elapsed=62.00 mLapDist=795.36 / 1613.42
mLapStartET=0.00 mCurrentET=62.20 Elapsed=62.20 mLapDist=800.16 / 1613.42
mLapStartET=0.00 mCurrentET=62.40 Elapsed=62.40 mLapDist=805.08 / 1613.42
mLapStartET=0.00 mCurrentET=62.60 Elapsed=62.60 mLapDist=810.01 / 1613.42
mLapStartET=0.00 mCurrentET=62.80 Elapsed=62.80 mLapDist=814.89 / 1613.42
mLapStartET=0.00 mCurrentET=63.00 Elapsed=63.00 mLapDist=819.67 / 1613.42
mLapStartET=0.00 mCurrentET=63.20 Elapsed=63.20 mLapDist=824.35 / 1613.42
mLapStartET=0.00 mCurrentET=63.40 Elapsed=63.40 mLapDist=828.97 / 1613.42
mLapStartET=0.00 mCurrentET=63.60 Elapsed=63.60 mLapDist=833.62 / 1613.42
mLapStartET=0.00 mCurrentET=63.80 Elapsed=63.80 mLapDist=838.43 / 1613.42
mLapStartET=0.00 mCurrentET=64.00 Elapsed=64.00 mLapDist=843.49 / 1613.42
mLapStartET=0.00 mCurrentET=64.20 Elapsed=64.20 mLapDist=848.84 / 1613.42
mLapStartET=0.00 mCurrentET=64.40 Elapsed=64.40 mLapDist=854.46 / 1613.42
mLapStartET=0.00 mCurrentET=64.60 Elapsed=64.60 mLapDist=860.36 / 1613.42
mLapStartET=0.00 mCurrentET=64.80 Elapsed=64.80 mLapDist=866.45 / 1613.42
mLapStartET=0.00 mCurrentET=65.00 Elapsed=65.00 mLapDist=872.68 / 1613.42
mLapStartET=0.00 mCurrentET=65.20 Elapsed=65.20 mLapDist=879.12 / 1613.42
mLapStartET=0.00 mCurrentET=65.40 Elapsed=65.40 mLapDist=885.77 / 1613.42
mLapStartET=0.00 mCurrentET=65.60 Elapsed=65.60 mLapDist=892.52 / 1613.42
mLapStartET=0.00 mCurrentET=65.80 Elapsed=65.80 mLapDist=898.96 / 1613.42
mLapStartET=0.00 mCurrentET=66.00 Elapsed=66.00 mLapDist=904.97 / 1613.42
mLapStartET=0.00 mCurrentET=66.20 Elapsed=66.20 mLapDist=910.53 / 1613.42
mLapStartET=0.00 mCurrentET=66.40 Elapsed=66.40 mLapDist=915.75 / 1613.42
mLapStartET=0.00 mCurrentET=66.60 Elapsed=66.60 mLapDist=920.72 / 1613.42
mLapStartET=0.00 mCurrentET=66.80 Elapsed=66.80 mLapDist=925.48 / 1613.42
mLapStartET=0.00 mCurrentET=67.00 Elapsed=67.00 mLapDist=930.01 / 1613.42
mLapStartET=0.00 mCurrentET=67.20 Elapsed=67.20 mLapDist=934.31 / 1613.42
mLapStartET=0.00 mCurrentET=67.40 Elapsed=67.40 mLapDist=938.33 / 1613.42
mLapStartET=0.00 mCurrentET=67.60 Elapsed=67.60 mLapDist=942.18 / 1613.42
mLapStartET=0.00 mCurrentET=67.80 Elapsed=67.80 mLapDist=945.91 / 1613.42
mLapStartET=0.00 mCurrentET=68.00 Elapsed=68.00 mLapDist=949.81 / 1613.42
mLapStartET=0.00 mCurrentET=68.20 Elapsed=68.20 mLapDist=954.20 / 1613.42
mLapStartET=0.00 mCurrentET=68.40 Elapsed=68.40 mLapDist=959.02 / 1613.42
mLapStartET=0.00 mCurrentET=68.60 Elapsed=68.60 mLapDist=964.06 / 1613.42
mLapStartET=0.00 mCurrentET=68.80 Elapsed=68.80 mLapDist=969.05 / 1613.42
mLapStartET=0.00 mCurrentET=69.00 Elapsed=69.00 mLapDist=973.77 / 1613.42
mLapStartET=0.00 mCurrentET=69.20 Elapsed=69.20 mLapDist=978.12 / 1613.42
mLapStartET=0.00 mCurrentET=69.40 Elapsed=69.40 mLapDist=981.51 / 1613.42
mLapStartET=0.00 mCurrentET=69.60 Elapsed=69.60 mLapDist=985.24 / 1613.42
mLapStartET=0.00 mCurrentET=69.80 Elapsed=69.80 mLapDist=988.53 / 1613.42
mLapStartET=0.00 mCurrentET=70.00 Elapsed=70.00 mLapDist=991.61 / 1613.42
mLapStartET=0.00 mCurrentET=70.20 Elapsed=70.20 mLapDist=994.30 / 1613.42
mLapStartET=0.00 mCurrentET=70.40 Elapsed=70.40 mLapDist=997.24 / 1613.42
mLapStartET=0.00 mCurrentET=70.60 Elapsed=70.60 mLapDist=999.72 / 1613.42
mLapStartET=0.00 mCurrentET=70.80 Elapsed=70.80 mLapDist=1002.67 / 1613.42
mLapStartET=0.00 mCurrentET=71.00 Elapsed=71.00 mLapDist=1005.29 / 1613.42
mLapStartET=0.00 mCurrentET=71.20 Elapsed=71.20 mLapDist=1008.33 / 1613.42
mLapStartET=0.00 mCurrentET=71.40 Elapsed=71.40 mLapDist=1011.90 / 1613.42
mLapStartET=0.00 mCurrentET=71.60 Elapsed=71.60 mLapDist=1015.65 / 1613.42
mLapStartET=0.00 mCurrentET=71.80 Elapsed=71.80 mLapDist=1019.72 / 1613.42
mLapStartET=0.00 mCurrentET=72.00 Elapsed=72.00 mLapDist=1024.08 / 1613.42
mLapStartET=0.00 mCurrentET=72.20 Elapsed=72.20 mLapDist=1028.75 / 1613.42
mLapStartET=0.00 mCurrentET=72.40 Elapsed=72.40 mLapDist=1033.70 / 1613.42
mLapStartET=0.00 mCurrentET=72.60 Elapsed=72.60 mLapDist=1038.92 / 1613.42
mLapStartET=0.00 mCurrentET=72.80 Elapsed=72.80 mLapDist=1044.42 / 1613.42
mLapStartET=0.00 mCurrentET=73.00 Elapsed=73.00 mLapDist=1050.19 / 1613.42
mLapStartET=0.00 mCurrentET=73.20 Elapsed=73.20 mLapDist=1056.22 / 1613.42
mLapStartET=0.00 mCurrentET=73.40 Elapsed=73.40 mLapDist=1062.47 / 1613.42
mLapStartET=0.00 mCurrentET=73.60 Elapsed=73.60 mLapDist=1068.83 / 1613.42
mLapStartET=0.00 mCurrentET=73.80 Elapsed=73.80 mLapDist=1075.43 / 1613.42
mLapStartET=0.00 mCurrentET=74.00 Elapsed=74.00 mLapDist=1082.25 / 1613.42
mLapStartET=0.00 mCurrentET=74.20 Elapsed=74.20 mLapDist=1089.26 / 1613.42
mLapStartET=0.00 mCurrentET=74.40 Elapsed=74.40 mLapDist=1096.46 / 1613.42
mLapStartET=0.00 mCurrentET=74.60 Elapsed=74.60 mLapDist=1103.81 / 1613.42
mLapStartET=0.00 mCurrentET=74.80 Elapsed=74.80 mLapDist=1111.34 / 1613.42
mLapStartET=0.00 mCurrentET=75.00 Elapsed=75.00 mLapDist=1119.01 / 1613.42
mLapStartET=0.00 mCurrentET=75.20 Elapsed=75.20 mLapDist=1126.84 / 1613.42
mLapStartET=0.00 mCurrentET=75.40 Elapsed=75.40 mLapDist=1134.53 / 1613.42
mLapStartET=0.00 mCurrentET=75.60 Elapsed=75.60 mLapDist=1141.75 / 1613.42
mLapStartET=0.00 mCurrentET=75.80 Elapsed=75.80 mLapDist=1148.80 / 1613.42
mLapStartET=0.00 mCurrentET=76.00 Elapsed=76.00 mLapDist=1154.92 / 1613.42
mLapStartET=0.00 mCurrentET=76.20 Elapsed=76.20 mLapDist=1160.32 / 1613.42
mLapStartET=0.00 mCurrentET=76.40 Elapsed=76.40 mLapDist=1165.08 / 1613.42
mLapStartET=0.00 mCurrentET=76.60 Elapsed=76.60 mLapDist=1169.24 / 1613.42
mLapStartET=0.00 mCurrentET=76.80 Elapsed=76.80 mLapDist=1172.98 / 1613.42
mLapStartET=0.00 mCurrentET=77.00 Elapsed=77.00 mLapDist=1176.43 / 1613.42
mLapStartET=0.00 mCurrentET=77.20 Elapsed=77.20 mLapDist=1180.14 / 1613.42
mLapStartET=0.00 mCurrentET=77.40 Elapsed=77.40 mLapDist=1184.26 / 1613.42
mLapStartET=0.00 mCurrentET=77.60 Elapsed=77.60 mLapDist=1188.68 / 1613.42
mLapStartET=0.00 mCurrentET=77.80 Elapsed=77.80 mLapDist=1193.41 / 1613.42
mLapStartET=0.00 mCurrentET=78.00 Elapsed=78.00 mLapDist=1198.39 / 1613.42
mLapStartET=0.00 mCurrentET=78.20 Elapsed=78.20 mLapDist=1203.19 / 1613.42
mLapStartET=0.00 mCurrentET=78.40 Elapsed=78.40 mLapDist=1206.38 / 1613.42
mLapStartET=0.00 mCurrentET=78.60 Elapsed=78.60 mLapDist=1210.38 / 1613.42
mLapStartET=0.00 mCurrentET=78.80 Elapsed=78.80 mLapDist=1213.90 / 1613.42
mLapStartET=0.00 mCurrentET=79.00 Elapsed=79.00 mLapDist=1217.10 / 1613.42
mLapStartET=0.00 mCurrentET=79.20 Elapsed=79.20 mLapDist=1220.50 / 1613.42
mLapStartET=0.00 mCurrentET=79.40 Elapsed=79.40 mLapDist=1223.94 / 1613.42
mLapStartET=0.00 mCurrentET=79.60 Elapsed=79.60 mLapDist=1227.48 / 1613.42
mLapStartET=0.00 mCurrentET=79.80 Elapsed=79.80 mLapDist=1231.18 / 1613.42
mLapStartET=0.00 mCurrentET=80.00 Elapsed=80.00 mLapDist=1235.14 / 1613.42
mLapStartET=0.00 mCurrentET=80.20 Elapsed=80.20 mLapDist=1239.40 / 1613.42
mLapStartET=0.00 mCurrentET=80.40 Elapsed=80.40 mLapDist=1243.95 / 1613.42
mLapStartET=0.00 mCurrentET=80.60 Elapsed=80.60 mLapDist=1248.80 / 1613.42
mLapStartET=0.00 mCurrentET=80.80 Elapsed=80.80 mLapDist=1253.95 / 1613.42
mLapStartET=0.00 mCurrentET=81.00 Elapsed=81.00 mLapDist=1259.39 / 1613.42
mLapStartET=0.00 mCurrentET=81.20 Elapsed=81.20 mLapDist=1265.12 / 1613.42
mLapStartET=0.00 mCurrentET=81.40 Elapsed=81.40 mLapDist=1271.00 / 1613.42
mLapStartET=0.00 mCurrentET=81.60 Elapsed=81.60 mLapDist=1277.11 / 1613.42
mLapStartET=0.00 mCurrentET=81.80 Elapsed=81.80 mLapDist=1283.44 / 1613.42
mLapStartET=0.00 mCurrentET=82.00 Elapsed=82.00 mLapDist=1290.01 / 1613.42
mLapStartET=0.00 mCurrentET=82.20 Elapsed=82.20 mLapDist=1296.80 / 1613.42
mLapStartET=0.00 mCurrentET=82.40 Elapsed=82.40 mLapDist=1303.80 / 1613.42
mLapStartET=0.00 mCurrentET=82.60 Elapsed=82.60 mLapDist=1310.94 / 1613.42
mLapStartET=0.00 mCurrentET=82.80 Elapsed=82.80 mLapDist=1318.10 / 1613.42
mLapStartET=0.00 mCurrentET=83.00 Elapsed=83.00 mLapDist=1325.29 / 1613.42
mLapStartET=0.00 mCurrentET=83.20 Elapsed=83.20 mLapDist=1332.34 / 1613.42
mLapStartET=0.00 mCurrentET=83.40 Elapsed=83.40 mLapDist=1339.11 / 1613.42
mLapStartET=0.00 mCurrentET=83.60 Elapsed=83.60 mLapDist=1345.64 / 1613.42
mLapStartET=0.00 mCurrentET=83.80 Elapsed=83.80 mLapDist=1351.94 / 1613.42
mLapStartET=0.00 mCurrentET=84.00 Elapsed=84.00 mLapDist=1358.04 / 1613.42
mLapStartET=0.00 mCurrentET=84.20 Elapsed=84.20 mLapDist=1364.09 / 1613.42
mLapStartET=0.00 mCurrentET=84.40 Elapsed=84.40 mLapDist=1370.11 / 1613.42
mLapStartET=0.00 mCurrentET=84.60 Elapsed=84.60 mLapDist=1376.11 / 1613.42
mLapStartET=0.00 mCurrentET=84.80 Elapsed=84.80 mLapDist=1382.11 / 1613.42
mLapStartET=0.00 mCurrentET=85.00 Elapsed=85.00 mLapDist=1388.28 / 1613.42
mLapStartET=0.00 mCurrentET=85.20 Elapsed=85.20 mLapDist=1394.33 / 1613.42
mLapStartET=0.00 mCurrentET=85.40 Elapsed=85.40 mLapDist=1400.42 / 1613.42
mLapStartET=0.00 mCurrentET=85.60 Elapsed=85.60 mLapDist=1406.54 / 1613.42
mLapStartET=0.00 mCurrentET=85.80 Elapsed=85.80 mLapDist=1412.86 / 1613.42
mLapStartET=0.00 mCurrentET=86.00 Elapsed=86.00 mLapDist=1418.92 / 1613.42
mLapStartET=0.00 mCurrentET=86.20 Elapsed=86.20 mLapDist=1424.93 / 1613.42
mLapStartET=0.00 mCurrentET=86.40 Elapsed=86.40 mLapDist=1430.86 / 1613.42
mLapStartET=0.00 mCurrentET=86.60 Elapsed=86.60 mLapDist=1436.70 / 1613.42
mLapStartET=0.00 mCurrentET=86.80 Elapsed=86.80 mLapDist=1442.48 / 1613.42
mLapStartET=0.00 mCurrentET=87.00 Elapsed=87.00 mLapDist=1448.06 / 1613.42
mLapStartET=0.00 mCurrentET=87.20 Elapsed=87.20 mLapDist=1453.67 / 1613.42
mLapStartET=0.00 mCurrentET=87.40 Elapsed=87.40 mLapDist=1459.25 / 1613.42
mLapStartET=0.00 mCurrentET=87.60 Elapsed=87.60 mLapDist=1464.87 / 1613.42
mLapStartET=0.00 mCurrentET=87.80 Elapsed=87.80 mLapDist=1470.65 / 1613.42
mLapStartET=0.00 mCurrentET=88.00 Elapsed=88.00 mLapDist=1476.67 / 1613.42
mLapStartET=0.00 mCurrentET=88.20 Elapsed=88.20 mLapDist=1482.90 / 1613.42
mLapStartET=0.00 mCurrentET=88.40 Elapsed=88.40 mLapDist=1489.43 / 1613.42
mLapStartET=0.00 mCurrentET=88.60 Elapsed=88.60 mLapDist=1496.18 / 1613.42
mLapStartET=0.00 mCurrentET=88.80 Elapsed=88.80 mLapDist=1503.14 / 1613.42
mLapStartET=0.00 mCurrentET=89.00 Elapsed=89.00 mLapDist=1510.32 / 1613.42
mLapStartET=0.00 mCurrentET=89.20 Elapsed=89.20 mLapDist=1517.70 / 1613.42
mLapStartET=0.00 mCurrentET=89.40 Elapsed=89.40 mLapDist=1525.28 / 1613.42
mLapStartET=0.00 mCurrentET=89.60 Elapsed=89.60 mLapDist=1533.04 / 1613.42
mLapStartET=0.00 mCurrentET=89.80 Elapsed=89.80 mLapDist=1540.90 / 1613.42
mLapStartET=0.00 mCurrentET=90.00 Elapsed=90.00 mLapDist=1548.90 / 1613.42
mLapStartET=0.00 mCurrentET=90.20 Elapsed=90.20 mLapDist=1557.07 / 1613.42
mLapStartET=0.00 mCurrentET=90.40 Elapsed=90.40 mLapDist=1565.40 / 1613.42
mLapStartET=0.00 mCurrentET=90.60 Elapsed=90.60 mLapDist=1573.89 / 1613.42
mLapStartET=0.00 mCurrentET=90.80 Elapsed=90.80 mLapDist=1582.54 / 1613.42
mLapStartET=0.00 mCurrentET=91.00 Elapsed=91.00 mLapDist=1591.33 / 1613.42
mLapStartET=0.00 mCurrentET=91.20 Elapsed=91.20 mLapDist=1600.27 / 1613.42
mLapStartET=0.00 mCurrentET=91.40 Elapsed=91.40 mLapDist=1609.36 / 1613.42
mLapStartET=91.43 mCurrentET=91.60 Elapsed=0.17 mLapDist=5.17 / 1613.42
mLapStartET=91.43 mCurrentET=91.80 Elapsed=0.37 mLapDist=14.55 / 1613.42
mLapStartET=91.43 mCurrentET=92.00 Elapsed=0.57 mLapDist=24.05 / 1613.42
mLapStartET=91.43 mCurrentET=92.20 Elapsed=0.77 mLapDist=33.65 / 1613.42
mLapStartET=91.43 mCurrentET=92.40 Elapsed=0.97 mLapDist=43.30 / 1613.42
mLapStartET=91.43 mCurrentET=92.60 Elapsed=1.17 mLapDist=53.07 / 1613.42
mLapStartET=91.43 mCurrentET=92.80 Elapsed=1.37 mLapDist=62.95 / 1613.42
mLapStartET=91.43 mCurrentET=93.00 Elapsed=1.57 mLapDist=72.94 / 1613.42
mLapStartET=91.43 mCurrentET=93.20 Elapsed=1.77 mLapDist=83.06 / 1613.42
mLapStartET=91.43 mCurrentET=93.40 Elapsed=1.97 mLapDist=93.29 / 1613.42
mLapStartET=91.43 mCurrentET=93.60 Elapsed=2.17 mLapDist=103.62 / 1613.42
mLapStartET=91.43 mCurrentET=93.80 Elapsed=2.37 mLapDist=114.06 / 1613.42
mLapStartET=91.43 mCurrentET=94.00 Elapsed=2.57 mLapDist=124.59 / 1613.42
mLapStartET=91.43 mCurrentET=94.20 Elapsed=2.77 mLapDist=135.21 / 1613.42
mLapStartET=91.43 mCurrentET=94.40 Elapsed=2.97 mLapDist=145.92 / 1613.42
mLapStartET=91.43 mCurrentET=94.60 Elapsed=3.17 mLapDist=156.71 / 1613.42
mLapStartET=91.43 mCurrentET=94.80 Elapsed=3.37 mLapDist=167.56 / 1613.42
mLapStartET=91.43 mCurrentET=95.00 Elapsed=3.57 mLapDist=178.52 / 1613.42
mLapStartET=91.43 mCurrentET=95.20 Elapsed=3.77 mLapDist=189.35 / 1613.42
mLapStartET=91.43 mCurrentET=95.40 Elapsed=3.97 mLapDist=199.54 / 1613.42
mLapStartET=91.43 mCurrentET=95.60 Elapsed=4.17 mLapDist=208.99 / 1613.42
mLapStartET=91.43 mCurrentET=95.80 Elapsed=4.37 mLapDist=217.68 / 1613.42
mLapStartET=91.43 mCurrentET=96.00 Elapsed=4.57 mLapDist=225.64 / 1613.42
mLapStartET=91.43 mCurrentET=96.20 Elapsed=4.77 mLapDist=233.06 / 1613.42
mLapStartET=91.43 mCurrentET=96.40 Elapsed=4.97 mLapDist=240.16 / 1613.42
mLapStartET=91.43 mCurrentET=96.60 Elapsed=5.17 mLapDist=246.97 / 1613.42
mLapStartET=91.43 mCurrentET=96.80 Elapsed=5.37 mLapDist=253.42 / 1613.42
mLapStartET=91.43 mCurrentET=97.00 Elapsed=5.57 mLapDist=259.49 / 1613.42
mLapStartET=91.43 mCurrentET=97.20 Elapsed=5.77 mLapDist=265.12 / 1613.42
mLapStartET=91.43 mCurrentET=97.40 Elapsed=5.97 mLapDist=270.34 / 1613.42
mLapStartET=91.43 mCurrentET=97.60 Elapsed=6.17 mLapDist=275.20 / 1613.42
mLapStartET=91.43 mCurrentET=97.80 Elapsed=6.37 mLapDist=279.76 / 1613.42
mLapStartET=91.43 mCurrentET=98.00 Elapsed=6.57 mLapDist=284.12 / 1613.42
mLapStartET=91.43 mCurrentET=98.20 Elapsed=6.77 mLapDist=288.40 / 1613.42
mLapStartET=91.43 mCurrentET=98.40 Elapsed=6.97 mLapDist=292.14 / 1613.42
mLapStartET=91.43 mCurrentET=98.60 Elapsed=7.17 mLapDist=296.27 / 1613.42
mLapStartET=91.43 mCurrentET=98.80 Elapsed=7.37 mLapDist=300.51 / 1613.42
mLapStartET=91.43 mCurrentET=99.00 Elapsed=7.57 mLapDist=304.70 / 1613.42
mLapStartET=91.43 mCurrentET=99.20 Elapsed=7.77 mLapDist=308.85 / 1613.42
mLapStartET=91.43 mCurrentET=99.40 Elapsed=7.97 mLapDist=313.04 / 1613.42
mLapStartET=91.43 mCurrentET=99.60 Elapsed=8.17 mLapDist=316.29 / 1613.42
mLapStartET=91.43 mCurrentET=99.80 Elapsed=8.37 mLapDist=320.38 / 1613.42
mLapStartET=91.43 mCurrentET=100.00 Elapsed=8.57 mLapDist=324.22 / 1613.42
mLapStartET=91.43 mCurrentET=100.20 Elapsed=8.77 mLapDist=327.71 / 1613.42
mLapStartET=91.43 mCurrentET=100.40 Elapsed=8.97 mLapDist=330.79 / 1613.42
mLapStartET=91.43 mCurrentET=100.60 Elapsed=9.17 mLapDist=334.20 / 1613.42
mLapStartET=91.43 mCurrentET=100.80 Elapsed=9.37 mLapDist=337.75 / 1613.42
mLapStartET=91.43 mCurrentET=101.00 Elapsed=9.57 mLapDist=341.39 / 1613.42
mLapStartET=91.43 mCurrentET=101.20 Elapsed=9.77 mLapDist=345.40 / 1613.42
mLapStartET=91.43 mCurrentET=101.40 Elapsed=9.97 mLapDist=349.60 / 1613.42
mLapStartET=91.43 mCurrentET=101.60 Elapsed=10.17 mLapDist=354.05 / 1613.42
mLapStartET=91.43 mCurrentET=101.80 Elapsed=10.37 mLapDist=358.76 / 1613.42
mLapStartET=91.43 mCurrentET=102.00 Elapsed=10.57 mLapDist=363.74 / 1613.42
mLapStartET=91.43 mCurrentET=102.20 Elapsed=10.77 mLapDist=369.01 / 1613.42
mLapStartET=91.43 mCurrentET=102.40 Elapsed=10.97 mLapDist=374.56 / 1613.42
mLapStartET=91.43 mCurrentET=102.60 Elapsed=11.17 mLapDist=380.37 / 1613.42
mLapStartET=91.43 mCurrentET=102.80 Elapsed=11.37 mLapDist=386.40 / 1613.42
mLapStartET=91.43 mCurrentET=103.00 Elapsed=11.57 mLapDist=392.60 / 1613.42
mLapStartET=91.43 mCurrentET=103.20 Elapsed=11.77 mLapDist=399.02 / 1613.42
mLapStartET=91.43 mCurrentET=103.40 Elapsed=11.97 mLapDist=405.61 / 1613.42
mLapStartET=91.43 mCurrentET=103.60 Elapsed=12.17 mLapDist=412.71 / 1613.42
mLapStartET=91.43 mCurrentET=103.80 Elapsed=12.37 mLapDist=419.90 / 1613.42
mLapStartET=91.43 mCurrentET=104.00 Elapsed=12.57 mLapDist=427.24 / 1613.42
mLapStartET=91.43 mCurrentET=104.20 Elapsed=12.77 mLapDist=434.65 / 1613.42
mLapStartET=91.43 mCurrentET=104.40 Elapsed=12.97 mLapDist=442.06 / 1613.42
mLapStartET=91.43 mCurrentET=104.60 Elapsed=13.17 mLapDist=449.67 / 1613.42
mLapStartET=91.43 mCurrentET=104.80 Elapsed=13.37 mLapDist=457.83 / 1613.42
mLapStartET=91.43 mCurrentET=105.00 Elapsed=13.57 mLapDist=466.08 / 1613.42
mLapStartET=91.43 mCurrentET=105.20 Elapsed=13.77 mLapDist=474.81 / 1613.42
mLapStartET=91.43 mCurrentET=105.40 Elapsed=13.97 mLapDist=483.46 / 1613.42
mLapStartET=91.43 mCurrentET=105.60 Elapsed=14.17 mLapDist=491.85 / 1613.42
mLapStartET=91.43 mCurrentET=105.80 Elapsed=14.37 mLapDist=500.33 / 1613.42
mLapStartET=91.43 mCurrentET=106.00 Elapsed=14.57 mLapDist=508.88 / 1613.42
mLapStartET=91.43 mCurrentET=106.20 Elapsed=14.77 mLapDist=517.60 / 1613.42
mLapStartET=91.43 mCurrentET=106.40 Elapsed=14.97 mLapDist=526.46 / 1613.42
mLapStartET=91.43 mCurrentET=106.60 Elapsed=15.17 mLapDist=535.46 / 1613.42
mLapStartET=91.43 mCurrentET=106.80 Elapsed=15.37 mLapDist=544.60 / 1613.42
mLapStartET=91.43 mCurrentET=107.00 Elapsed=15.57 mLapDist=553.86 / 1613.42
mLapStartET=91.43 mCurrentET=107.20 Elapsed=15.77 mLapDist=563.25 / 1613.42
mLapStartET=91.43 mCurrentET=107.40 Elapsed=15.97 mLapDist=572.74 / 1613.42
mLapStartET=91.43 mCurrentET=107.60 Elapsed=16.17 mLapDist=582.35 / 1613.42
mLapStartET=91.43 mCurrentET=107.80 Elapsed=16.37 mLapDist=592.07 / 1613.42
mLapStartET=91.43 mCurrentET=108.00 Elapsed=16.57 mLapDist=601.89 / 1613.42
mLapStartET=91.43 mCurrentET=108.20 Elapsed=16.77 mLapDist=611.72 / 1613.42
mLapStartET=91.43 mCurrentET=108.40 Elapsed=16.97 mLapDist=621.66 / 1613.42
mLapStartET=91.43 mCurrentET=108.60 Elapsed=17.17 mLapDist=631.71 / 1613.42
mLapStartET=91.43 mCurrentET=108.80 Elapsed=17.37 mLapDist=641.85 / 1613.42
mLapStartET=91.43 mCurrentET=109.00 Elapsed=17.57 mLapDist=651.74 / 1613.42
mLapStartET=91.43 mCurrentET=109.20 Elapsed=17.77 mLapDist=660.96 / 1613.42
mLapStartET=91.43 mCurrentET=109.40 Elapsed=17.97 mLapDist=669.46 / 1613.42
mLapStartET=91.43 mCurrentET=109.60 Elapsed=18.17 mLapDist=677.25 / 1613.42
mLapStartET=91.43 mCurrentET=109.80 Elapsed=18.37 mLapDist=684.37 / 1613.42
mLapStartET=91.43 mCurrentET=110.00 Elapsed=18.57 mLapDist=690.88 / 1613.42
mLapStartET=91.43 mCurrentET=110.20 Elapsed=18.77 mLapDist=696.79 / 1613.42
mLapStartET=91.43 mCurrentET=110.40 Elapsed=18.97 mLapDist=702.13 / 1613.42
mLapStartET=91.43 mCurrentET=110.60 Elapsed=19.17 mLapDist=706.93 / 1613.42
mLapStartET=91.43 mCurrentET=110.80 Elapsed=19.37 mLapDist=711.33 / 1613.42
mLapStartET=91.43 mCurrentET=111.00 Elapsed=19.57 mLapDist=715.45 / 1613.42
mLapStartET=91.43 mCurrentET=111.20 Elapsed=19.77 mLapDist=719.37 / 1613.42
mLapStartET=91.43 mCurrentET=111.40 Elapsed=19.97 mLapDist=723.32 / 1613.42
mLapStartET=91.43 mCurrentET=111.60 Elapsed=20.17 mLapDist=727.19 / 1613.42
mLapStartET=91.43 mCurrentET=111.80 Elapsed=20.37 mLapDist=731.42 / 1613.42
mLapStartET=91.43 mCurrentET=112.00 Elapsed=20.57 mLapDist=735.98 / 1613.42
mLapStartET=91.43 mCurrentET=112.20 Elapsed=20.77 mLapDist=740.93 / 1613.42
mLapStartET=91.43 mCurrentET=112.40 Elapsed=20.97 mLapDist=746.16 / 1613.42
mLapStartET=91.43 mCurrentET=112.60 Elapsed=21.17 mLapDist=751.42 / 1613.42
mLapStartET=91.43 mCurrentET=112.80 Elapsed=21.37 mLapDist=756.60 / 1613.42
mLapStartET=91.43 mCurrentET=113.00 Elapsed=21.57 mLapDist=761.67 / 1613.42
mLapStartET=91.43 mCurrentET=113.20 Elapsed=21.77 mLapDist=766.57 / 1613.42
mLapStartET=91.43 mCurrentET=113.40 Elapsed=21.97 mLapDist=771.30 / 1613.42
mLapStartET=91.43 mCurrentET=113.60 Elapsed=22.17 mLapDist=775.97 / 1613.42
mLapStartET=91.43 mCurrentET=113.80 Elapsed=22.37 mLapDist=780.65 / 1613.42
mLapStartET=91.43 mCurrentET=114.00 Elapsed=22.57 mLapDist=785.39 / 1613.42
mLapStartET=91.43 mCurrentET=114.20 Elapsed=22.77 mLapDist=790.23 / 1613.42
mLapStartET=91.43 mCurrentET=114.40 Elapsed=22.97 mLapDist=795.18 / 1613.42
mLapStartET=91.43 mCurrentET=114.60 Elapsed=23.17 mLapDist=800.26 / 1613.42
mLapStartET=91.43 mCurrentET=114.80 Elapsed=23.37 mLapDist=805.45 / 1613.42
mLapStartET=91.43 mCurrentET=115.00 Elapsed=23.57 mLapDist=810.69 / 1613.42
mLapStartET=91.43 mCurrentET=115.20 Elapsed=23.77 mLapDist=815.94 / 1613.42
mLapStartET=91.43 mCurrentET=115.40 Elapsed=23.97 mLapDist=821.18 / 1613.42
mLapStartET=91.43 mCurrentET=115.60 Elapsed=24.17 mLapDist=826.39 / 1613.42
mLapStartET=91.43 mCurrentET=115.80 Elapsed=24.37 mLapDist=831.53 / 1613.42
mLapStartET=91.43 mCurrentET=116.00 Elapsed=24.57 mLapDist=836.70 / 1613.42
mLapStartET=91.43 mCurrentET=116.20 Elapsed=24.77 mLapDist=842.06 / 1613.42
mLapStartET=91.43 mCurrentET=116.40 Elapsed=24.97 mLapDist=847.71 / 1613.42
mLapStartET=91.43 mCurrentET=116.60 Elapsed=25.17 mLapDist=853.67 / 1613.42
mLapStartET=91.43 mCurrentET=116.80 Elapsed=25.37 mLapDist=859.82 / 1613.42
mLapStartET=91.43 mCurrentET=117.00 Elapsed=25.57 mLapDist=866.12 / 1613.42
mLapStartET=91.43 mCurrentET=117.20 Elapsed=25.77 mLapDist=872.59 / 1613.42
mLapStartET=91.43 mCurrentET=117.40 Elapsed=25.97 mLapDist=879.26 / 1613.42
mLapStartET=91.43 mCurrentET=117.60 Elapsed=26.17 mLapDist=886.07 / 1613.42
mLapStartET=91.43 mCurrentET=117.80 Elapsed=26.37 mLapDist=892.65 / 1613.42
mLapStartET=91.43 mCurrentET=118.00 Elapsed=26.57 mLapDist=898.77 / 1613.42
mLapStartET=91.43 mCurrentET=118.20 Elapsed=26.77 mLapDist=904.44 / 1613.42
mLapStartET=91.43 mCurrentET=118.40 Elapsed=26.97 mLapDist=909.75 / 1613.42
mLapStartET=91.43 mCurrentET=118.60 Elapsed=27.17 mLapDist=914.91 / 1613.42
mLapStartET=91.43 mCurrentET=118.80 Elapsed=27.37 mLapDist=920.04 / 1613.42
mLapStartET=91.43 mCurrentET=119.00 Elapsed=27.57 mLapDist=925.07 / 1613.42
mLapStartET=91.43 mCurrentET=119.20 Elapsed=27.77 mLapDist=929.93 / 1613.42
mLapStartET=91.43 mCurrentET=119.40 Elapsed=27.97 mLapDist=934.66 / 1613.42
mLapStartET=91.43 mCurrentET=119.60 Elapsed=28.17 mLapDist=939.32 / 1613.42
mLapStartET=91.43 mCurrentET=119.80 Elapsed=28.37 mLapDist=943.94 / 1613.42
mLapStartET=91.43 mCurrentET=120.00 Elapsed=28.57 mLapDist=948.64 / 1613.42
mLapStartET=91.43 mCurrentET=120.20 Elapsed=28.77 mLapDist=953.62 / 1613.42
mLapStartET=91.43 mCurrentET=120.40 Elapsed=28.97 mLapDist=958.77 / 1613.42
mLapStartET=91.43 mCurrentET=120.60 Elapsed=29.17 mLapDist=963.76 / 1613.42
mLapStartET=91.43 mCurrentET=120.80 Elapsed=29.37 mLapDist=968.32 / 1613.42
mLapStartET=91.43 mCurrentET=121.00 Elapsed=29.57 mLapDist=971.77 / 1613.42
mLapStartET=91.43 mCurrentET=121.20 Elapsed=29.77 mLapDist=975.47 / 1613.42
mLapStartET=91.43 mCurrentET=121.40 Elapsed=29.97 mLapDist=978.84 / 1613.42
mLapStartET=91.43 mCurrentET=121.60 Elapsed=30.17 mLapDist=981.85 / 1613.42
mLapStartET=91.43 mCurrentET=121.80 Elapsed=30.37 mLapDist=984.77 / 1613.42
mLapStartET=91.43 mCurrentET=122.00 Elapsed=30.57 mLapDist=987.69 / 1613.42
mLapStartET=91.43 mCurrentET=122.20 Elapsed=30.77 mLapDist=990.43 / 1613.42
mLapStartET=91.43 mCurrentET=122.40 Elapsed=30.97 mLapDist=993.14 / 1613.42
mLapStartET=91.43 mCurrentET=122.60 Elapsed=31.17 mLapDist=996.31 / 1613.42
mLapStartET=91.43 mCurrentET=122.80 Elapsed=31.37 mLapDist=999.16 / 1613.42
mLapStartET=91.43 mCurrentET=123.00 Elapsed=31.57 mLapDist=1002.63 / 1613.42
mLapStartET=91.43 mCurrentET=123.20 Elapsed=31.77 mLapDist=1005.76 / 1613.42
mLapStartET=91.43 mCurrentET=123.40 Elapsed=31.97 mLapDist=1009.23 / 1613.42
mLapStartET=91.43 mCurrentET=123.60 Elapsed=32.17 mLapDist=1013.08 / 1613.42
mLapStartET=91.43 mCurrentET=123.80 Elapsed=32.37 mLapDist=1017.26 / 1613.42
mLapStartET=91.43 mCurrentET=124.00 Elapsed=32.57 mLapDist=1021.68 / 1613.42
mLapStartET=91.43 mCurrentET=124.20 Elapsed=32.77 mLapDist=1026.41 / 1613.42
mLapStartET=91.43 mCurrentET=124.40 Elapsed=32.97 mLapDist=1031.41 / 1613.42
mLapStartET=91.43 mCurrentET=124.60 Elapsed=33.17 mLapDist=1036.66 / 1613.42
mLapStartET=91.43 mCurrentET=124.80 Elapsed=33.37 mLapDist=1042.15 / 1613.42
mLapStartET=91.43 mCurrentET=125.00 Elapsed=33.57 mLapDist=1047.92 / 1613.42
mLapStartET=91.43 mCurrentET=125.20 Elapsed=33.77 mLapDist=1053.97 / 1613.42
mLapStartET=91.43 mCurrentET=125.40 Elapsed=33.97 mLapDist=1060.27 / 1613.42
mLapStartET=91.43 mCurrentET=125.60 Elapsed=34.17 mLapDist=1066.74 / 1613.42
mLapStartET=91.43 mCurrentET=125.80 Elapsed=34.37 mLapDist=1073.38 / 1613.42
mLapStartET=91.43 mCurrentET=126.00 Elapsed=34.57 mLapDist=1080.24 / 1613.42
mLapStartET=91.43 mCurrentET=126.20 Elapsed=34.77 mLapDist=1087.31 / 1613.42
mLapStartET=91.43 mCurrentET=126.40 Elapsed=34.97 mLapDist=1094.54 / 1613.42
mLapStartET=91.43 mCurrentET=126.60 Elapsed=35.17 mLapDist=1101.96 / 1613.42
mLapStartET=91.43 mCurrentET=126.80 Elapsed=35.37 mLapDist=1109.53 / 1613.42
mLapStartET=91.43 mCurrentET=127.00 Elapsed=35.57 mLapDist=1117.23 / 1613.42
mLapStartET=91.43 mCurrentET=127.20 Elapsed=35.77 mLapDist=1125.05 / 1613.42
mLapStartET=91.43 mCurrentET=127.40 Elapsed=35.97 mLapDist=1132.77 / 1613.42
mLapStartET=91.43 mCurrentET=127.60 Elapsed=36.17 mLapDist=1140.06 / 1613.42
mLapStartET=91.43 mCurrentET=127.80 Elapsed=36.37 mLapDist=1146.99 / 1613.42
mLapStartET=91.43 mCurrentET=128.00 Elapsed=36.57 mLapDist=1153.65 / 1613.42
mLapStartET=91.43 mCurrentET=128.20 Elapsed=36.77 mLapDist=1159.47 / 1613.42
mLapStartET=91.43 mCurrentET=128.40 Elapsed=36.97 mLapDist=1164.71 / 1613.42
mLapStartET=91.43 mCurrentET=128.60 Elapsed=37.17 mLapDist=1169.40 / 1613.42
mLapStartET=91.43 mCurrentET=128.80 Elapsed=37.37 mLapDist=1173.65 / 1613.42
mLapStartET=91.43 mCurrentET=129.00 Elapsed=37.57 mLapDist=1177.70 / 1613.42
mLapStartET=91.43 mCurrentET=129.20 Elapsed=37.77 mLapDist=1181.52 / 1613.42
mLapStartET=91.43 mCurrentET=129.40 Elapsed=37.97 mLapDist=1185.84 / 1613.42
mLapStartET=91.43 mCurrentET=129.60 Elapsed=38.17 mLapDist=1190.44 / 1613.42
mLapStartET=91.43 mCurrentET=129.80 Elapsed=38.37 mLapDist=1195.37 / 1613.42
mLapStartET=91.43 mCurrentET=130.00 Elapsed=38.57 mLapDist=1200.61 / 1613.42
mLapStartET=91.43 mCurrentET=130.20 Elapsed=38.77 mLapDist=1205.75 / 1613.42
mLapStartET=91.43 mCurrentET=130.40 Elapsed=38.97 mLapDist=1210.27 / 1613.42
mLapStartET=91.43 mCurrentET=130.60 Elapsed=39.17 mLapDist=1214.25 / 1613.42
mLapStartET=91.43 mCurrentET=130.80 Elapsed=39.37 mLapDist=1218.04 / 1613.42
mLapStartET=91.43 mCurrentET=131.00 Elapsed=39.57 mLapDist=1221.75 / 1613.42
mLapStartET=91.43 mCurrentET=131.20 Elapsed=39.77 mLapDist=1225.66 / 1613.42
mLapStartET=91.43 mCurrentET=131.40 Elapsed=39.97 mLapDist=1229.72 / 1613.42
mLapStartET=91.43 mCurrentET=131.60 Elapsed=40.17 mLapDist=1234.06 / 1613.42
mLapStartET=91.43 mCurrentET=131.80 Elapsed=40.37 mLapDist=1238.70 / 1613.42
mLapStartET=91.43 mCurrentET=132.00 Elapsed=40.57 mLapDist=1243.63 / 1613.42
mLapStartET=91.43 mCurrentET=132.20 Elapsed=40.77 mLapDist=1248.87 / 1613.42
mLapStartET=91.43 mCurrentET=132.40 Elapsed=40.97 mLapDist=1254.39 / 1613.42
mLapStartET=91.43 mCurrentET=132.60 Elapsed=41.17 mLapDist=1260.21 / 1613.42
mLapStartET=91.43 mCurrentET=132.80 Elapsed=41.37 mLapDist=1266.30 / 1613.42
mLapStartET=91.43 mCurrentET=133.00 Elapsed=41.57 mLapDist=1272.64 / 1613.42
mLapStartET=91.43 mCurrentET=133.20 Elapsed=41.77 mLapDist=1279.22 / 1613.42
mLapStartET=91.43 mCurrentET=133.40 Elapsed=41.97 mLapDist=1285.93 / 1613.42
mLapStartET=91.43 mCurrentET=133.60 Elapsed=42.17 mLapDist=1292.80 / 1613.42
mLapStartET=91.43 mCurrentET=133.80 Elapsed=42.37 mLapDist=1299.89 / 1613.42
mLapStartET=91.43 mCurrentET=134.00 Elapsed=42.57 mLapDist=1307.19 / 1613.42
mLapStartET=91.43 mCurrentET=134.20 Elapsed=42.77 mLapDist=1314.68 / 1613.42
mLapStartET=91.43 mCurrentET=134.40 Elapsed=42.97 mLapDist=1322.37 / 1613.42
mLapStartET=91.43 mCurrentET=134.60 Elapsed=43.17 mLapDist=1330.18 / 1613.42
mLapStartET=91.43 mCurrentET=134.80 Elapsed=43.37 mLapDist=1337.74 / 1613.42
mLapStartET=91.43 mCurrentET=135.00 Elapsed=43.57 mLapDist=1344.84 / 1613.42
mLapStartET=91.43 mCurrentET=135.20 Elapsed=43.77 mLapDist=1351.47 / 1613.42
mLapStartET=91.43 mCurrentET=135.40 Elapsed=43.97 mLapDist=1357.63 / 1613.42
mLapStartET=91.43 mCurrentET=135.60 Elapsed=44.17 mLapDist=1363.52 / 1613.42
mLapStartET=91.43 mCurrentET=135.80 Elapsed=44.37 mLapDist=1369.14 / 1613.42
mLapStartET=91.43 mCurrentET=136.00 Elapsed=44.57 mLapDist=1374.70 / 1613.42
mLapStartET=91.43 mCurrentET=136.20 Elapsed=44.77 mLapDist=1380.34 / 1613.42
mLapStartET=91.43 mCurrentET=136.40 Elapsed=44.97 mLapDist=1386.10 / 1613.42
mLapStartET=91.43 mCurrentET=136.60 Elapsed=45.17 mLapDist=1392.03 / 1613.42
mLapStartET=91.43 mCurrentET=136.80 Elapsed=45.37 mLapDist=1398.34 / 1613.42
mLapStartET=91.43 mCurrentET=137.00 Elapsed=45.57 mLapDist=1404.65 / 1613.42
mLapStartET=91.43 mCurrentET=137.20 Elapsed=45.77 mLapDist=1410.96 / 1613.42
mLapStartET=91.43 mCurrentET=137.40 Elapsed=45.97 mLapDist=1417.22 / 1613.42
mLapStartET=91.43 mCurrentET=137.60 Elapsed=46.17 mLapDist=1423.78 / 1613.42
mLapStartET=91.43 mCurrentET=137.80 Elapsed=46.37 mLapDist=1429.94 / 1613.42
mLapStartET=91.43 mCurrentET=138.00 Elapsed=46.57 mLapDist=1435.98 / 1613.42
mLapStartET=91.43 mCurrentET=138.20 Elapsed=46.77 mLapDist=1441.93 / 1613.42
mLapStartET=91.43 mCurrentET=138.40 Elapsed=46.97 mLapDist=1448.02 / 1613.42
mLapStartET=91.43 mCurrentET=138.60 Elapsed=47.17 mLapDist=1454.09 / 1613.42
mLapStartET=91.43 mCurrentET=138.80 Elapsed=47.37 mLapDist=1460.35 / 1613.42
mLapStartET=91.43 mCurrentET=139.00 Elapsed=47.57 mLapDist=1466.78 / 1613.42
mLapStartET=91.43 mCurrentET=139.20 Elapsed=47.77 mLapDist=1473.30 / 1613.42
mLapStartET=91.43 mCurrentET=139.40 Elapsed=47.97 mLapDist=1479.91 / 1613.42
mLapStartET=91.43 mCurrentET=139.60 Elapsed=48.17 mLapDist=1486.76 / 1613.42
mLapStartET=91.43 mCurrentET=139.80 Elapsed=48.37 mLapDist=1493.83 / 1613.42
mLapStartET=91.43 mCurrentET=140.00 Elapsed=48.57 mLapDist=1501.14 / 1613.42
mLapStartET=91.43 mCurrentET=140.20 Elapsed=48.77 mLapDist=1508.64 / 1613.42
mLapStartET=91.43 mCurrentET=140.40 Elapsed=48.97 mLapDist=1516.34 / 1613.42
mLapStartET=91.43 mCurrentET=140.60 Elapsed=49.17 mLapDist=1524.23 / 1613.42
mLapStartET=91.43 mCurrentET=140.80 Elapsed=49.37 mLapDist=1532.30 / 1613.42
mLapStartET=91.43 mCurrentET=141.00 Elapsed=49.57 mLapDist=1540.53 / 1613.42
mLapStartET=91.43 mCurrentET=141.20 Elapsed=49.77 mLapDist=1548.93 / 1613.42
mLapStartET=91.43 mCurrentET=141.40 Elapsed=49.97 mLapDist=1557.42 / 1613.42
mLapStartET=91.43 mCurrentET=141.60 Elapsed=50.17 mLapDist=1565.99 / 1613.42
mLapStartET=91.43 mCurrentET=141.80 Elapsed=50.37 mLapDist=1574.72 / 1613.42
mLapStartET=91.43 mCurrentET=142.00 Elapsed=50.57 mLapDist=1583.60 / 1613.42
mLapStartET=91.43 mCurrentET=142.20 Elapsed=50.77 mLapDist=1592.62 / 1613.42
mLapStartET=91.43 mCurrentET=142.40 Elapsed=50.97 mLapDist=1601.78 / 1613.42
mLapStartET=142.59 mCurrentET=142.60 Elapsed=0.01 mLapDist=-2.34 / 1613.42
mLapStartET=142.59 mCurrentET=142.80 Elapsed=0.21 mLapDist=7.11 / 1613.42
mLapStartET=142.59 mCurrentET=143.00 Elapsed=0.41 mLapDist=16.69 / 1613.42
mLapStartET=142.59 mCurrentET=143.20 Elapsed=0.61 mLapDist=26.38 / 1613.42
mLapStartET=142.59 mCurrentET=143.40 Elapsed=0.81 mLapDist=36.18 / 1613.42
mLapStartET=142.59 mCurrentET=143.60 Elapsed=1.01 mLapDist=46.10 / 1613.42
mLapStartET=142.59 mCurrentET=143.80 Elapsed=1.21 mLapDist=56.13 / 1613.42
mLapStartET=142.59 mCurrentET=144.00 Elapsed=1.41 mLapDist=66.19 / 1613.42
mLapStartET=142.59 mCurrentET=144.20 Elapsed=1.61 mLapDist=76.33 / 1613.42
mLapStartET=142.59 mCurrentET=144.40 Elapsed=1.81 mLapDist=86.59 / 1613.42
mLapStartET=142.59 mCurrentET=144.60 Elapsed=2.01 mLapDist=96.96 / 1613.42
mLapStartET=142.59 mCurrentET=144.80 Elapsed=2.21 mLapDist=107.42 / 1613.42
mLapStartET=142.59 mCurrentET=145.00 Elapsed=2.41 mLapDist=117.98 / 1613.42
mLapStartET=142.59 mCurrentET=145.20 Elapsed=2.61 mLapDist=128.64 / 1613.42
mLapStartET=142.59 mCurrentET=145.40 Elapsed=2.81 mLapDist=139.40 / 1613.42
mLapStartET=142.59 mCurrentET=145.60 Elapsed=3.01 mLapDist=150.24 / 1613.42
mLapStartET=142.59 mCurrentET=145.80 Elapsed=3.21 mLapDist=161.17 / 1613.42
mLapStartET=142.59 mCurrentET=146.00 Elapsed=3.41 mLapDist=172.19 / 1613.42
mLapStartET=142.59 mCurrentET=146.20 Elapsed=3.61 mLapDist=183.27 / 1613.42
mLapStartET=142.59 mCurrentET=146.40 Elapsed=3.81 mLapDist=194.45 / 1613.42
mLapStartET=142.59 mCurrentET=146.60 Elapsed=4.01 mLapDist=205.68 / 1613.42
mLapStartET=142.59 mCurrentET=146.80 Elapsed=4.21 mLapDist=216.66 / 1613.42
mLapStartET=142.59 mCurrentET=147.00 Elapsed=4.41 mLapDist=227.01 / 1613.42
mLapStartET=142.59 mCurrentET=147.20 Elapsed=4.61 mLapDist=236.64 / 1613.42
mLapStartET=142.59 mCurrentET=147.40 Elapsed=4.81 mLapDist=245.54 / 1613.42
mLapStartET=142.59 mCurrentET=147.60 Elapsed=5.01 mLapDist=253.72 / 1613.42
mLapStartET=142.59 mCurrentET=147.80 Elapsed=5.21 mLapDist=261.18 / 1613.42
mLapStartET=142.59 mCurrentET=148.00 Elapsed=5.41 mLapDist=267.95 / 1613.42
mLapStartET=142.59 mCurrentET=148.20 Elapsed=5.61 mLapDist=274.17 / 1613.42
mLapStartET=142.59 mCurrentET=148.40 Elapsed=5.81 mLapDist=279.75 / 1613.42
mLapStartET=142.59 mCurrentET=148.60 Elapsed=6.01 mLapDist=284.67 / 1613.42
mLapStartET=142.59 mCurrentET=148.80 Elapsed=6.21 mLapDist=288.96 / 1613.42
mLapStartET=142.59 mCurrentET=149.00 Elapsed=6.41 mLapDist=292.50 / 1613.42
mLapStartET=142.59 mCurrentET=149.20 Elapsed=6.61 mLapDist=296.09 / 1613.42
mLapStartET=142.59 mCurrentET=149.40 Elapsed=6.81 mLapDist=298.42 / 1613.42
mLapStartET=142.59 mCurrentET=149.60 Elapsed=7.01 mLapDist=301.49 / 1613.42
mLapStartET=142.59 mCurrentET=149.80 Elapsed=7.21 mLapDist=302.84 / 1613.42
mLapStartET=142.59 mCurrentET=150.00 Elapsed=7.41 mLapDist=305.32 / 1613.42
mLapStartET=142.59 mCurrentET=150.20 Elapsed=7.61 mLapDist=307.68 / 1613.42
mLapStartET=142.59 mCurrentET=150.40 Elapsed=7.81 mLapDist=308.22 / 1613.42
mLapStartET=142.59 mCurrentET=150.60 Elapsed=8.01 mLapDist=310.41 / 1613.42
mLapStartET=142.59 mCurrentET=150.80 Elapsed=8.21 mLapDist=312.55 / 1613.42
mLapStartET=142.59 mCurrentET=151.00 Elapsed=8.41 mLapDist=312.78 / 1613.42
mLapStartET=142.59 mCurrentET=151.20 Elapsed=8.61 mLapDist=314.79 / 1613.42
mLapStartET=142.59 mCurrentET=151.40 Elapsed=8.81 mLapDist=316.75 / 1613.42
mLapStartET=142.59 mCurrentET=151.60 Elapsed=9.01 mLapDist=317.09 / 1613.42
mLapStartET=142.59 mCurrentET=151.80 Elapsed=9.21 mLapDist=319.20 / 1613.42
mLapStartET=142.59 mCurrentET=152.00 Elapsed=9.41 mLapDist=321.41 / 1613.42
mLapStartET=142.59 mCurrentET=152.20 Elapsed=9.61 mLapDist=322.83 / 1613.42
mLapStartET=142.59 mCurrentET=152.40 Elapsed=9.81 mLapDist=325.54 / 1613.42
mLapStartET=142.59 mCurrentET=152.60 Elapsed=10.01 mLapDist=328.03 / 1613.42
mLapStartET=142.59 mCurrentET=152.80 Elapsed=10.21 mLapDist=330.97 / 1613.42
mLapStartET=142.59 mCurrentET=153.00 Elapsed=10.41 mLapDist=334.10 / 1613.42
mLapStartET=142.59 mCurrentET=153.20 Elapsed=10.61 mLapDist=337.70 / 1613.42
mLapStartET=142.59 mCurrentET=153.40 Elapsed=10.81 mLapDist=341.61 / 1613.42
mLapStartET=142.59 mCurrentET=153.60 Elapsed=11.01 mLapDist=346.02 / 1613.42
mLapStartET=142.59 mCurrentET=153.80 Elapsed=11.21 mLapDist=350.72 / 1613.42
mLapStartET=142.59 mCurrentET=154.00 Elapsed=11.41 mLapDist=355.62 / 1613.42
mLapStartET=142.59 mCurrentET=154.20 Elapsed=11.61 mLapDist=360.70 / 1613.42
mLapStartET=142.59 mCurrentET=154.40 Elapsed=11.81 mLapDist=366.06 / 1613.42
mLapStartET=142.59 mCurrentET=154.60 Elapsed=12.01 mLapDist=371.67 / 1613.42
mLapStartET=142.59 mCurrentET=154.80 Elapsed=12.21 mLapDist=377.53 / 1613.42
mLapStartET=142.59 mCurrentET=155.00 Elapsed=12.41 mLapDist=383.63 / 1613.42
mLapStartET=142.59 mCurrentET=155.20 Elapsed=12.61 mLapDist=389.97 / 1613.42
mLapStartET=142.59 mCurrentET=155.40 Elapsed=12.81 mLapDist=396.54 / 1613.42
mLapStartET=142.59 mCurrentET=155.60 Elapsed=13.01 mLapDist=403.58 / 1613.42
mLapStartET=142.59 mCurrentET=155.80 Elapsed=13.21 mLapDist=410.71 / 1613.42
mLapStartET=142.59 mCurrentET=156.00 Elapsed=13.41 mLapDist=418.40 / 1613.42
mLapStartET=142.59 mCurrentET=156.20 Elapsed=13.61 mLapDist=425.72 / 1613.42
mLapStartET=142.59 mCurrentET=156.40 Elapsed=13.81 mLapDist=433.06 / 1613.42
mLapStartET=142.59 mCurrentET=156.60 Elapsed=14.01 mLapDist=440.40 / 1613.42
mLapStartET=142.59 mCurrentET=156.80 Elapsed=14.21 mLapDist=448.01 / 1613.42
mLapStartET=142.59 mCurrentET=157.00 Elapsed=14.41 mLapDist=455.98 / 1613.42
mLapStartET=142.59 mCurrentET=157.20 Elapsed=14.61 mLapDist=464.55 / 1613.42
mLapStartET=142.59 mCurrentET=157.40 Elapsed=14.81 mLapDist=473.41 / 1613.42
mLapStartET=142.59 mCurrentET=157.60 Elapsed=15.01 mLapDist=481.94 / 1613.42
mLapStartET=142.59 mCurrentET=157.80 Elapsed=15.21 mLapDist=490.44 / 1613.42
mLapStartET=142.59 mCurrentET=158.00 Elapsed=15.41 mLapDist=498.84 / 1613.42
mLapStartET=142.59 mCurrentET=158.20 Elapsed=15.61 mLapDist=507.33 / 1613.42
mLapStartET=142.59 mCurrentET=158.40 Elapsed=15.81 mLapDist=516.01 / 1613.42
mLapStartET=142.59 mCurrentET=158.60 Elapsed=16.01 mLapDist=524.85 / 1613.42
mLapStartET=142.59 mCurrentET=158.80 Elapsed=16.21 mLapDist=533.82 / 1613.42
mLapStartET=142.59 mCurrentET=159.00 Elapsed=16.41 mLapDist=542.94 / 1613.42
mLapStartET=142.59 mCurrentET=159.20 Elapsed=16.61 mLapDist=552.18 / 1613.42
mLapStartET=142.59 mCurrentET=159.40 Elapsed=16.81 mLapDist=561.55 / 1613.42
mLapStartET=142.59 mCurrentET=159.60 Elapsed=17.01 mLapDist=571.02 / 1613.42
mLapStartET=142.59 mCurrentET=159.80 Elapsed=17.21 mLapDist=580.62 / 1613.42
mLapStartET=142.59 mCurrentET=160.00 Elapsed=17.41 mLapDist=590.32 / 1613.42
mLapStartET=142.59 mCurrentET=160.20 Elapsed=17.61 mLapDist=600.12 / 1613.42
mLapStartET=142.59 mCurrentET=160.40 Elapsed=17.81 mLapDist=610.01 / 1613.42
mLapStartET=142.59 mCurrentET=160.60 Elapsed=18.01 mLapDist=620.01 / 1613.42
mLapStartET=142.59 mCurrentET=160.80 Elapsed=18.21 mLapDist=630.09 / 1613.42
mLapStartET=142.59 mCurrentET=161.00 Elapsed=18.41 mLapDist=640.22 / 1613.42
mLapStartET=142.59 mCurrentET=161.20 Elapsed=18.61 mLapDist=650.31 / 1613.42
mLapStartET=142.59 mCurrentET=161.40 Elapsed=18.81 mLapDist=659.93 / 1613.42
mLapStartET=142.59 mCurrentET=161.60 Elapsed=19.01 mLapDist=668.85 / 1613.42
mLapStartET=142.59 mCurrentET=161.80 Elapsed=19.21 mLapDist=677.04 / 1613.42
mLapStartET=142.59 mCurrentET=162.00 Elapsed=19.41 mLapDist=684.52 / 1613.42
mLapStartET=142.59 mCurrentET=162.20 Elapsed=19.61 mLapDist=691.27 / 1613.42
mLapStartET=142.59 mCurrentET=162.40 Elapsed=19.81 mLapDist=697.34 / 1613.42
mLapStartET=142.59 mCurrentET=162.60 Elapsed=20.01 mLapDist=702.76 / 1613.42
mLapStartET=142.59 mCurrentET=162.80 Elapsed=20.21 mLapDist=707.71 / 1613.42
mLapStartET=142.59 mCurrentET=163.00 Elapsed=20.41 mLapDist=712.48 / 1613.42
mLapStartET=142.59 mCurrentET=163.20 Elapsed=20.61 mLapDist=717.20 / 1613.42
mLapStartET=142.59 mCurrentET=163.40 Elapsed=20.81 mLapDist=722.04 / 1613.42
mLapStartET=142.59 mCurrentET=163.60 Elapsed=21.01 mLapDist=727.12 / 1613.42
mLapStartET=142.59 mCurrentET=163.80 Elapsed=21.21 mLapDist=733.05 / 1613.42
mLapStartET=142.59 mCurrentET=164.00 Elapsed=21.41 mLapDist=738.77 / 1613.42
mLapStartET=142.59 mCurrentET=164.20 Elapsed=21.61 mLapDist=744.54 / 1613.42
mLapStartET=142.59 mCurrentET=164.40 Elapsed=21.81 mLapDist=750.24 / 1613.42
mLapStartET=142.59 mCurrentET=164.60 Elapsed=22.01 mLapDist=755.79 / 1613.42
mLapStartET=142.59 mCurrentET=164.80 Elapsed=22.21 mLapDist=761.14 / 1613.42
mLapStartET=142.59 mCurrentET=165.00 Elapsed=22.41 mLapDist=766.25 / 1613.42
mLapStartET=142.59 mCurrentET=165.20 Elapsed=22.61 mLapDist=771.11 / 1613.42
mLapStartET=142.59 mCurrentET=165.40 Elapsed=22.81 mLapDist=775.76 / 1613.42
mLapStartET=142.59 mCurrentET=165.60 Elapsed=23.01 mLapDist=780.23 / 1613.42
mLapStartET=142.59 mCurrentET=165.80 Elapsed=23.21 mLapDist=784.56 / 1613.42
mLapStartET=142.59 mCurrentET=166.00 Elapsed=23.41 mLapDist=788.78 / 1613.42
mLapStartET=142.59 mCurrentET=166.20 Elapsed=23.61 mLapDist=792.96 / 1613.42
mLapStartET=142.59 mCurrentET=166.40 Elapsed=23.81 mLapDist=797.07 / 1613.42
mLapStartET=142.59 mCurrentET=166.60 Elapsed=24.01 mLapDist=801.33 / 1613.42
mLapStartET=142.59 mCurrentET=166.80 Elapsed=24.21 mLapDist=805.71 / 1613.42
mLapStartET=142.59 mCurrentET=167.00 Elapsed=24.41 mLapDist=810.24 / 1613.42
mLapStartET=142.59 mCurrentET=167.20 Elapsed=24.61 mLapDist=814.96 / 1613.42
mLapStartET=142.59 mCurrentET=167.40 Elapsed=24.81 mLapDist=819.91 / 1613.42
mLapStartET=142.59 mCurrentET=167.60 Elapsed=25.01 mLapDist=825.09 / 1613.42
mLapStartET=142.59 mCurrentET=167.80 Elapsed=25.21 mLapDist=830.41 / 1613.42
mLapStartET=142.59 mCurrentET=168.00 Elapsed=25.41 mLapDist=835.77 / 1613.42
mLapStartET=142.59 mCurrentET=168.20 Elapsed=25.61 mLapDist=841.27 / 1613.42
mLapStartET=142.59 mCurrentET=168.40 Elapsed=25.81 mLapDist=846.96 / 1613.42
mLapStartET=142.59 mCurrentET=168.60 Elapsed=26.01 mLapDist=852.89 / 1613.42
mLapStartET=142.59 mCurrentET=168.80 Elapsed=26.21 mLapDist=859.07 / 1613.42
mLapStartET=142.59 mCurrentET=169.00 Elapsed=26.41 mLapDist=865.50 / 1613.42
mLapStartET=142.59 mCurrentET=169.20 Elapsed=26.61 mLapDist=872.08 / 1613.42
mLapStartET=142.59 mCurrentET=169.40 Elapsed=26.81 mLapDist=878.83 / 1613.42
mLapStartET=142.59 mCurrentET=169.60 Elapsed=27.01 mLapDist=885.78 / 1613.42
mLapStartET=142.59 mCurrentET=169.80 Elapsed=27.21 mLapDist=892.90 / 1613.42
mLapStartET=142.59 mCurrentET=170.00 Elapsed=27.41 mLapDist=900.20 / 1613.42
mLapStartET=142.59 mCurrentET=170.20 Elapsed=27.61 mLapDist=907.49 / 1613.42
mLapStartET=142.59 mCurrentET=170.40 Elapsed=27.81 mLapDist=914.37 / 1613.42
mLapStartET=142.59 mCurrentET=170.60 Elapsed=28.01 mLapDist=920.79 / 1613.42
mLapStartET=142.59 mCurrentET=170.80 Elapsed=28.21 mLapDist=926.73 / 1613.42
mLapStartET=142.59 mCurrentET=171.00 Elapsed=28.41 mLapDist=932.25 / 1613.42
mLapStartET=142.59 mCurrentET=171.20 Elapsed=28.61 mLapDist=937.40 / 1613.42
mLapStartET=142.59 mCurrentET=171.40 Elapsed=28.81 mLapDist=942.25 / 1613.42
mLapStartET=142.59 mCurrentET=171.60 Elapsed=29.01 mLapDist=946.72 / 1613.42
mLapStartET=142.59 mCurrentET=171.80 Elapsed=29.21 mLapDist=950.91 / 1613.42
mLapStartET=142.59 mCurrentET=172.00 Elapsed=29.41 mLapDist=955.01 / 1613.42
mLapStartET=142.59 mCurrentET=172.20 Elapsed=29.61 mLapDist=958.98 / 1613.42
mLapStartET=142.59 mCurrentET=172.40 Elapsed=29.81 mLapDist=962.38 / 1613.42
mLapStartET=142.59 mCurrentET=172.60 Elapsed=30.01 mLapDist=965.86 / 1613.42
mLapStartET=142.59 mCurrentET=172.80 Elapsed=30.21 mLapDist=969.16 / 1613.42
mLapStartET=142.59 mCurrentET=173.00 Elapsed=30.41 mLapDist=972.18 / 1613.42
mLapStartET=142.59 mCurrentET=173.20 Elapsed=30.61 mLapDist=975.30 / 1613.42
mLapStartET=142.59 mCurrentET=173.40 Elapsed=30.81 mLapDist=978.37 / 1613.42
mLapStartET=142.59 mCurrentET=173.60 Elapsed=31.01 mLapDist=981.22 / 1613.42
mLapStartET=142.59 mCurrentET=173.80 Elapsed=31.21 mLapDist=984.37 / 1613.42
mLapStartET=142.59 mCurrentET=174.00 Elapsed=31.41 mLapDist=987.71 / 1613.42
mLapStartET=142.59 mCurrentET=174.20 Elapsed=31.61 mLapDist=990.76 / 1613.42
mLapStartET=142.59 mCurrentET=174.40 Elapsed=31.81 mLapDist=994.49 / 1613.42
mLapStartET=142.59 mCurrentET=174.60 Elapsed=32.01 mLapDist=998.44 / 1613.42
mLapStartET=142.59 mCurrentET=174.80 Elapsed=32.21 mLapDist=1002.24 / 1613.42
mLapStartET=142.59 mCurrentET=175.00 Elapsed=32.41 mLapDist=1006.55 / 1613.42
mLapStartET=142.59 mCurrentET=175.20 Elapsed=32.61 mLapDist=1010.89 / 1613.42
mLapStartET=142.59 mCurrentET=175.40 Elapsed=32.81 mLapDist=1015.41 / 1613.42
mLapStartET=142.59 mCurrentET=175.60 Elapsed=33.01 mLapDist=1020.24 / 1613.42
mLapStartET=142.59 mCurrentET=175.80 Elapsed=33.21 mLapDist=1025.39 / 1613.42
mLapStartET=142.59 mCurrentET=176.00 Elapsed=33.41 mLapDist=1030.84 / 1613.42
mLapStartET=142.59 mCurrentET=176.20 Elapsed=33.61 mLapDist=1036.52 / 1613.42
mLapStartET=142.59 mCurrentET=176.40 Elapsed=33.81 mLapDist=1042.40 / 1613.42
mLapStartET=142.59 mCurrentET=176.60 Elapsed=34.01 mLapDist=1048.49 / 1613.42
mLapStartET=142.59 mCurrentET=176.80 Elapsed=34.21 mLapDist=1054.71 / 1613.42
mLapStartET=142.59 mCurrentET=177.00 Elapsed=34.41 mLapDist=1061.13 / 1613.42
mLapStartET=142.59 mCurrentET=177.20 Elapsed=34.61 mLapDist=1067.79 / 1613.42
mLapStartET=142.59 mCurrentET=177.40 Elapsed=34.81 mLapDist=1074.69 / 1613.42
mLapStartET=142.59 mCurrentET=177.60 Elapsed=35.01 mLapDist=1081.81 / 1613.42
mLapStartET=142.59 mCurrentET=177.80 Elapsed=35.21 mLapDist=1089.09 / 1613.42
mLapStartET=142.59 mCurrentET=178.00 Elapsed=35.41 mLapDist=1096.57 / 1613.42
mLapStartET=142.59 mCurrentET=178.20 Elapsed=35.61 mLapDist=1104.18 / 1613.42
mLapStartET=142.59 mCurrentET=178.40 Elapsed=35.81 mLapDist=1111.95 / 1613.42
mLapStartET=142.59 mCurrentET=178.60 Elapsed=36.01 mLapDist=1119.83 / 1613.42
mLapStartET=142.59 mCurrentET=178.80 Elapsed=36.21 mLapDist=1127.95 / 1613.42
mLapStartET=142.59 mCurrentET=179.00 Elapsed=36.41 mLapDist=1135.97 / 1613.42
mLapStartET=142.59 mCurrentET=179.20 Elapsed=36.61 mLapDist=1143.85 / 1613.42
mLapStartET=142.59 mCurrentET=179.40 Elapsed=36.81 mLapDist=1151.10 / 1613.42
mLapStartET=142.59 mCurrentET=179.60 Elapsed=37.01 mLapDist=1157.88 / 1613.42
mLapStartET=142.59 mCurrentET=179.80 Elapsed=37.21 mLapDist=1163.80 / 1613.42
mLapStartET=142.59 mCurrentET=180.00 Elapsed=37.41 mLapDist=1169.09 / 1613.42
mLapStartET=142.59 mCurrentET=180.20 Elapsed=37.61 mLapDist=1173.76 / 1613.42
mLapStartET=142.59 mCurrentET=180.40 Elapsed=37.81 mLapDist=1177.88 / 1613.42
mLapStartET=142.59 mCurrentET=180.60 Elapsed=38.01 mLapDist=1181.71 / 1613.42
mLapStartET=142.59 mCurrentET=180.80 Elapsed=38.21 mLapDist=1185.37 / 1613.42
mLapStartET=142.59 mCurrentET=181.00 Elapsed=38.41 mLapDist=1189.11 / 1613.42
mLapStartET=142.59 mCurrentET=181.20 Elapsed=38.61 mLapDist=1193.01 / 1613.42
mLapStartET=142.59 mCurrentET=181.40 Elapsed=38.81 mLapDist=1196.54 / 1613.42
mLapStartET=142.59 mCurrentET=181.60 Elapsed=39.01 mLapDist=1200.72 / 1613.42
mLapStartET=142.59 mCurrentET=181.80 Elapsed=39.21 mLapDist=1204.89 / 1613.42
mLapStartET=142.59 mCurrentET=182.00 Elapsed=39.41 mLapDist=1208.76 / 1613.42
mLapStartET=142.59 mCurrentET=182.20 Elapsed=39.61 mLapDist=1212.32 / 1613.42
mLapStartET=142.59 mCurrentET=182.40 Elapsed=39.81 mLapDist=1215.98 / 1613.42
mLapStartET=142.59 mCurrentET=182.60 Elapsed=40.01 mLapDist=1219.67 / 1613.42
mLapStartET=142.59 mCurrentET=182.80 Elapsed=40.21 mLapDist=1223.49 / 1613.42
mLapStartET=142.59 mCurrentET=183.00 Elapsed=40.41 mLapDist=1227.56 / 1613.42
mLapStartET=142.59 mCurrentET=183.20 Elapsed=40.61 mLapDist=1231.93 / 1613.42
mLapStartET=142.59 mCurrentET=183.40 Elapsed=40.81 mLapDist=1236.56 / 1613.42
mLapStartET=142.59 mCurrentET=183.60 Elapsed=41.01 mLapDist=1241.52 / 1613.42
mLapStartET=142.59 mCurrentET=183.80 Elapsed=41.21 mLapDist=1246.78 / 1613.42
mLapStartET=142.59 mCurrentET=184.00 Elapsed=41.41 mLapDist=1252.35 / 1613.42
mLapStartET=142.59 mCurrentET=184.20 Elapsed=41.61 mLapDist=1258.20 / 1613.42
mLapStartET=142.59 mCurrentET=184.40 Elapsed=41.81 mLapDist=1264.31 / 1613.42
mLapStartET=142.59 mCurrentET=184.60 Elapsed=42.01 mLapDist=1270.68 / 1613.42
mLapStartET=142.59 mCurrentET=184.80 Elapsed=42.21 mLapDist=1277.28 / 1613.42
mLapStartET=142.59 mCurrentET=185.00 Elapsed=42.41 mLapDist=1283.99 / 1613.42
mLapStartET=142.59 mCurrentET=185.20 Elapsed=42.61 mLapDist=1290.88 / 1613.42
mLapStartET=142.59 mCurrentET=185.40 Elapsed=42.81 mLapDist=1297.99 / 1613.42
mLapStartET=142.59 mCurrentET=185.60 Elapsed=43.01 mLapDist=1305.30 / 1613.42
mLapStartET=142.59 mCurrentET=185.80 Elapsed=43.21 mLapDist=1312.78 / 1613.42
mLapStartET=142.59 mCurrentET=186.00 Elapsed=43.41 mLapDist=1320.44 / 1613.42
mLapStartET=142.59 mCurrentET=186.20 Elapsed=43.61 mLapDist=1328.26 / 1613.42
mLapStartET=142.59 mCurrentET=186.40 Elapsed=43.81 mLapDist=1336.26 / 1613.42
mLapStartET=142.59 mCurrentET=186.60 Elapsed=44.01 mLapDist=1344.38 / 1613.42
mLapStartET=142.59 mCurrentET=186.80 Elapsed=44.21 mLapDist=1352.50 / 1613.42
mLapStartET=142.59 mCurrentET=187.00 Elapsed=44.41 mLapDist=1360.39 / 1613.42
mLapStartET=142.59 mCurrentET=187.20 Elapsed=44.61 mLapDist=1368.21 / 1613.42
mLapStartET=142.59 mCurrentET=187.40 Elapsed=44.81 mLapDist=1375.95 / 1613.42
mLapStartET=142.59 mCurrentET=187.60 Elapsed=45.01 mLapDist=1383.89 / 1613.42
mLapStartET=142.59 mCurrentET=187.80 Elapsed=45.21 mLapDist=1391.68 / 1613.42
mLapStartET=142.59 mCurrentET=188.00 Elapsed=45.41 mLapDist=1399.77 / 1613.42
mLapStartET=142.59 mCurrentET=188.20 Elapsed=45.61 mLapDist=1407.94 / 1613.42
mLapStartET=142.59 mCurrentET=188.40 Elapsed=45.81 mLapDist=1415.62 / 1613.42
mLapStartET=142.59 mCurrentET=188.60 Elapsed=46.01 mLapDist=1423.39 / 1613.42
mLapStartET=142.59 mCurrentET=188.80 Elapsed=46.21 mLapDist=1430.64 / 1613.42
mLapStartET=142.59 mCurrentET=189.00 Elapsed=46.41 mLapDist=1437.62 / 1613.42
mLapStartET=142.59 mCurrentET=189.20 Elapsed=46.61 mLapDist=1444.22 / 1613.42
mLapStartET=142.59 mCurrentET=189.40 Elapsed=46.81 mLapDist=1450.54 / 1613.42
mLapStartET=142.59 mCurrentET=189.60 Elapsed=47.01 mLapDist=1456.58 / 1613.42
mLapStartET=142.59 mCurrentET=189.80 Elapsed=47.21 mLapDist=1462.40 / 1613.42
mLapStartET=142.59 mCurrentET=190.00 Elapsed=47.41 mLapDist=1468.06 / 1613.42
mLapStartET=142.59 mCurrentET=190.20 Elapsed=47.61 mLapDist=1473.65 / 1613.42
mLapStartET=142.59 mCurrentET=190.40 Elapsed=47.81 mLapDist=1479.04 / 1613.42
mLapStartET=142.59 mCurrentET=190.60 Elapsed=48.01 mLapDist=1484.60 / 1613.42
mLapStartET=142.59 mCurrentET=190.80 Elapsed=48.21 mLapDist=1490.06 / 1613.42
mLapStartET=142.59 mCurrentET=191.00 Elapsed=48.41 mLapDist=1495.38 / 1613.42
mLapStartET=142.59 mCurrentET=191.20 Elapsed=48.61 mLapDist=1500.57 / 1613.42
mLapStartET=142.59 mCurrentET=191.40 Elapsed=48.81 mLapDist=1505.61 / 1613.42
mLapStartET=142.59 mCurrentET=191.60 Elapsed=49.01 mLapDist=1510.39 / 1613.42
mLapStartET=142.59 mCurrentET=191.80 Elapsed=49.21 mLapDist=1515.09 / 1613.42
mLapStartET=142.59 mCurrentET=192.00 Elapsed=49.41 mLapDist=1519.72 / 1613.42
mLapStartET=142.59 mCurrentET=192.20 Elapsed=49.61 mLapDist=1524.21 / 1613.42
mLapStartET=142.59 mCurrentET=192.40 Elapsed=49.81 mLapDist=1528.47 / 1613.42
mLapStartET=142.59 mCurrentET=192.60 Elapsed=50.01 mLapDist=1532.55 / 1613.42
mLapStartET=142.59 mCurrentET=192.80 Elapsed=50.21 mLapDist=1536.57 / 1613.42
mLapStartET=142.59 mCurrentET=193.00 Elapsed=50.41 mLapDist=1540.58 / 1613.42
mLapStartET=142.59 mCurrentET=193.20 Elapsed=50.61 mLapDist=1544.67 / 1613.42
mLapStartET=142.59 mCurrentET=193.40 Elapsed=50.81 mLapDist=1548.95 / 1613.42
mLapStartET=142.59 mCurrentET=193.60 Elapsed=51.01 mLapDist=1553.50 / 1613.42
mLapStartET=142.59 mCurrentET=193.80 Elapsed=51.21 mLapDist=1558.30 / 1613.42
mLapStartET=142.59 mCurrentET=194.00 Elapsed=51.41 mLapDist=1563.30 / 1613.42
mLapStartET=142.59 mCurrentET=194.20 Elapsed=51.61 mLapDist=1568.51 / 1613.42
mLapStartET=142.59 mCurrentET=194.40 Elapsed=51.81 mLapDist=1573.94 / 1613.42
mLapStartET=142.59 mCurrentET=194.60 Elapsed=52.01 mLapDist=1579.60 / 1613.42
mLapStartET=142.59 mCurrentET=194.80 Elapsed=52.21 mLapDist=1585.49 / 1613.42
mLapStartET=142.59 mCurrentET=195.00 Elapsed=52.41 mLapDist=1591.59 / 1613.42
mLapStartET=142.59 mCurrentET=195.20 Elapsed=52.61 mLapDist=1597.91 / 1613.42
mLapStartET=142.59 mCurrentET=195.40 Elapsed=52.81 mLapDist=1604.46 / 1613.42
mLapStartET=195.58 mCurrentET=195.60 Elapsed=0.02 mLapDist=-2.20 / 1613.42
mLapStartET=195.58 mCurrentET=195.80 Elapsed=0.22 mLapDist=4.77 / 1613.42
mLapStartET=195.58 mCurrentET=196.00 Elapsed=0.42 mLapDist=11.95 / 1613.42
mLapStartET=195.58 mCurrentET=196.20 Elapsed=0.62 mLapDist=19.35 / 1613.42
mLapStartET=195.58 mCurrentET=196.40 Elapsed=0.82 mLapDist=26.91 / 1613.42
mLapStartET=195.58 mCurrentET=196.60 Elapsed=1.02 mLapDist=34.67 / 1613.42
mLapStartET=195.58 mCurrentET=196.80 Elapsed=1.22 mLapDist=42.60 / 1613.42
mLapStartET=195.58 mCurrentET=197.00 Elapsed=1.42 mLapDist=50.71 / 1613.42
mLapStartET=195.58 mCurrentET=197.20 Elapsed=1.62 mLapDist=58.89 / 1613.42
mLapStartET=195.58 mCurrentET=197.40 Elapsed=1.82 mLapDist=67.21 / 1613.42
mLapStartET=195.58 mCurrentET=197.60 Elapsed=2.02 mLapDist=75.69 / 1613.42
mLapStartET=195.58 mCurrentET=197.80 Elapsed=2.22 mLapDist=84.34 / 1613.42
mLapStartET=195.58 mCurrentET=198.00 Elapsed=2.42 mLapDist=93.14 / 1613.42
mLapStartET=195.58 mCurrentET=198.20 Elapsed=2.62 mLapDist=102.08 / 1613.42
mLapStartET=195.58 mCurrentET=198.40 Elapsed=2.82 mLapDist=111.17 / 1613.42
mLapStartET=195.58 mCurrentET=198.60 Elapsed=3.02 mLapDist=120.38 / 1613.42
mLapStartET=195.58 mCurrentET=198.80 Elapsed=3.22 mLapDist=129.73 / 1613.42
mLapStartET=195.58 mCurrentET=199.00 Elapsed=3.42 mLapDist=139.21 / 1613.42
mLapStartET=195.58 mCurrentET=199.20 Elapsed=3.62 mLapDist=148.82 / 1613.42
mLapStartET=195.58 mCurrentET=199.40 Elapsed=3.82 mLapDist=158.47 / 1613.42
mLapStartET=195.58 mCurrentET=199.60 Elapsed=4.02 mLapDist=168.22 / 1613.42
mLapStartET=195.58 mCurrentET=199.80 Elapsed=4.22 mLapDist=178.10 / 1613.42
mLapStartET=195.58 mCurrentET=200.00 Elapsed=4.42 mLapDist=188.08 / 1613.42
mLapStartET=195.58 mCurrentET=200.20 Elapsed=4.62 mLapDist=197.73 / 1613.42
mLapStartET=195.58 mCurrentET=200.40 Elapsed=4.82 mLapDist=206.71 / 1613.42
mLapStartET=195.58 mCurrentET=200.60 Elapsed=5.02 mLapDist=214.99 / 1613.42
mLapStartET=195.58 mCurrentET=200.80 Elapsed=5.22 mLapDist=222.81 / 1613.42
mLapStartET=195.58 mCurrentET=201.00 Elapsed=5.42 mLapDist=230.34 / 1613.42
mLapStartET=195.58 mCurrentET=201.20 Elapsed=5.62 mLapDist=237.48 / 1613.42
mLapStartET=195.58 mCurrentET=201.40 Elapsed=5.82 mLapDist=244.19 / 1613.42
mLapStartET=195.58 mCurrentET=201.60 Elapsed=6.02 mLapDist=250.46 / 1613.42
mLapStartET=195.58 mCurrentET=201.80 Elapsed=6.22 mLapDist=256.29 / 1613.42
mLapStartET=195.58 mCurrentET=202.00 Elapsed=6.42 mLapDist=261.71 / 1613.42
mLapStartET=195.58 mCurrentET=202.20 Elapsed=6.62 mLapDist=266.79 / 1613.42
mLapStartET=195.58 mCurrentET=202.40 Elapsed=6.82 mLapDist=271.47 / 1613.42
mLapStartET=195.58 mCurrentET=202.60 Elapsed=7.02 mLapDist=275.80 / 1613.42
mLapStartET=195.58 mCurrentET=202.80 Elapsed=7.22 mLapDist=279.87 / 1613.42
mLapStartET=195.58 mCurrentET=203.00 Elapsed=7.42 mLapDist=283.63 / 1613.42
mLapStartET=195.58 mCurrentET=203.20 Elapsed=7.62 mLapDist=287.16 / 1613.42
mLapStartET=195.58 mCurrentET=203.40 Elapsed=7.82 mLapDist=290.92 / 1613.42
mLapStartET=195.58 mCurrentET=203.60 Elapsed=8.02 mLapDist=295.09 / 1613.42
mLapStartET=195.58 mCurrentET=203.80 Elapsed=8.22 mLapDist=299.70 / 1613.42
mLapStartET=195.58 mCurrentET=204.00 Elapsed=8.42 mLapDist=304.54 / 1613.42
mLapStartET=195.58 mCurrentET=204.20 Elapsed=8.62 mLapDist=309.50 / 1613.42
mLapStartET=195.58 mCurrentET=204.40 Elapsed=8.82 mLapDist=314.56 / 1613.42
mLapStartET=195.58 mCurrentET=204.60 Elapsed=9.02 mLapDist=319.59 / 1613.42
mLapStartET=195.58 mCurrentET=204.80 Elapsed=9.22 mLapDist=324.22 / 1613.42
mLapStartET=195.58 mCurrentET=205.00 Elapsed=9.42 mLapDist=328.15 / 1613.42
mLapStartET=195.58 mCurrentET=205.20 Elapsed=9.62 mLapDist=331.15 / 1613.42
mLapStartET=195.58 mCurrentET=205.40 Elapsed=9.82 mLapDist=334.62 / 1613.42
mLapStartET=195.58 mCurrentET=205.60 Elapsed=10.02 mLapDist=338.05 / 1613.42
mLapStartET=195.58 mCurrentET=205.80 Elapsed=10.22 mLapDist=341.45 / 1613.42
mLapStartET=195.58 mCurrentET=206.00 Elapsed=10.42 mLapDist=345.25 / 1613.42
mLapStartET=195.58 mCurrentET=206.20 Elapsed=10.62 mLapDist=349.24 / 1613.42
mLapStartET=195.58 mCurrentET=206.40 Elapsed=10.82 mLapDist=353.45 / 1613.42
mLapStartET=195.58 mCurrentET=206.60 Elapsed=11.02 mLapDist=357.94 / 1613.42
mLapStartET=195.58 mCurrentET=206.80 Elapsed=11.22 mLapDist=362.71 / 1613.42
mLapStartET=195.58 mCurrentET=207.00 Elapsed=11.42 mLapDist=367.77 / 1613.42
mLapStartET=195.58 mCurrentET=207.20 Elapsed=11.62 mLapDist=373.12 / 1613.42
mLapStartET=195.58 mCurrentET=207.40 Elapsed=11.82 mLapDist=378.73 / 1613.42
mLapStartET=195.58 mCurrentET=207.60 Elapsed=12.02 mLapDist=384.59 / 1613.42
mLapStartET=195.58 mCurrentET=207.80 Elapsed=12.22 mLapDist=390.66 / 1613.42
mLapStartET=195.58 mCurrentET=208.00 Elapsed=12.42 mLapDist=396.94 / 1613.42
mLapStartET=195.58 mCurrentET=208.20 Elapsed=12.62 mLapDist=403.61 / 1613.42
mLapStartET=195.58 mCurrentET=208.40 Elapsed=12.82 mLapDist=410.43 / 1613.42
mLapStartET=195.58 mCurrentET=208.60 Elapsed=13.02 mLapDist=417.59 / 1613.42
mLapStartET=195.58 mCurrentET=208.80 Elapsed=13.22 mLapDist=424.64 / 1613.42
mLapStartET=195.58 mCurrentET=209.00 Elapsed=13.42 mLapDist=431.74 / 1613.42
mLapStartET=195.58 mCurrentET=209.20 Elapsed=13.62 mLapDist=438.92 / 1613.42
mLapStartET=195.58 mCurrentET=209.40 Elapsed=13.82 mLapDist=446.21 / 1613.42
mLapStartET=195.58 mCurrentET=209.60 Elapsed=14.02 mLapDist=453.98 / 1613.42
mLapStartET=195.58 mCurrentET=209.80 Elapsed=14.22 mLapDist=462.10 / 1613.42
mLapStartET=195.58 mCurrentET=210.00 Elapsed=14.42 mLapDist=470.97 / 1613.42
mLapStartET=195.58 mCurrentET=210.20 Elapsed=14.62 mLapDist=479.86 / 1613.42
mLapStartET=195.58 mCurrentET=210.40 Elapsed=14.82 mLapDist=488.44 / 1613.42
mLapStartET=195.58 mCurrentET=210.60 Elapsed=15.02 mLapDist=496.95 / 1613.42
mLapStartET=195.58 mCurrentET=210.80 Elapsed=15.22 mLapDist=505.55 / 1613.42
mLapStartET=195.58 mCurrentET=211.00 Elapsed=15.42 mLapDist=514.34 / 1613.42
mLapStartET=195.58 mCurrentET=211.20 Elapsed=15.62 mLapDist=523.29 / 1613.42
mLapStartET=195.58 mCurrentET=211.40 Elapsed=15.82 mLapDist=532.37 / 1613.42
mLapStartET=195.58 mCurrentET=211.60 Elapsed=16.02 mLapDist=541.58 / 1613.42
mLapStartET=195.58 mCurrentET=211.80 Elapsed=16.22 mLapDist=550.92 / 1613.42
mLapStartET=195.58 mCurrentET=212.00 Elapsed=16.42 mLapDist=560.37 / 1613.42
mLapStartET=195.58 mCurrentET=212.20 Elapsed=16.62 mLapDist=569.93 / 1613.42
mLapStartET=195.58 mCurrentET=212.40 Elapsed=16.82 mLapDist=579.61 / 1613.42
mLapStartET=195.58 mCurrentET=212.60 Elapsed=17.02 mLapDist=589.39 / 1613.42
mLapStartET=195.58 mCurrentET=212.80 Elapsed=17.22 mLapDist=599.26 / 1613.42
mLapStartET=195.58 mCurrentET=213.00 Elapsed=17.42 mLapDist=609.23 / 1613.42
mLapStartET=195.58 mCurrentET=213.20 Elapsed=17.62 mLapDist=619.27 / 1613.42
mLapStartET=195.58 mCurrentET=213.40 Elapsed=17.82 mLapDist=629.36 / 1613.42
mLapStartET=195.58 mCurrentET=213.60 Elapsed=18.02 mLapDist=639.55 / 1613.42
mLapStartET=195.58 mCurrentET=213.80 Elapsed=18.22 mLapDist=649.84 / 1613.42
mLapStartET=195.58 mCurrentET=214.00 Elapsed=18.42 mLapDist=660.15 / 1613.42
mLapStartET=195.58 mCurrentET=214.20 Elapsed=18.62 mLapDist=670.02 / 1613.42
mLapStartET=195.58 mCurrentET=214.40 Elapsed=18.82 mLapDist=679.27 / 1613.42
mLapStartET=195.58 mCurrentET=214.60 Elapsed=19.02 mLapDist=687.92 / 1613.42
mLapStartET=195.58 mCurrentET=214.80 Elapsed=19.22 mLapDist=696.07 / 1613.42
mLapStartET=195.58 mCurrentET=215.00 Elapsed=19.42 mLapDist=703.70 / 1613.42
mLapStartET=195.58 mCurrentET=215.20 Elapsed=19.62 mLapDist=710.82 / 1613.42
mLapStartET=195.58 mCurrentET=215.40 Elapsed=19.82 mLapDist=717.73 / 1613.42
mLapStartET=195.58 mCurrentET=215.60 Elapsed=20.02 mLapDist=724.35 / 1613.42
mLapStartET=195.58 mCurrentET=215.80 Elapsed=20.22 mLapDist=730.77 / 1613.42
mLapStartET=195.58 mCurrentET=216.00 Elapsed=20.42 mLapDist=736.94 / 1613.42
mLapStartET=195.58 mCurrentET=216.20 Elapsed=20.62 mLapDist=743.51 / 1613.42
mLapStartET=195.58 mCurrentET=216.40 Elapsed=20.82 mLapDist=748.92 / 1613.42
mLapStartET=195.58 mCurrentET=216.60 Elapsed=21.02 mLapDist=753.90 / 1613.42
mLapStartET=195.58 mCurrentET=216.80 Elapsed=21.22 mLapDist=758.46 / 1613.42
mLapStartET=195.58 mCurrentET=217.00 Elapsed=21.42 mLapDist=762.61 / 1613.42
mLapStartET=195.58 mCurrentET=217.20 Elapsed=21.62 mLapDist=766.43 / 1613.42
mLapStartET=195.58 mCurrentET=217.40 Elapsed=21.82 mLapDist=770.18 / 1613.42
mLapStartET=195.58 mCurrentET=217.60 Elapsed=22.02 mLapDist=773.80 / 1613.42
mLapStartET=195.58 mCurrentET=217.80 Elapsed=22.22 mLapDist=777.45 / 1613.42
mLapStartET=195.58 mCurrentET=218.00 Elapsed=22.42 mLapDist=781.00 / 1613.42
mLapStartET=195.58 mCurrentET=218.20 Elapsed=22.62 mLapDist=784.62 / 1613.42
mLapStartET=195.58 mCurrentET=218.40 Elapsed=22.82 mLapDist=788.42 / 1613.42
mLapStartET=195.58 mCurrentET=218.60 Elapsed=23.02 mLapDist=792.38 / 1613.42
mLapStartET=195.58 mCurrentET=218.80 Elapsed=23.22 mLapDist=796.77 / 1613.42
mLapStartET=195.58 mCurrentET=219.00 Elapsed=23.42 mLapDist=801.55 / 1613.42
mLapStartET=195.58 mCurrentET=219.20 Elapsed=23.62 mLapDist=806.70 / 1613.42
mLapStartET=195.58 mCurrentET=219.40 Elapsed=23.82 mLapDist=812.17 / 1613.42
mLapStartET=195.58 mCurrentET=219.60 Elapsed=24.02 mLapDist=818.18 / 1613.42
mLapStartET=195.58 mCurrentET=219.80 Elapsed=24.22 mLapDist=823.87 / 1613.42
mLapStartET=195.58 mCurrentET=220.00 Elapsed=24.42 mLapDist=829.52 / 1613.42
mLapStartET=195.58 mCurrentET=220.20 Elapsed=24.62 mLapDist=835.15 / 1613.42
mLapStartET=195.58 mCurrentET=220.40 Elapsed=24.82 mLapDist=840.80 / 1613.42
mLapStartET=195.58 mCurrentET=220.60 Elapsed=25.02 mLapDist=846.42 / 1613.42
mLapStartET=195.58 mCurrentET=220.80 Elapsed=25.22 mLapDist=851.92 / 1613.42
mLapStartET=195.58 mCurrentET=221.00 Elapsed=25.42 mLapDist=857.17 / 1613.42
mLapStartET=195.58 mCurrentET=221.20 Elapsed=25.62 mLapDist=862.08 / 1613.42
mLapStartET=195.58 mCurrentET=221.40 Elapsed=25.82 mLapDist=866.55 / 1613.42
mLapStartET=195.58 mCurrentET=221.60 Elapsed=26.02 mLapDist=870.54 / 1613.42
mLapStartET=195.58 mCurrentET=221.80 Elapsed=26.22 mLapDist=874.10 / 1613.42
mLapStartET=195.58 mCurrentET=222.00 Elapsed=26.42 mLapDist=876.93 / 1613.42
mLapStartET=195.58 mCurrentET=222.20 Elapsed=26.62 mLapDist=879.45 / 1613.42
mLapStartET=195.58 mCurrentET=222.40 Elapsed=26.82 mLapDist=881.86 / 1613.42
mLapStartET=195.58 mCurrentET=222.60 Elapsed=27.02 mLapDist=884.27 / 1613.42
mLapStartET=195.58 mCurrentET=222.80 Elapsed=27.22 mLapDist=886.62 / 1613.42
mLapStartET=195.58 mCurrentET=223.00 Elapsed=27.42 mLapDist=888.94 / 1613.42
mLapStartET=195.58 mCurrentET=223.20 Elapsed=27.62 mLapDist=891.17 / 1613.42
mLapStartET=195.58 mCurrentET=223.40 Elapsed=27.82 mLapDist=893.34 / 1613.42
mLapStartET=195.58 mCurrentET=223.60 Elapsed=28.02 mLapDist=895.43 / 1613.42
mLapStartET=195.58 mCurrentET=223.80 Elapsed=28.22 mLapDist=897.50 / 1613.42
mLapStartET=195.58 mCurrentET=224.00 Elapsed=28.42 mLapDist=899.56 / 1613.42
mLapStartET=195.58 mCurrentET=224.20 Elapsed=28.62 mLapDist=901.61 / 1613.42
mLapStartET=195.58 mCurrentET=224.40 Elapsed=28.82 mLapDist=903.67 / 1613.42
mLapStartET=195.58 mCurrentET=224.60 Elapsed=29.02 mLapDist=905.72 / 1613.42
mLapStartET=195.58 mCurrentET=224.80 Elapsed=29.22 mLapDist=907.76 / 1613.42
mLapStartET=195.58 mCurrentET=225.00 Elapsed=29.42 mLapDist=909.79 / 1613.42
mLapStartET=195.58 mCurrentET=225.20 Elapsed=29.62 mLapDist=911.81 / 1613.42
mLapStartET=195.58 mCurrentET=225.40 Elapsed=29.82 mLapDist=913.82 / 1613.42
mLapStartET=195.58 mCurrentET=225.60 Elapsed=30.02 mLapDist=915.82 / 1613.42
mLapStartET=195.58 mCurrentET=225.80 Elapsed=30.22 mLapDist=917.79 / 1613.42
mLapStartET=195.58 mCurrentET=226.00 Elapsed=30.42 mLapDist=919.65 / 1613.42
mLapStartET=195.58 mCurrentET=226.20 Elapsed=30.62 mLapDist=921.11 / 1613.42
mLapStartET=195.58 mCurrentET=226.40 Elapsed=30.82 mLapDist=922.10 / 1613.42
mLapStartET=195.58 mCurrentET=226.60 Elapsed=31.02 mLapDist=922.55 / 1613.42
mLapStartET=195.58 mCurrentET=226.80 Elapsed=31.22 mLapDist=922.59 / 1613.42
mLapStartET=195.58 mCurrentET=227.00 Elapsed=31.42 mLapDist=922.59 / 1613.42
mLapStartET=195.58 mCurrentET=227.20 Elapsed=31.62 mLapDist=922.59 / 1613.42
mLapStartET=195.58 mCurrentET=227.40 Elapsed=31.82 mLapDist=922.59 / 1613.42
---EXITREALTIME---
mLapStartET=227.46 mCurrentET=227.60 Elapsed=0.14 mLapDist=2.14 / 1613.42
mLapStartET=227.46 mCurrentET=227.80 Elapsed=0.34 mLapDist=2.14 / 1613.42
mLapStartET=227.46 mCurrentET=228.00 Elapsed=0.54 mLapDist=2.14 / 1613.42
mLapStartET=227.46 mCurrentET=228.20 Elapsed=0.74 mLapDist=2.14 / 1613.42
mLapStartET=227.46 mCurrentET=228.40 Elapsed=0.94 mLapDist=2.14 / 1613.42
mLapStartET=227.46 mCurrentET=228.60 Elapsed=1.14 mLapDist=2.14 / 1613.42
mLapStartET=227.46 mCurrentET=228.80 Elapsed=1.34 mLapDist=2.14 / 1613.42
mLapStartET=227.46 mCurrentET=229.00 Elapsed=1.54 mLapDist=2.14 / 1613.42
mLapStartET=227.46 mCurrentET=229.20 Elapsed=1.74 mLapDist=2.14 / 1613.42
mLapStartET=227.46 mCurrentET=229.40 Elapsed=1.94 mLapDist=2.14 / 1613.42
mLapStartET=227.46 mCurrentET=229.60 Elapsed=2.14 mLapDist=2.14 / 1613.42
mLapStartET=227.46 mCurrentET=229.80 Elapsed=2.34 mLapDist=2.14 / 1613.42
mLapStartET=227.46 mCurrentET=230.00 Elapsed=2.54 mLapDist=2.14 / 1613.42
mLapStartET=227.46 mCurrentET=230.20 Elapsed=2.74 mLapDist=2.14 / 1613.42
mLapStartET=227.46 mCurrentET=230.40 Elapsed=2.94 mLapDist=2.14 / 1613.42
mLapStartET=227.46 mCurrentET=230.60 Elapsed=3.14 mLapDist=2.14 / 1613.42
mLapStartET=227.46 mCurrentET=230.80 Elapsed=3.34 mLapDist=2.14 / 1613.42
mLapStartET=227.46 mCurrentET=231.00 Elapsed=3.54 mLapDist=2.14 / 1613.42
mLapStartET=227.46 mCurrentET=231.20 Elapsed=3.74 mLapDist=2.14 / 1613.42
mLapStartET=227.46 mCurrentET=231.40 Elapsed=3.94 mLapDist=2.14 / 1613.42
mLapStartET=227.46 mCurrentET=231.60 Elapsed=4.14 mLapDist=2.14 / 1613.42
--ENDSESSION--
